e:\metin2\c++\client\heavenly hope - source\client\scriptlib\debug\scriptlib.bsc
e:\metin2\c++\client\heavenly hope - source\client\scriptlib\debug\scriptlib.pch
e:\metin2\c++\client\heavenly hope - source\client\scriptlib\debug\vc120.pdb
e:\metin2\c++\client\heavenly hope - source\client\scriptlib\debug\stdafx.sbr
e:\metin2\c++\client\heavenly hope - source\client\scriptlib\debug\stdafx.obj
e:\metin2\c++\client\heavenly hope - source\client\scriptlib\debug\resource.obj
e:\metin2\c++\client\heavenly hope - source\client\scriptlib\debug\pythonutils.obj
e:\metin2\c++\client\heavenly hope - source\client\scriptlib\debug\pythonmarshal.obj
e:\metin2\c++\client\heavenly hope - source\client\scriptlib\debug\pythonlauncher.obj
e:\metin2\c++\client\heavenly hope - source\client\scriptlib\debug\pythondebugmodule.obj
e:\metin2\c++\client\heavenly hope - source\client\scriptlib\debug\scriptlib.lib
e:\metin2\c++\client\heavenly hope - source\client\scriptlib\.\debug\scriptlib.lib
e:\metin2\c++\client\heavenly hope - source\client\scriptlib\debug\scriptlib.tlog\bscmake.command.1.tlog
e:\metin2\c++\client\heavenly hope - source\client\scriptlib\debug\scriptlib.tlog\bscmake.read.1.tlog
e:\metin2\c++\client\heavenly hope - source\client\scriptlib\debug\scriptlib.tlog\bscmake.write.1.tlog
e:\metin2\c++\client\heavenly hope - source\client\scriptlib\debug\scriptlib.tlog\cl.command.1.tlog
e:\metin2\c++\client\heavenly hope - source\client\scriptlib\debug\scriptlib.tlog\cl.read.1.tlog
e:\metin2\c++\client\heavenly hope - source\client\scriptlib\debug\scriptlib.tlog\cl.write.1.tlog
e:\metin2\c++\client\heavenly hope - source\client\scriptlib\debug\scriptlib.tlog\lib-link.read.1.tlog
e:\metin2\c++\client\heavenly hope - source\client\scriptlib\debug\scriptlib.tlog\lib-link.write.1.tlog
e:\metin2\c++\client\heavenly hope - source\client\scriptlib\debug\scriptlib.tlog\lib.command.1.tlog
