e:\metin2\c++\client\heavenly hope - source\client\scriptlib\distribute\scriptlib.pch
e:\metin2\c++\client\heavenly hope - source\client\scriptlib\distribute\vc120.pdb
e:\metin2\c++\client\heavenly hope - source\client\scriptlib\distribute\stdafx.obj
e:\metin2\c++\client\heavenly hope - source\client\scriptlib\distribute\stdafx.cod
e:\metin2\c++\client\heavenly hope - source\client\scriptlib\distribute\resource.obj
e:\metin2\c++\client\heavenly hope - source\client\scriptlib\distribute\resource.cod
e:\metin2\c++\client\heavenly hope - source\client\scriptlib\distribute\pythonutils.obj
e:\metin2\c++\client\heavenly hope - source\client\scriptlib\distribute\pythonutils.cod
e:\metin2\c++\client\heavenly hope - source\client\scriptlib\distribute\pythonmarshal.obj
e:\metin2\c++\client\heavenly hope - source\client\scriptlib\distribute\pythonmarshal.cod
e:\metin2\c++\client\heavenly hope - source\client\scriptlib\distribute\pythonlauncher.obj
e:\metin2\c++\client\heavenly hope - source\client\scriptlib\distribute\pythonlauncher.cod
e:\metin2\c++\client\heavenly hope - source\client\scriptlib\distribute\pythondebugmodule.obj
e:\metin2\c++\client\heavenly hope - source\client\scriptlib\distribute\pythondebugmodule.cod
e:\metin2\c++\client\heavenly hope - source\client\scriptlib\distribute\scriptlib.lib
e:\metin2\c++\client\heavenly hope - source\client\scriptlib\.\distribute\scriptlib.lib
e:\metin2\c++\client\heavenly hope - source\client\scriptlib\distribute\scriptlib.tlog\cl.command.1.tlog
e:\metin2\c++\client\heavenly hope - source\client\scriptlib\distribute\scriptlib.tlog\cl.read.1.tlog
e:\metin2\c++\client\heavenly hope - source\client\scriptlib\distribute\scriptlib.tlog\cl.read.2.tlog
e:\metin2\c++\client\heavenly hope - source\client\scriptlib\distribute\scriptlib.tlog\cl.read.3.tlog
e:\metin2\c++\client\heavenly hope - source\client\scriptlib\distribute\scriptlib.tlog\cl.read.4.tlog
e:\metin2\c++\client\heavenly hope - source\client\scriptlib\distribute\scriptlib.tlog\cl.read.5.tlog
e:\metin2\c++\client\heavenly hope - source\client\scriptlib\distribute\scriptlib.tlog\cl.write.1.tlog
e:\metin2\c++\client\heavenly hope - source\client\scriptlib\distribute\scriptlib.tlog\lib-link.read.1.tlog
e:\metin2\c++\client\heavenly hope - source\client\scriptlib\distribute\scriptlib.tlog\lib-link.write.1.tlog
e:\metin2\c++\client\heavenly hope - source\client\scriptlib\distribute\scriptlib.tlog\lib.command.1.tlog
