e:\metin2\c++\client\heavenly hope - source\client\spherelib\distribute\spherelib.pch
e:\metin2\c++\client\heavenly hope - source\client\spherelib\distribute\vc120.pdb
e:\metin2\c++\client\heavenly hope - source\client\spherelib\distribute\stdafx.obj
e:\metin2\c++\client\heavenly hope - source\client\spherelib\distribute\stdafx.cod
e:\metin2\c++\client\heavenly hope - source\client\spherelib\distribute\spherepack.obj
e:\metin2\c++\client\heavenly hope - source\client\spherelib\distribute\spherepack.cod
e:\metin2\c++\client\heavenly hope - source\client\spherelib\distribute\sphere.obj
e:\metin2\c++\client\heavenly hope - source\client\spherelib\distribute\sphere.cod
e:\metin2\c++\client\heavenly hope - source\client\spherelib\distribute\frustum.obj
e:\metin2\c++\client\heavenly hope - source\client\spherelib\distribute\frustum.cod
e:\metin2\c++\client\heavenly hope - source\client\spherelib\distribute\spherelib.lib
e:\metin2\c++\client\heavenly hope - source\client\spherelib\.\distribute\spherelib.lib
e:\metin2\c++\client\heavenly hope - source\client\spherelib\distribute\spherelib.tlog\cl.command.1.tlog
e:\metin2\c++\client\heavenly hope - source\client\spherelib\distribute\spherelib.tlog\cl.read.1.tlog
e:\metin2\c++\client\heavenly hope - source\client\spherelib\distribute\spherelib.tlog\cl.read.2.tlog
e:\metin2\c++\client\heavenly hope - source\client\spherelib\distribute\spherelib.tlog\cl.read.3.tlog
e:\metin2\c++\client\heavenly hope - source\client\spherelib\distribute\spherelib.tlog\cl.read.4.tlog
e:\metin2\c++\client\heavenly hope - source\client\spherelib\distribute\spherelib.tlog\cl.read.5.tlog
e:\metin2\c++\client\heavenly hope - source\client\spherelib\distribute\spherelib.tlog\cl.write.1.tlog
e:\metin2\c++\client\heavenly hope - source\client\spherelib\distribute\spherelib.tlog\lib-link.read.1.tlog
e:\metin2\c++\client\heavenly hope - source\client\spherelib\distribute\spherelib.tlog\lib-link.write.1.tlog
e:\metin2\c++\client\heavenly hope - source\client\spherelib\distribute\spherelib.tlog\lib.command.1.tlog
