e:\metin2\c++\client\heavenly hope - source\client\bin\heavenly-hope_release.bsc
e:\metin2\c++\client\heavenly hope - source\client\userinterface\release\userinterface.pch
e:\metin2\c++\client\heavenly hope - source\client\userinterface\release\vc120.pdb
e:\metin2\c++\client\heavenly hope - source\client\userinterface\release\stdafx.sbr
e:\metin2\c++\client\heavenly hope - source\client\userinterface\release\stdafx.obj
e:\metin2\c++\client\heavenly hope - source\client\userinterface\release\affectflagcontainer.sbr
e:\metin2\c++\client\heavenly hope - source\client\userinterface\release\instancebase.sbr
e:\metin2\c++\client\heavenly hope - source\client\userinterface\release\instancebasebattle.sbr
e:\metin2\c++\client\heavenly hope - source\client\userinterface\release\instancebaseeffect.sbr
e:\metin2\c++\client\heavenly hope - source\client\userinterface\release\instancebaseevent.sbr
e:\metin2\c++\client\heavenly hope - source\client\userinterface\release\instancebasemotion.sbr
e:\metin2\c++\client\heavenly hope - source\client\userinterface\release\instancebasemovement.sbr
e:\metin2\c++\client\heavenly hope - source\client\userinterface\release\instancebasetransform.sbr
e:\metin2\c++\client\heavenly hope - source\client\userinterface\release\cameraprocedure.sbr
e:\metin2\c++\client\heavenly hope - source\client\userinterface\release\md5.sbr
e:\metin2\c++\client\heavenly hope - source\client\userinterface\release\pythonbackground.sbr
e:\metin2\c++\client\heavenly hope - source\client\userinterface\release\pythonbackgroundmodule.sbr
e:\metin2\c++\client\heavenly hope - source\client\userinterface\release\pythoncharactermanager.sbr
e:\metin2\c++\client\heavenly hope - source\client\userinterface\release\pythoncharactermanagermodule.sbr
e:\metin2\c++\client\heavenly hope - source\client\userinterface\release\pythoncharactermodule.sbr
e:\metin2\c++\client\heavenly hope - source\client\userinterface\release\pythoneffectmodule.sbr
e:\metin2\c++\client\heavenly hope - source\client\userinterface\release\pythoneventmanager.sbr
e:\metin2\c++\client\heavenly hope - source\client\userinterface\release\pythoneventmanagermoudle.sbr
e:\metin2\c++\client\heavenly hope - source\client\userinterface\release\pythongameeventmanagermodule.sbr
e:\metin2\c++\client\heavenly hope - source\client\userinterface\release\pythonitem.sbr
e:\metin2\c++\client\heavenly hope - source\client\userinterface\release\pythonitem.obj
e:\metin2\c++\client\heavenly hope - source\client\userinterface\release\pythongameeventmanagermodule.obj
e:\metin2\c++\client\heavenly hope - source\client\userinterface\release\pythoneventmanagermoudle.obj
e:\metin2\c++\client\heavenly hope - source\client\userinterface\release\pythoneventmanager.obj
e:\metin2\c++\client\heavenly hope - source\client\userinterface\release\pythoneffectmodule.obj
e:\metin2\c++\client\heavenly hope - source\client\userinterface\release\pythoncharactermodule.obj
e:\metin2\c++\client\heavenly hope - source\client\userinterface\release\pythoncharactermanagermodule.obj
e:\metin2\c++\client\heavenly hope - source\client\userinterface\release\pythoncharactermanager.obj
e:\metin2\c++\client\heavenly hope - source\client\userinterface\release\pythonbackgroundmodule.obj
e:\metin2\c++\client\heavenly hope - source\client\userinterface\release\pythonbackground.obj
e:\metin2\c++\client\heavenly hope - source\client\userinterface\release\md5.obj
e:\metin2\c++\client\heavenly hope - source\client\userinterface\release\cameraprocedure.obj
e:\metin2\c++\client\heavenly hope - source\client\userinterface\release\instancebasetransform.obj
e:\metin2\c++\client\heavenly hope - source\client\userinterface\release\instancebasemovement.obj
e:\metin2\c++\client\heavenly hope - source\client\userinterface\release\instancebasemotion.obj
e:\metin2\c++\client\heavenly hope - source\client\userinterface\release\instancebaseevent.obj
e:\metin2\c++\client\heavenly hope - source\client\userinterface\release\instancebaseeffect.obj
e:\metin2\c++\client\heavenly hope - source\client\userinterface\release\instancebasebattle.obj
e:\metin2\c++\client\heavenly hope - source\client\userinterface\release\instancebase.obj
e:\metin2\c++\client\heavenly hope - source\client\userinterface\release\affectflagcontainer.obj
e:\metin2\c++\client\heavenly hope - source\client\userinterface\release\pythonitemmodule.sbr
e:\metin2\c++\client\heavenly hope - source\client\userinterface\release\pythonnonplayer.sbr
e:\metin2\c++\client\heavenly hope - source\client\userinterface\release\pythonnonplayermodule.sbr
e:\metin2\c++\client\heavenly hope - source\client\userinterface\release\pythonplayer.sbr
e:\metin2\c++\client\heavenly hope - source\client\userinterface\release\pythonplayereventhandler.sbr
e:\metin2\c++\client\heavenly hope - source\client\userinterface\release\pythonplayerinput.sbr
e:\metin2\c++\client\heavenly hope - source\client\userinterface\release\pythonplayerinputkeyboard.sbr
e:\metin2\c++\client\heavenly hope - source\client\userinterface\release\pythonplayerinputmouse.sbr
e:\metin2\c++\client\heavenly hope - source\client\userinterface\release\pythonplayermodule.sbr
e:\metin2\c++\client\heavenly hope - source\client\userinterface\release\pythonplayerskill.sbr
e:\metin2\c++\client\heavenly hope - source\client\userinterface\release\pythonquest.sbr
e:\metin2\c++\client\heavenly hope - source\client\userinterface\release\pythonskill.sbr
e:\metin2\c++\client\heavenly hope - source\client\userinterface\release\pythonchat.sbr
e:\metin2\c++\client\heavenly hope - source\client\userinterface\release\pythonchatmodule.sbr
e:\metin2\c++\client\heavenly hope - source\client\userinterface\release\pythonexchange.sbr
e:\metin2\c++\client\heavenly hope - source\client\userinterface\release\pythonexchangemodule.sbr
e:\metin2\c++\client\heavenly hope - source\client\userinterface\release\pythonflymodule.sbr
e:\metin2\c++\client\heavenly hope - source\client\userinterface\release\pythonguild.sbr
e:\metin2\c++\client\heavenly hope - source\client\userinterface\release\pythonmessenger.sbr
e:\metin2\c++\client\heavenly hope - source\client\userinterface\release\pythonminimap.sbr
e:\metin2\c++\client\heavenly hope - source\client\userinterface\release\pythonminimap.obj
e:\metin2\c++\client\heavenly hope - source\client\userinterface\release\pythonmessenger.obj
e:\metin2\c++\client\heavenly hope - source\client\userinterface\release\pythonguild.obj
e:\metin2\c++\client\heavenly hope - source\client\userinterface\release\pythonflymodule.obj
e:\metin2\c++\client\heavenly hope - source\client\userinterface\release\pythonexchangemodule.obj
e:\metin2\c++\client\heavenly hope - source\client\userinterface\release\pythonexchange.obj
e:\metin2\c++\client\heavenly hope - source\client\userinterface\release\pythonchatmodule.obj
e:\metin2\c++\client\heavenly hope - source\client\userinterface\release\pythonchat.obj
e:\metin2\c++\client\heavenly hope - source\client\userinterface\release\pythonskill.obj
e:\metin2\c++\client\heavenly hope - source\client\userinterface\release\pythonquest.obj
e:\metin2\c++\client\heavenly hope - source\client\userinterface\release\pythonplayerskill.obj
e:\metin2\c++\client\heavenly hope - source\client\userinterface\release\pythonplayermodule.obj
e:\metin2\c++\client\heavenly hope - source\client\userinterface\release\pythonplayerinputmouse.obj
e:\metin2\c++\client\heavenly hope - source\client\userinterface\release\pythonplayerinputkeyboard.obj
e:\metin2\c++\client\heavenly hope - source\client\userinterface\release\pythonplayerinput.obj
e:\metin2\c++\client\heavenly hope - source\client\userinterface\release\pythonplayereventhandler.obj
e:\metin2\c++\client\heavenly hope - source\client\userinterface\release\pythonplayer.obj
e:\metin2\c++\client\heavenly hope - source\client\userinterface\release\pythonnonplayermodule.obj
e:\metin2\c++\client\heavenly hope - source\client\userinterface\release\pythonnonplayer.obj
e:\metin2\c++\client\heavenly hope - source\client\userinterface\release\pythonitemmodule.obj
e:\metin2\c++\client\heavenly hope - source\client\userinterface\release\pythonminimapmodule.sbr
e:\metin2\c++\client\heavenly hope - source\client\userinterface\release\pythonsafebox.sbr
e:\metin2\c++\client\heavenly hope - source\client\userinterface\release\pythonshop.sbr
e:\metin2\c++\client\heavenly hope - source\client\userinterface\release\pythonskillpet.sbr
e:\metin2\c++\client\heavenly hope - source\client\userinterface\release\pythontexttail.sbr
e:\metin2\c++\client\heavenly hope - source\client\userinterface\release\pythontexttailmodule.sbr
e:\metin2\c++\client\heavenly hope - source\client\userinterface\release\pythonpackmodule.sbr
e:\metin2\c++\client\heavenly hope - source\client\userinterface\release\processscanner.sbr
e:\metin2\c++\client\heavenly hope - source\client\userinterface\release\pythonapplication.sbr
e:\metin2\c++\client\heavenly hope - source\client\userinterface\release\pythonapplicationcamera.sbr
e:\metin2\c++\client\heavenly hope - source\client\userinterface\release\pythonapplicationcursor.sbr
e:\metin2\c++\client\heavenly hope - source\client\userinterface\release\pythonapplicationevent.sbr
e:\metin2\c++\client\heavenly hope - source\client\userinterface\release\pythonapplicationlogo.sbr
e:\metin2\c++\client\heavenly hope - source\client\userinterface\release\pythonapplicationmodule.sbr
e:\metin2\c++\client\heavenly hope - source\client\userinterface\release\pythonapplicationprocedure.sbr
e:\metin2\c++\client\heavenly hope - source\client\userinterface\release\pythonapplicationwebpage.sbr
e:\metin2\c++\client\heavenly hope - source\client\userinterface\release\pythonime.sbr
e:\metin2\c++\client\heavenly hope - source\client\userinterface\release\pythonimemodule.sbr
e:\metin2\c++\client\heavenly hope - source\client\userinterface\release\pythonprofilermodule.sbr
e:\metin2\c++\client\heavenly hope - source\client\userinterface\release\pythonsoundmanagermodule.sbr
e:\metin2\c++\client\heavenly hope - source\client\userinterface\release\pythonsoundmanagermodule.obj
e:\metin2\c++\client\heavenly hope - source\client\userinterface\release\pythonprofilermodule.obj
e:\metin2\c++\client\heavenly hope - source\client\userinterface\release\pythonimemodule.obj
e:\metin2\c++\client\heavenly hope - source\client\userinterface\release\pythonime.obj
e:\metin2\c++\client\heavenly hope - source\client\userinterface\release\pythonapplicationwebpage.obj
e:\metin2\c++\client\heavenly hope - source\client\userinterface\release\pythonapplicationprocedure.obj
e:\metin2\c++\client\heavenly hope - source\client\userinterface\release\pythonapplicationmodule.obj
e:\metin2\c++\client\heavenly hope - source\client\userinterface\release\pythonapplicationlogo.obj
e:\metin2\c++\client\heavenly hope - source\client\userinterface\release\pythonapplicationevent.obj
e:\metin2\c++\client\heavenly hope - source\client\userinterface\release\pythonapplicationcursor.obj
e:\metin2\c++\client\heavenly hope - source\client\userinterface\release\pythonapplicationcamera.obj
e:\metin2\c++\client\heavenly hope - source\client\userinterface\release\pythonapplication.obj
e:\metin2\c++\client\heavenly hope - source\client\userinterface\release\processscanner.obj
e:\metin2\c++\client\heavenly hope - source\client\userinterface\release\pythonpackmodule.obj
e:\metin2\c++\client\heavenly hope - source\client\userinterface\release\pythontexttailmodule.obj
e:\metin2\c++\client\heavenly hope - source\client\userinterface\release\pythontexttail.obj
e:\metin2\c++\client\heavenly hope - source\client\userinterface\release\pythonskillpet.obj
e:\metin2\c++\client\heavenly hope - source\client\userinterface\release\pythonshop.obj
e:\metin2\c++\client\heavenly hope - source\client\userinterface\release\pythonsafebox.obj
e:\metin2\c++\client\heavenly hope - source\client\userinterface\release\pythonminimapmodule.obj
e:\metin2\c++\client\heavenly hope - source\client\userinterface\release\pythonsystem.sbr
e:\metin2\c++\client\heavenly hope - source\client\userinterface\release\pythonsystemmodule.sbr
e:\metin2\c++\client\heavenly hope - source\client\userinterface\release\guildmarkdownloader.sbr
e:\metin2\c++\client\heavenly hope - source\client\userinterface\release\guildmarkuploader.sbr
e:\metin2\c++\client\heavenly hope - source\client\userinterface\release\markimage.sbr
e:\metin2\c++\client\heavenly hope - source\client\userinterface\release\markmanager.sbr
e:\metin2\c++\client\heavenly hope - source\client\userinterface\release\locale.sbr
e:\metin2\c++\client\heavenly hope - source\client\userinterface\release\accountconnector.sbr
e:\metin2\c++\client\heavenly hope - source\client\userinterface\release\insultchecker.sbr
e:\metin2\c++\client\heavenly hope - source\client\userinterface\release\networkactormanager.sbr
e:\metin2\c++\client\heavenly hope - source\client\userinterface\release\processcrc.sbr
e:\metin2\c++\client\heavenly hope - source\client\userinterface\release\pythonexceptionsender.sbr
e:\metin2\c++\client\heavenly hope - source\client\userinterface\release\pythonnetworkdatagram.sbr
e:\metin2\c++\client\heavenly hope - source\client\userinterface\release\pythonnetworkdatagrammodule.sbr
e:\metin2\c++\client\heavenly hope - source\client\userinterface\release\pythonnetworkstream.sbr
e:\metin2\c++\client\heavenly hope - source\client\userinterface\release\pythonnetworkstreamcommand.sbr
e:\metin2\c++\client\heavenly hope - source\client\userinterface\release\pythonnetworkstreamevent.sbr
e:\metin2\c++\client\heavenly hope - source\client\userinterface\release\pythonnetworkstreammodule.sbr
e:\metin2\c++\client\heavenly hope - source\client\userinterface\release\pythonnetworkstreamphasegame.sbr
e:\metin2\c++\client\heavenly hope - source\client\userinterface\release\pythonnetworkstreamphasegameactor.sbr
e:\metin2\c++\client\heavenly hope - source\client\userinterface\release\pythonnetworkstreamphasegameactor.obj
e:\metin2\c++\client\heavenly hope - source\client\userinterface\release\pythonnetworkstreamphasegame.obj
e:\metin2\c++\client\heavenly hope - source\client\userinterface\release\pythonnetworkstreammodule.obj
e:\metin2\c++\client\heavenly hope - source\client\userinterface\release\pythonnetworkstreamevent.obj
e:\metin2\c++\client\heavenly hope - source\client\userinterface\release\pythonnetworkstreamcommand.obj
e:\metin2\c++\client\heavenly hope - source\client\userinterface\release\pythonnetworkstream.obj
e:\metin2\c++\client\heavenly hope - source\client\userinterface\release\pythonnetworkdatagrammodule.obj
e:\metin2\c++\client\heavenly hope - source\client\userinterface\release\pythonnetworkdatagram.obj
e:\metin2\c++\client\heavenly hope - source\client\userinterface\release\pythonexceptionsender.obj
e:\metin2\c++\client\heavenly hope - source\client\userinterface\release\processcrc.obj
e:\metin2\c++\client\heavenly hope - source\client\userinterface\release\networkactormanager.obj
e:\metin2\c++\client\heavenly hope - source\client\userinterface\release\insultchecker.obj
e:\metin2\c++\client\heavenly hope - source\client\userinterface\release\accountconnector.obj
e:\metin2\c++\client\heavenly hope - source\client\userinterface\release\locale.obj
e:\metin2\c++\client\heavenly hope - source\client\userinterface\release\markmanager.obj
e:\metin2\c++\client\heavenly hope - source\client\userinterface\release\markimage.obj
e:\metin2\c++\client\heavenly hope - source\client\userinterface\release\guildmarkuploader.obj
e:\metin2\c++\client\heavenly hope - source\client\userinterface\release\guildmarkdownloader.obj
e:\metin2\c++\client\heavenly hope - source\client\userinterface\release\pythonsystemmodule.obj
e:\metin2\c++\client\heavenly hope - source\client\userinterface\release\pythonsystem.obj
e:\metin2\c++\client\heavenly hope - source\client\userinterface\release\pythonnetworkstreamphasegameitem.sbr
e:\metin2\c++\client\heavenly hope - source\client\userinterface\release\pythonnetworkstreamphasehandshake.sbr
e:\metin2\c++\client\heavenly hope - source\client\userinterface\release\pythonnetworkstreamphaseloading.sbr
e:\metin2\c++\client\heavenly hope - source\client\userinterface\release\pythonnetworkstreamphaselogin.sbr
e:\metin2\c++\client\heavenly hope - source\client\userinterface\release\pythonnetworkstreamphaseoffline.sbr
e:\metin2\c++\client\heavenly hope - source\client\userinterface\release\pythonnetworkstreamphaseselect.sbr
e:\metin2\c++\client\heavenly hope - source\client\userinterface\release\serverstatechecker.sbr
e:\metin2\c++\client\heavenly hope - source\client\userinterface\release\serverstatecheckermodule.sbr
e:\metin2\c++\client\heavenly hope - source\client\userinterface\release\checklatestfiles.sbr
e:\metin2\c++\client\heavenly hope - source\client\userinterface\release\hackshield.sbr
e:\metin2\c++\client\heavenly hope - source\client\userinterface\release\nprotectgameguard.sbr
e:\metin2\c++\client\heavenly hope - source\client\userinterface\release\wiselogicxtrap.sbr
e:\metin2\c++\client\heavenly hope - source\client\userinterface\release\gametype.sbr
e:\metin2\c++\client\heavenly hope - source\client\userinterface\release\movieman.sbr
e:\metin2\c++\client\heavenly hope - source\client\userinterface\release\userinterface.sbr
e:\metin2\c++\client\heavenly hope - source\client\userinterface\release\userinterface.obj
e:\metin2\c++\client\heavenly hope - source\client\userinterface\release\movieman.obj
e:\metin2\c++\client\heavenly hope - source\client\userinterface\release\gametype.obj
e:\metin2\c++\client\heavenly hope - source\client\userinterface\release\wiselogicxtrap.obj
e:\metin2\c++\client\heavenly hope - source\client\userinterface\release\nprotectgameguard.obj
e:\metin2\c++\client\heavenly hope - source\client\userinterface\release\hackshield.obj
e:\metin2\c++\client\heavenly hope - source\client\userinterface\release\checklatestfiles.obj
e:\metin2\c++\client\heavenly hope - source\client\userinterface\release\serverstatecheckermodule.obj
e:\metin2\c++\client\heavenly hope - source\client\userinterface\release\serverstatechecker.obj
e:\metin2\c++\client\heavenly hope - source\client\userinterface\release\pythonnetworkstreamphaseselect.obj
e:\metin2\c++\client\heavenly hope - source\client\userinterface\release\pythonnetworkstreamphaseoffline.obj
e:\metin2\c++\client\heavenly hope - source\client\userinterface\release\pythonnetworkstreamphaselogin.obj
e:\metin2\c++\client\heavenly hope - source\client\userinterface\release\pythonnetworkstreamphaseloading.obj
e:\metin2\c++\client\heavenly hope - source\client\userinterface\release\pythonnetworkstreamphasehandshake.obj
e:\metin2\c++\client\heavenly hope - source\client\userinterface\release\pythonnetworkstreamphasegameitem.obj
e:\metin2\c++\client\heavenly hope - source\client\bin\heavenly-hope_release.exe
e:\metin2\c++\client\heavenly hope - source\client\userinterface\release\metin2.map
e:\metin2\c++\client\heavenly hope - source\client\userinterface\release\userinterface.res
e:\metin2\c++\client\heavenly hope - source\client\userinterface\release\userinterface.tlog\bscmake.command.1.tlog
e:\metin2\c++\client\heavenly hope - source\client\userinterface\release\userinterface.tlog\bscmake.read.1.tlog
e:\metin2\c++\client\heavenly hope - source\client\userinterface\release\userinterface.tlog\bscmake.write.1.tlog
e:\metin2\c++\client\heavenly hope - source\client\userinterface\release\userinterface.tlog\cl.command.1.tlog
e:\metin2\c++\client\heavenly hope - source\client\userinterface\release\userinterface.tlog\cl.read.1.tlog
e:\metin2\c++\client\heavenly hope - source\client\userinterface\release\userinterface.tlog\cl.write.1.tlog
e:\metin2\c++\client\heavenly hope - source\client\userinterface\release\userinterface.tlog\link.command.1.tlog
e:\metin2\c++\client\heavenly hope - source\client\userinterface\release\userinterface.tlog\link.read.1.tlog
e:\metin2\c++\client\heavenly hope - source\client\userinterface\release\userinterface.tlog\link.write.1.tlog
e:\metin2\c++\client\heavenly hope - source\client\userinterface\release\userinterface.tlog\rc.command.1.tlog
e:\metin2\c++\client\heavenly hope - source\client\userinterface\release\userinterface.tlog\rc.read.1.tlog
e:\metin2\c++\client\heavenly hope - source\client\userinterface\release\userinterface.tlog\rc.write.1.tlog
