e:\metin2\c++\client\heavenly hope - source\client\eterimagelib\distribute\eterimagelib.pch
e:\metin2\c++\client\heavenly hope - source\client\eterimagelib\distribute\vc120.pdb
e:\metin2\c++\client\heavenly hope - source\client\eterimagelib\distribute\stdafx.obj
e:\metin2\c++\client\heavenly hope - source\client\eterimagelib\distribute\stdafx.cod
e:\metin2\c++\client\heavenly hope - source\client\eterimagelib\distribute\tgaimage.obj
e:\metin2\c++\client\heavenly hope - source\client\eterimagelib\distribute\tgaimage.cod
e:\metin2\c++\client\heavenly hope - source\client\eterimagelib\distribute\image.obj
e:\metin2\c++\client\heavenly hope - source\client\eterimagelib\distribute\image.cod
e:\metin2\c++\client\heavenly hope - source\client\eterimagelib\distribute\dxtcimage.obj
e:\metin2\c++\client\heavenly hope - source\client\eterimagelib\distribute\dxtcimage.cod
e:\metin2\c++\client\heavenly hope - source\client\eterimagelib\distribute\eterimagelib.lib
e:\metin2\c++\client\heavenly hope - source\client\eterimagelib\.\distribute\eterimagelib.lib
e:\metin2\c++\client\heavenly hope - source\client\eterimagelib\distribute\eterimagelib.tlog\cl.command.1.tlog
e:\metin2\c++\client\heavenly hope - source\client\eterimagelib\distribute\eterimagelib.tlog\cl.read.1.tlog
e:\metin2\c++\client\heavenly hope - source\client\eterimagelib\distribute\eterimagelib.tlog\cl.read.2.tlog
e:\metin2\c++\client\heavenly hope - source\client\eterimagelib\distribute\eterimagelib.tlog\cl.read.3.tlog
e:\metin2\c++\client\heavenly hope - source\client\eterimagelib\distribute\eterimagelib.tlog\cl.read.4.tlog
e:\metin2\c++\client\heavenly hope - source\client\eterimagelib\distribute\eterimagelib.tlog\cl.read.5.tlog
e:\metin2\c++\client\heavenly hope - source\client\eterimagelib\distribute\eterimagelib.tlog\cl.write.1.tlog
e:\metin2\c++\client\heavenly hope - source\client\eterimagelib\distribute\eterimagelib.tlog\lib-link.read.1.tlog
e:\metin2\c++\client\heavenly hope - source\client\eterimagelib\distribute\eterimagelib.tlog\lib-link.write.1.tlog
e:\metin2\c++\client\heavenly hope - source\client\eterimagelib\distribute\eterimagelib.tlog\lib.command.1.tlog
