e:\metin2\c++\client\heavenly hope - source\client\userinterface\distribute\userinterface.pch
e:\metin2\c++\client\heavenly hope - source\client\userinterface\distribute\vc120.pdb
e:\metin2\c++\client\heavenly hope - source\client\userinterface\distribute\stdafx.obj
e:\metin2\c++\client\heavenly hope - source\client\userinterface\distribute\stdafx.cod
e:\metin2\c++\client\heavenly hope - source\client\userinterface\distribute\pythonitem.obj
e:\metin2\c++\client\heavenly hope - source\client\userinterface\distribute\pythonitem.cod
e:\metin2\c++\client\heavenly hope - source\client\userinterface\distribute\pythongameeventmanagermodule.obj
e:\metin2\c++\client\heavenly hope - source\client\userinterface\distribute\pythongameeventmanagermodule.cod
e:\metin2\c++\client\heavenly hope - source\client\userinterface\distribute\pythoneventmanagermoudle.obj
e:\metin2\c++\client\heavenly hope - source\client\userinterface\distribute\pythoneventmanagermoudle.cod
e:\metin2\c++\client\heavenly hope - source\client\userinterface\distribute\pythoneventmanager.obj
e:\metin2\c++\client\heavenly hope - source\client\userinterface\distribute\pythoneventmanager.cod
e:\metin2\c++\client\heavenly hope - source\client\userinterface\distribute\pythoneffectmodule.obj
e:\metin2\c++\client\heavenly hope - source\client\userinterface\distribute\pythoneffectmodule.cod
e:\metin2\c++\client\heavenly hope - source\client\userinterface\distribute\pythoncharactermodule.obj
e:\metin2\c++\client\heavenly hope - source\client\userinterface\distribute\pythoncharactermodule.cod
e:\metin2\c++\client\heavenly hope - source\client\userinterface\distribute\pythoncharactermanagermodule.obj
e:\metin2\c++\client\heavenly hope - source\client\userinterface\distribute\pythoncharactermanagermodule.cod
e:\metin2\c++\client\heavenly hope - source\client\userinterface\distribute\pythoncharactermanager.obj
e:\metin2\c++\client\heavenly hope - source\client\userinterface\distribute\pythoncharactermanager.cod
e:\metin2\c++\client\heavenly hope - source\client\userinterface\distribute\pythonbackgroundmodule.obj
e:\metin2\c++\client\heavenly hope - source\client\userinterface\distribute\pythonbackgroundmodule.cod
e:\metin2\c++\client\heavenly hope - source\client\userinterface\distribute\pythonbackground.obj
e:\metin2\c++\client\heavenly hope - source\client\userinterface\distribute\pythonbackground.cod
e:\metin2\c++\client\heavenly hope - source\client\userinterface\distribute\md5.obj
e:\metin2\c++\client\heavenly hope - source\client\userinterface\distribute\md5.cod
e:\metin2\c++\client\heavenly hope - source\client\userinterface\distribute\cameraprocedure.obj
e:\metin2\c++\client\heavenly hope - source\client\userinterface\distribute\cameraprocedure.cod
e:\metin2\c++\client\heavenly hope - source\client\userinterface\distribute\instancebasetransform.obj
e:\metin2\c++\client\heavenly hope - source\client\userinterface\distribute\instancebasetransform.cod
e:\metin2\c++\client\heavenly hope - source\client\userinterface\distribute\instancebasemovement.obj
e:\metin2\c++\client\heavenly hope - source\client\userinterface\distribute\instancebasemovement.cod
e:\metin2\c++\client\heavenly hope - source\client\userinterface\distribute\instancebasemotion.obj
e:\metin2\c++\client\heavenly hope - source\client\userinterface\distribute\instancebasemotion.cod
e:\metin2\c++\client\heavenly hope - source\client\userinterface\distribute\instancebaseevent.obj
e:\metin2\c++\client\heavenly hope - source\client\userinterface\distribute\instancebaseevent.cod
e:\metin2\c++\client\heavenly hope - source\client\userinterface\distribute\instancebaseeffect.obj
e:\metin2\c++\client\heavenly hope - source\client\userinterface\distribute\instancebaseeffect.cod
e:\metin2\c++\client\heavenly hope - source\client\userinterface\distribute\instancebasebattle.obj
e:\metin2\c++\client\heavenly hope - source\client\userinterface\distribute\instancebasebattle.cod
e:\metin2\c++\client\heavenly hope - source\client\userinterface\distribute\instancebase.obj
e:\metin2\c++\client\heavenly hope - source\client\userinterface\distribute\instancebase.cod
e:\metin2\c++\client\heavenly hope - source\client\userinterface\distribute\affectflagcontainer.obj
e:\metin2\c++\client\heavenly hope - source\client\userinterface\distribute\affectflagcontainer.cod
e:\metin2\c++\client\heavenly hope - source\client\userinterface\distribute\pythonminimap.obj
e:\metin2\c++\client\heavenly hope - source\client\userinterface\distribute\pythonminimap.cod
e:\metin2\c++\client\heavenly hope - source\client\userinterface\distribute\pythonmessenger.obj
e:\metin2\c++\client\heavenly hope - source\client\userinterface\distribute\pythonmessenger.cod
e:\metin2\c++\client\heavenly hope - source\client\userinterface\distribute\pythonguild.obj
e:\metin2\c++\client\heavenly hope - source\client\userinterface\distribute\pythonguild.cod
e:\metin2\c++\client\heavenly hope - source\client\userinterface\distribute\pythonflymodule.obj
e:\metin2\c++\client\heavenly hope - source\client\userinterface\distribute\pythonflymodule.cod
e:\metin2\c++\client\heavenly hope - source\client\userinterface\distribute\pythonexchangemodule.obj
e:\metin2\c++\client\heavenly hope - source\client\userinterface\distribute\pythonexchangemodule.cod
e:\metin2\c++\client\heavenly hope - source\client\userinterface\distribute\pythonexchange.obj
e:\metin2\c++\client\heavenly hope - source\client\userinterface\distribute\pythonexchange.cod
e:\metin2\c++\client\heavenly hope - source\client\userinterface\distribute\pythonchatmodule.obj
e:\metin2\c++\client\heavenly hope - source\client\userinterface\distribute\pythonchatmodule.cod
e:\metin2\c++\client\heavenly hope - source\client\userinterface\distribute\pythonchat.obj
e:\metin2\c++\client\heavenly hope - source\client\userinterface\distribute\pythonchat.cod
e:\metin2\c++\client\heavenly hope - source\client\userinterface\distribute\pythonskill.obj
e:\metin2\c++\client\heavenly hope - source\client\userinterface\distribute\pythonskill.cod
e:\metin2\c++\client\heavenly hope - source\client\userinterface\distribute\pythonquest.obj
e:\metin2\c++\client\heavenly hope - source\client\userinterface\distribute\pythonquest.cod
e:\metin2\c++\client\heavenly hope - source\client\userinterface\distribute\pythonplayerskill.obj
e:\metin2\c++\client\heavenly hope - source\client\userinterface\distribute\pythonplayerskill.cod
e:\metin2\c++\client\heavenly hope - source\client\userinterface\distribute\pythonplayermodule.obj
e:\metin2\c++\client\heavenly hope - source\client\userinterface\distribute\pythonplayermodule.cod
e:\metin2\c++\client\heavenly hope - source\client\userinterface\distribute\pythonplayerinputmouse.obj
e:\metin2\c++\client\heavenly hope - source\client\userinterface\distribute\pythonplayerinputmouse.cod
e:\metin2\c++\client\heavenly hope - source\client\userinterface\distribute\pythonplayerinputkeyboard.obj
e:\metin2\c++\client\heavenly hope - source\client\userinterface\distribute\pythonplayerinputkeyboard.cod
e:\metin2\c++\client\heavenly hope - source\client\userinterface\distribute\pythonplayerinput.obj
e:\metin2\c++\client\heavenly hope - source\client\userinterface\distribute\pythonplayerinput.cod
e:\metin2\c++\client\heavenly hope - source\client\userinterface\distribute\pythonplayereventhandler.obj
e:\metin2\c++\client\heavenly hope - source\client\userinterface\distribute\pythonplayereventhandler.cod
e:\metin2\c++\client\heavenly hope - source\client\userinterface\distribute\pythonplayer.obj
e:\metin2\c++\client\heavenly hope - source\client\userinterface\distribute\pythonplayer.cod
e:\metin2\c++\client\heavenly hope - source\client\userinterface\distribute\pythonnonplayermodule.obj
e:\metin2\c++\client\heavenly hope - source\client\userinterface\distribute\pythonnonplayermodule.cod
e:\metin2\c++\client\heavenly hope - source\client\userinterface\distribute\pythonnonplayer.obj
e:\metin2\c++\client\heavenly hope - source\client\userinterface\distribute\pythonnonplayer.cod
e:\metin2\c++\client\heavenly hope - source\client\userinterface\distribute\pythonitemmodule.obj
e:\metin2\c++\client\heavenly hope - source\client\userinterface\distribute\pythonitemmodule.cod
e:\metin2\c++\client\heavenly hope - source\client\userinterface\distribute\pythonsoundmanagermodule.obj
e:\metin2\c++\client\heavenly hope - source\client\userinterface\distribute\pythonsoundmanagermodule.cod
e:\metin2\c++\client\heavenly hope - source\client\userinterface\distribute\pythonprofilermodule.obj
e:\metin2\c++\client\heavenly hope - source\client\userinterface\distribute\pythonprofilermodule.cod
e:\metin2\c++\client\heavenly hope - source\client\userinterface\distribute\pythonimemodule.obj
e:\metin2\c++\client\heavenly hope - source\client\userinterface\distribute\pythonimemodule.cod
e:\metin2\c++\client\heavenly hope - source\client\userinterface\distribute\pythonime.obj
e:\metin2\c++\client\heavenly hope - source\client\userinterface\distribute\pythonime.cod
e:\metin2\c++\client\heavenly hope - source\client\userinterface\distribute\pythonapplicationwebpage.obj
e:\metin2\c++\client\heavenly hope - source\client\userinterface\distribute\pythonapplicationwebpage.cod
e:\metin2\c++\client\heavenly hope - source\client\userinterface\distribute\pythonapplicationprocedure.obj
e:\metin2\c++\client\heavenly hope - source\client\userinterface\distribute\pythonapplicationprocedure.cod
e:\metin2\c++\client\heavenly hope - source\client\userinterface\distribute\pythonapplicationmodule.obj
e:\metin2\c++\client\heavenly hope - source\client\userinterface\distribute\pythonapplicationmodule.cod
e:\metin2\c++\client\heavenly hope - source\client\userinterface\distribute\pythonapplicationlogo.obj
e:\metin2\c++\client\heavenly hope - source\client\userinterface\distribute\pythonapplicationlogo.cod
e:\metin2\c++\client\heavenly hope - source\client\userinterface\distribute\pythonapplicationevent.obj
e:\metin2\c++\client\heavenly hope - source\client\userinterface\distribute\pythonapplicationevent.cod
e:\metin2\c++\client\heavenly hope - source\client\userinterface\distribute\pythonapplicationcursor.obj
e:\metin2\c++\client\heavenly hope - source\client\userinterface\distribute\pythonapplicationcursor.cod
e:\metin2\c++\client\heavenly hope - source\client\userinterface\distribute\pythonapplicationcamera.obj
e:\metin2\c++\client\heavenly hope - source\client\userinterface\distribute\pythonapplicationcamera.cod
e:\metin2\c++\client\heavenly hope - source\client\userinterface\distribute\pythonapplication.obj
e:\metin2\c++\client\heavenly hope - source\client\userinterface\distribute\pythonapplication.cod
e:\metin2\c++\client\heavenly hope - source\client\userinterface\distribute\processscanner.obj
e:\metin2\c++\client\heavenly hope - source\client\userinterface\distribute\processscanner.cod
e:\metin2\c++\client\heavenly hope - source\client\userinterface\distribute\pythonpackmodule.obj
e:\metin2\c++\client\heavenly hope - source\client\userinterface\distribute\pythonpackmodule.cod
e:\metin2\c++\client\heavenly hope - source\client\userinterface\distribute\pythontexttailmodule.obj
e:\metin2\c++\client\heavenly hope - source\client\userinterface\distribute\pythontexttailmodule.cod
e:\metin2\c++\client\heavenly hope - source\client\userinterface\distribute\pythontexttail.obj
e:\metin2\c++\client\heavenly hope - source\client\userinterface\distribute\pythontexttail.cod
e:\metin2\c++\client\heavenly hope - source\client\userinterface\distribute\pythonskillpet.obj
e:\metin2\c++\client\heavenly hope - source\client\userinterface\distribute\pythonskillpet.cod
e:\metin2\c++\client\heavenly hope - source\client\userinterface\distribute\pythonshop.obj
e:\metin2\c++\client\heavenly hope - source\client\userinterface\distribute\pythonshop.cod
e:\metin2\c++\client\heavenly hope - source\client\userinterface\distribute\pythonsafebox.obj
e:\metin2\c++\client\heavenly hope - source\client\userinterface\distribute\pythonsafebox.cod
e:\metin2\c++\client\heavenly hope - source\client\userinterface\distribute\pythonminimapmodule.obj
e:\metin2\c++\client\heavenly hope - source\client\userinterface\distribute\pythonminimapmodule.cod
e:\metin2\c++\client\heavenly hope - source\client\userinterface\distribute\pythonnetworkstreamphasegameactor.obj
e:\metin2\c++\client\heavenly hope - source\client\userinterface\distribute\pythonnetworkstreamphasegameactor.cod
e:\metin2\c++\client\heavenly hope - source\client\userinterface\distribute\pythonnetworkstreamphasegame.obj
e:\metin2\c++\client\heavenly hope - source\client\userinterface\distribute\pythonnetworkstreamphasegame.cod
e:\metin2\c++\client\heavenly hope - source\client\userinterface\distribute\pythonnetworkstreammodule.obj
e:\metin2\c++\client\heavenly hope - source\client\userinterface\distribute\pythonnetworkstreammodule.cod
e:\metin2\c++\client\heavenly hope - source\client\userinterface\distribute\pythonnetworkstreamevent.obj
e:\metin2\c++\client\heavenly hope - source\client\userinterface\distribute\pythonnetworkstreamevent.cod
e:\metin2\c++\client\heavenly hope - source\client\userinterface\distribute\pythonnetworkstreamcommand.obj
e:\metin2\c++\client\heavenly hope - source\client\userinterface\distribute\pythonnetworkstreamcommand.cod
e:\metin2\c++\client\heavenly hope - source\client\userinterface\distribute\pythonnetworkstream.obj
e:\metin2\c++\client\heavenly hope - source\client\userinterface\distribute\pythonnetworkstream.cod
e:\metin2\c++\client\heavenly hope - source\client\userinterface\distribute\pythonnetworkdatagrammodule.obj
e:\metin2\c++\client\heavenly hope - source\client\userinterface\distribute\pythonnetworkdatagrammodule.cod
e:\metin2\c++\client\heavenly hope - source\client\userinterface\distribute\pythonnetworkdatagram.obj
e:\metin2\c++\client\heavenly hope - source\client\userinterface\distribute\pythonnetworkdatagram.cod
e:\metin2\c++\client\heavenly hope - source\client\userinterface\distribute\pythonexceptionsender.obj
e:\metin2\c++\client\heavenly hope - source\client\userinterface\distribute\pythonexceptionsender.cod
e:\metin2\c++\client\heavenly hope - source\client\userinterface\distribute\processcrc.obj
e:\metin2\c++\client\heavenly hope - source\client\userinterface\distribute\processcrc.cod
e:\metin2\c++\client\heavenly hope - source\client\userinterface\distribute\networkactormanager.obj
e:\metin2\c++\client\heavenly hope - source\client\userinterface\distribute\networkactormanager.cod
e:\metin2\c++\client\heavenly hope - source\client\userinterface\distribute\insultchecker.obj
e:\metin2\c++\client\heavenly hope - source\client\userinterface\distribute\insultchecker.cod
e:\metin2\c++\client\heavenly hope - source\client\userinterface\distribute\accountconnector.obj
e:\metin2\c++\client\heavenly hope - source\client\userinterface\distribute\accountconnector.cod
e:\metin2\c++\client\heavenly hope - source\client\userinterface\distribute\locale.obj
e:\metin2\c++\client\heavenly hope - source\client\userinterface\distribute\locale.cod
e:\metin2\c++\client\heavenly hope - source\client\userinterface\distribute\markmanager.obj
e:\metin2\c++\client\heavenly hope - source\client\userinterface\distribute\markmanager.cod
e:\metin2\c++\client\heavenly hope - source\client\userinterface\distribute\markimage.obj
e:\metin2\c++\client\heavenly hope - source\client\userinterface\distribute\markimage.cod
e:\metin2\c++\client\heavenly hope - source\client\userinterface\distribute\guildmarkuploader.obj
e:\metin2\c++\client\heavenly hope - source\client\userinterface\distribute\guildmarkuploader.cod
e:\metin2\c++\client\heavenly hope - source\client\userinterface\distribute\guildmarkdownloader.obj
e:\metin2\c++\client\heavenly hope - source\client\userinterface\distribute\guildmarkdownloader.cod
e:\metin2\c++\client\heavenly hope - source\client\userinterface\distribute\pythonsystemmodule.obj
e:\metin2\c++\client\heavenly hope - source\client\userinterface\distribute\pythonsystemmodule.cod
e:\metin2\c++\client\heavenly hope - source\client\userinterface\distribute\pythonsystem.obj
e:\metin2\c++\client\heavenly hope - source\client\userinterface\distribute\pythonsystem.cod
e:\metin2\c++\client\heavenly hope - source\client\userinterface\distribute\userinterface.obj
e:\metin2\c++\client\heavenly hope - source\client\userinterface\distribute\userinterface.cod
e:\metin2\c++\client\heavenly hope - source\client\userinterface\distribute\movieman.obj
e:\metin2\c++\client\heavenly hope - source\client\userinterface\distribute\movieman.cod
e:\metin2\c++\client\heavenly hope - source\client\userinterface\distribute\gametype.obj
e:\metin2\c++\client\heavenly hope - source\client\userinterface\distribute\gametype.cod
e:\metin2\c++\client\heavenly hope - source\client\userinterface\distribute\wiselogicxtrap.obj
e:\metin2\c++\client\heavenly hope - source\client\userinterface\distribute\wiselogicxtrap.cod
e:\metin2\c++\client\heavenly hope - source\client\userinterface\distribute\nprotectgameguard.obj
e:\metin2\c++\client\heavenly hope - source\client\userinterface\distribute\nprotectgameguard.cod
e:\metin2\c++\client\heavenly hope - source\client\userinterface\distribute\hackshield.obj
e:\metin2\c++\client\heavenly hope - source\client\userinterface\distribute\hackshield.cod
e:\metin2\c++\client\heavenly hope - source\client\userinterface\distribute\checklatestfiles.obj
e:\metin2\c++\client\heavenly hope - source\client\userinterface\distribute\checklatestfiles.cod
e:\metin2\c++\client\heavenly hope - source\client\userinterface\distribute\serverstatecheckermodule.obj
e:\metin2\c++\client\heavenly hope - source\client\userinterface\distribute\serverstatecheckermodule.cod
e:\metin2\c++\client\heavenly hope - source\client\userinterface\distribute\serverstatechecker.obj
e:\metin2\c++\client\heavenly hope - source\client\userinterface\distribute\serverstatechecker.cod
e:\metin2\c++\client\heavenly hope - source\client\userinterface\distribute\pythonnetworkstreamphaseselect.obj
e:\metin2\c++\client\heavenly hope - source\client\userinterface\distribute\pythonnetworkstreamphaseselect.cod
e:\metin2\c++\client\heavenly hope - source\client\userinterface\distribute\pythonnetworkstreamphaseoffline.obj
e:\metin2\c++\client\heavenly hope - source\client\userinterface\distribute\pythonnetworkstreamphaseoffline.cod
e:\metin2\c++\client\heavenly hope - source\client\userinterface\distribute\pythonnetworkstreamphaselogin.obj
e:\metin2\c++\client\heavenly hope - source\client\userinterface\distribute\pythonnetworkstreamphaselogin.cod
e:\metin2\c++\client\heavenly hope - source\client\userinterface\distribute\pythonnetworkstreamphaseloading.obj
e:\metin2\c++\client\heavenly hope - source\client\userinterface\distribute\pythonnetworkstreamphaseloading.cod
e:\metin2\c++\client\heavenly hope - source\client\userinterface\distribute\pythonnetworkstreamphasehandshake.obj
e:\metin2\c++\client\heavenly hope - source\client\userinterface\distribute\pythonnetworkstreamphasehandshake.cod
e:\metin2\c++\client\heavenly hope - source\client\userinterface\distribute\pythonnetworkstreamphasegameitem.obj
e:\metin2\c++\client\heavenly hope - source\client\userinterface\distribute\pythonnetworkstreamphasegameitem.cod
e:\metin2\c++\client\heavenly hope - source\client\bin\metin2.exe
e:\metin2\c++\client\heavenly hope - source\client\userinterface\distribute\thinginstance.cod
e:\metin2\c++\client\heavenly hope - source\client\userinterface\distribute\material.cod
e:\metin2\c++\client\heavenly hope - source\client\userinterface\distribute\modelinstance.cod
e:\metin2\c++\client\heavenly hope - source\client\userinterface\distribute\lodcontroller.cod
e:\metin2\c++\client\heavenly hope - source\client\userinterface\distribute\modelinstancecollisiondetection.cod
e:\metin2\c++\client\heavenly hope - source\client\userinterface\distribute\modelinstancemodel.cod
e:\metin2\c++\client\heavenly hope - source\client\userinterface\distribute\modelinstanceupdate.cod
e:\metin2\c++\client\heavenly hope - source\client\userinterface\distribute\thing.cod
e:\metin2\c++\client\heavenly hope - source\client\userinterface\distribute\modelinstancemotion.cod
e:\metin2\c++\client\heavenly hope - source\client\userinterface\distribute\modelinstancerender.cod
e:\metin2\c++\client\heavenly hope - source\client\userinterface\distribute\model.cod
e:\metin2\c++\client\heavenly hope - source\client\userinterface\distribute\mesh.cod
e:\metin2\c++\client\heavenly hope - source\client\userinterface\distribute\motion.cod
e:\metin2\c++\client\heavenly hope - source\client\userinterface\distribute\metin2client.map
e:\metin2\c++\client\heavenly hope - source\client\userinterface\distribute\userinterface.res
e:\metin2\c++\client\heavenly hope - source\client\userinterface\distribute\userinterface.tlog\cl.command.1.tlog
e:\metin2\c++\client\heavenly hope - source\client\userinterface\distribute\userinterface.tlog\cl.read.1.tlog
e:\metin2\c++\client\heavenly hope - source\client\userinterface\distribute\userinterface.tlog\cl.read.2.tlog
e:\metin2\c++\client\heavenly hope - source\client\userinterface\distribute\userinterface.tlog\cl.read.3.tlog
e:\metin2\c++\client\heavenly hope - source\client\userinterface\distribute\userinterface.tlog\cl.read.4.tlog
e:\metin2\c++\client\heavenly hope - source\client\userinterface\distribute\userinterface.tlog\cl.read.5.tlog
e:\metin2\c++\client\heavenly hope - source\client\userinterface\distribute\userinterface.tlog\cl.write.1.tlog
e:\metin2\c++\client\heavenly hope - source\client\userinterface\distribute\userinterface.tlog\cl.write.3.tlog
e:\metin2\c++\client\heavenly hope - source\client\userinterface\distribute\userinterface.tlog\link.command.1.tlog
e:\metin2\c++\client\heavenly hope - source\client\userinterface\distribute\userinterface.tlog\link.read.1.tlog
e:\metin2\c++\client\heavenly hope - source\client\userinterface\distribute\userinterface.tlog\link.write.1.tlog
e:\metin2\c++\client\heavenly hope - source\client\userinterface\distribute\userinterface.tlog\rc.command.1.tlog
e:\metin2\c++\client\heavenly hope - source\client\userinterface\distribute\userinterface.tlog\rc.read.1.tlog
e:\metin2\c++\client\heavenly hope - source\client\userinterface\distribute\userinterface.tlog\rc.write.1.tlog
