e:\metin2\c++\client\heavenly hope - source\client\eterimagelib\debug\eterimagelib.bsc
e:\metin2\c++\client\heavenly hope - source\client\eterimagelib\debug\eterimagelib.pch
e:\metin2\c++\client\heavenly hope - source\client\eterimagelib\debug\vc120.pdb
e:\metin2\c++\client\heavenly hope - source\client\eterimagelib\debug\stdafx.sbr
e:\metin2\c++\client\heavenly hope - source\client\eterimagelib\debug\stdafx.obj
e:\metin2\c++\client\heavenly hope - source\client\eterimagelib\debug\dxtcimage.sbr
e:\metin2\c++\client\heavenly hope - source\client\eterimagelib\debug\image.sbr
e:\metin2\c++\client\heavenly hope - source\client\eterimagelib\debug\tgaimage.sbr
e:\metin2\c++\client\heavenly hope - source\client\eterimagelib\debug\tgaimage.obj
e:\metin2\c++\client\heavenly hope - source\client\eterimagelib\debug\image.obj
e:\metin2\c++\client\heavenly hope - source\client\eterimagelib\debug\dxtcimage.obj
e:\metin2\c++\client\heavenly hope - source\client\eterimagelib\debug\eterimagelib.lib
e:\metin2\c++\client\heavenly hope - source\client\eterimagelib\.\debug\eterimagelib.lib
e:\metin2\c++\client\heavenly hope - source\client\eterimagelib\debug\eterimagelib.tlog\bscmake.command.1.tlog
e:\metin2\c++\client\heavenly hope - source\client\eterimagelib\debug\eterimagelib.tlog\bscmake.read.1.tlog
e:\metin2\c++\client\heavenly hope - source\client\eterimagelib\debug\eterimagelib.tlog\bscmake.write.1.tlog
e:\metin2\c++\client\heavenly hope - source\client\eterimagelib\debug\eterimagelib.tlog\cl.command.1.tlog
e:\metin2\c++\client\heavenly hope - source\client\eterimagelib\debug\eterimagelib.tlog\cl.read.1.tlog
e:\metin2\c++\client\heavenly hope - source\client\eterimagelib\debug\eterimagelib.tlog\cl.write.1.tlog
e:\metin2\c++\client\heavenly hope - source\client\eterimagelib\debug\eterimagelib.tlog\lib-link.read.1.tlog
e:\metin2\c++\client\heavenly hope - source\client\eterimagelib\debug\eterimagelib.tlog\lib-link.write.1.tlog
e:\metin2\c++\client\heavenly hope - source\client\eterimagelib\debug\eterimagelib.tlog\lib.command.1.tlog
