e:\metin2\c++\client\heavenly hope - source\client\etergrnlib\distribute\etergrnlib.pch
e:\metin2\c++\client\heavenly hope - source\client\etergrnlib\distribute\vc120.pdb
e:\metin2\c++\client\heavenly hope - source\client\etergrnlib\distribute\stdafx.obj
e:\metin2\c++\client\heavenly hope - source\client\etergrnlib\distribute\lodcontroller.obj
e:\metin2\c++\client\heavenly hope - source\client\etergrnlib\distribute\modelinstancerender.obj
e:\metin2\c++\client\heavenly hope - source\client\etergrnlib\distribute\modelinstance.obj
e:\metin2\c++\client\heavenly hope - source\client\etergrnlib\distribute\thinginstance.obj
e:\metin2\c++\client\heavenly hope - source\client\etergrnlib\distribute\modelinstancemotion.obj
e:\metin2\c++\client\heavenly hope - source\client\etergrnlib\distribute\mesh.obj
e:\metin2\c++\client\heavenly hope - source\client\etergrnlib\distribute\thing.obj
e:\metin2\c++\client\heavenly hope - source\client\etergrnlib\distribute\modelinstancecollisiondetection.obj
e:\metin2\c++\client\heavenly hope - source\client\etergrnlib\distribute\material.obj
e:\metin2\c++\client\heavenly hope - source\client\etergrnlib\distribute\model.obj
e:\metin2\c++\client\heavenly hope - source\client\etergrnlib\distribute\motion.obj
e:\metin2\c++\client\heavenly hope - source\client\etergrnlib\distribute\modelinstancemodel.obj
e:\metin2\c++\client\heavenly hope - source\client\etergrnlib\distribute\util.obj
e:\metin2\c++\client\heavenly hope - source\client\etergrnlib\distribute\modelinstanceupdate.obj
e:\metin2\c++\client\heavenly hope - source\client\etergrnlib\distribute\etergrnlib.lib
e:\metin2\c++\client\heavenly hope - source\client\etergrnlib\.\distribute\etergrnlib.lib
e:\metin2\c++\client\heavenly hope - source\client\etergrnlib\distribute\etergrnlib.tlog\cl.command.1.tlog
e:\metin2\c++\client\heavenly hope - source\client\etergrnlib\distribute\etergrnlib.tlog\cl.read.1.tlog
e:\metin2\c++\client\heavenly hope - source\client\etergrnlib\distribute\etergrnlib.tlog\cl.write.1.tlog
e:\metin2\c++\client\heavenly hope - source\client\etergrnlib\distribute\etergrnlib.tlog\lib-link.16344.read.1.tlog
e:\metin2\c++\client\heavenly hope - source\client\etergrnlib\distribute\etergrnlib.tlog\lib-link.16344.write.1.tlog
e:\metin2\c++\client\heavenly hope - source\client\etergrnlib\distribute\etergrnlib.tlog\lib.command.1.tlog
