e:\metin2\c++\client\heavenly hope - source\client\eterpack\debug\eterpack.bsc
e:\metin2\c++\client\heavenly hope - source\client\eterpack\debug\eterpack.pch
e:\metin2\c++\client\heavenly hope - source\client\eterpack\debug\vc120.pdb
e:\metin2\c++\client\heavenly hope - source\client\eterpack\debug\stdafx.sbr
e:\metin2\c++\client\heavenly hope - source\client\eterpack\debug\stdafx.obj
e:\metin2\c++\client\heavenly hope - source\client\eterpack\debug\eterpack.sbr
e:\metin2\c++\client\heavenly hope - source\client\eterpack\debug\eterpackcursor.sbr
e:\metin2\c++\client\heavenly hope - source\client\eterpack\debug\eterpackmanager.sbr
e:\metin2\c++\client\heavenly hope - source\client\eterpack\debug\eterpackmanager.obj
e:\metin2\c++\client\heavenly hope - source\client\eterpack\debug\eterpackcursor.obj
e:\metin2\c++\client\heavenly hope - source\client\eterpack\debug\eterpack.obj
e:\metin2\c++\client\heavenly hope - source\client\eterpack\debug\eterpackpolicy_cshybridcrypt.obj
e:\metin2\c++\client\heavenly hope - source\client\eterpack\debug\md5.obj
e:\metin2\c++\client\heavenly hope - source\client\eterpack\debug\eterpack.lib
e:\metin2\c++\client\heavenly hope - source\client\eterpack\.\debug\eterpack.lib
e:\metin2\c++\client\heavenly hope - source\client\eterpack\debug\eterpack.tlog\bscmake.command.1.tlog
e:\metin2\c++\client\heavenly hope - source\client\eterpack\debug\eterpack.tlog\bscmake.read.1.tlog
e:\metin2\c++\client\heavenly hope - source\client\eterpack\debug\eterpack.tlog\bscmake.write.1.tlog
e:\metin2\c++\client\heavenly hope - source\client\eterpack\debug\eterpack.tlog\cl.command.1.tlog
e:\metin2\c++\client\heavenly hope - source\client\eterpack\debug\eterpack.tlog\cl.read.1.tlog
e:\metin2\c++\client\heavenly hope - source\client\eterpack\debug\eterpack.tlog\cl.write.1.tlog
e:\metin2\c++\client\heavenly hope - source\client\eterpack\debug\eterpack.tlog\lib-link.read.1.tlog
e:\metin2\c++\client\heavenly hope - source\client\eterpack\debug\eterpack.tlog\lib-link.write.1.tlog
e:\metin2\c++\client\heavenly hope - source\client\eterpack\debug\eterpack.tlog\lib.command.1.tlog
