e:\metin2\c++\client\heavenly hope - source\client\eterlib\debug\eterlib.pch
e:\metin2\c++\client\heavenly hope - source\client\eterlib\debug\vc120.pdb
e:\metin2\c++\client\heavenly hope - source\client\eterlib\debug\stdafx.obj
e:\metin2\c++\client\heavenly hope - source\client\eterlib\debug\grpvertexbuffer.obj
e:\metin2\c++\client\heavenly hope - source\client\eterlib\debug\grpshadowtexture.obj
e:\metin2\c++\client\heavenly hope - source\client\eterlib\debug\grpratioinstance.obj
e:\metin2\c++\client\heavenly hope - source\client\eterlib\debug\grppixelshader.obj
e:\metin2\c++\client\heavenly hope - source\client\eterlib\debug\grpobjectinstance.obj
e:\metin2\c++\client\heavenly hope - source\client\eterlib\debug\grplightmanager.obj
e:\metin2\c++\client\heavenly hope - source\client\eterlib\debug\grpindexbuffer.obj
e:\metin2\c++\client\heavenly hope - source\client\eterlib\debug\grpdib.obj
e:\metin2\c++\client\heavenly hope - source\client\eterlib\debug\grpd3dxbuffer.obj
e:\metin2\c++\client\heavenly hope - source\client\eterlib\debug\grpcolorinstance.obj
e:\metin2\c++\client\heavenly hope - source\client\eterlib\debug\grpcolor.obj
e:\metin2\c++\client\heavenly hope - source\client\eterlib\debug\grpcollisionobject.obj
e:\metin2\c++\client\heavenly hope - source\client\eterlib\debug\fileloaderthread.obj
e:\metin2\c++\client\heavenly hope - source\client\eterlib\debug\environmentmap.obj
e:\metin2\c++\client\heavenly hope - source\client\eterlib\debug\decal.obj
e:\metin2\c++\client\heavenly hope - source\client\eterlib\debug\colortransitionhelper.obj
e:\metin2\c++\client\heavenly hope - source\client\eterlib\debug\collisiondata.obj
e:\metin2\c++\client\heavenly hope - source\client\eterlib\debug\camera.obj
e:\metin2\c++\client\heavenly hope - source\client\eterlib\debug\attributeinstance.obj
e:\metin2\c++\client\heavenly hope - source\client\eterlib\debug\attributedata.obj
e:\metin2\c++\client\heavenly hope - source\client\eterlib\debug\grpdetector.obj
e:\metin2\c++\client\heavenly hope - source\client\eterlib\debug\grpbase.obj
e:\metin2\c++\client\heavenly hope - source\client\eterlib\debug\cullingmanager.obj
e:\metin2\c++\client\heavenly hope - source\client\eterlib\debug\util.obj
e:\metin2\c++\client\heavenly hope - source\client\eterlib\debug\thread.obj
e:\metin2\c++\client\heavenly hope - source\client\eterlib\debug\targaresource.obj
e:\metin2\c++\client\heavenly hope - source\client\eterlib\debug\skybox.obj
e:\metin2\c++\client\heavenly hope - source\client\eterlib\debug\screenfilter.obj
e:\metin2\c++\client\heavenly hope - source\client\eterlib\debug\referenceobject.obj
e:\metin2\c++\client\heavenly hope - source\client\eterlib\debug\pathstack.obj
e:\metin2\c++\client\heavenly hope - source\client\eterlib\debug\parser.obj
e:\metin2\c++\client\heavenly hope - source\client\eterlib\debug\mutex.obj
e:\metin2\c++\client\heavenly hope - source\client\eterlib\debug\mswindow.obj
e:\metin2\c++\client\heavenly hope - source\client\eterlib\debug\msapplication.obj
e:\metin2\c++\client\heavenly hope - source\client\eterlib\debug\lineintersect_utils.obj
e:\metin2\c++\client\heavenly hope - source\client\eterlib\debug\lensflare.obj
e:\metin2\c++\client\heavenly hope - source\client\eterlib\debug\input.obj
e:\metin2\c++\client\heavenly hope - source\client\eterlib\debug\grpvertexshader.obj
e:\metin2\c++\client\heavenly hope - source\client\eterlib\debug\grpvertexbufferstatic.obj
e:\metin2\c++\client\heavenly hope - source\client\eterlib\debug\grpvertexbufferdynamic.obj
e:\metin2\c++\client\heavenly hope - source\client\eterlib\debug\netpacketheadermap.obj
e:\metin2\c++\client\heavenly hope - source\client\eterlib\debug\netdevice.obj
e:\metin2\c++\client\heavenly hope - source\client\eterlib\debug\netdatagramsender.obj
e:\metin2\c++\client\heavenly hope - source\client\eterlib\debug\netdatagramreceiver.obj
e:\metin2\c++\client\heavenly hope - source\client\eterlib\debug\netdatagram.obj
e:\metin2\c++\client\heavenly hope - source\client\eterlib\debug\netaddress.obj
e:\metin2\c++\client\heavenly hope - source\client\eterlib\debug\grptexture.obj
e:\metin2\c++\client\heavenly hope - source\client\eterlib\debug\grpsubimage.obj
e:\metin2\c++\client\heavenly hope - source\client\eterlib\debug\grpmarkinstance.obj
e:\metin2\c++\client\heavenly hope - source\client\eterlib\debug\grpimagetexture.obj
e:\metin2\c++\client\heavenly hope - source\client\eterlib\debug\grpimageinstance.obj
e:\metin2\c++\client\heavenly hope - source\client\eterlib\debug\grpimage.obj
e:\metin2\c++\client\heavenly hope - source\client\eterlib\debug\grpexpandedimageinstance.obj
e:\metin2\c++\client\heavenly hope - source\client\eterlib\debug\resourcemanager.obj
e:\metin2\c++\client\heavenly hope - source\client\eterlib\debug\resource.obj
e:\metin2\c++\client\heavenly hope - source\client\eterlib\debug\statemanager.obj
e:\metin2\c++\client\heavenly hope - source\client\eterlib\debug\jpegfile.obj
e:\metin2\c++\client\heavenly hope - source\client\eterlib\debug\grpscreen.obj
e:\metin2\c++\client\heavenly hope - source\client\eterlib\debug\grpmath.obj
e:\metin2\c++\client\heavenly hope - source\client\eterlib\debug\grpdevice.obj
e:\metin2\c++\client\heavenly hope - source\client\eterlib\debug\textfileloader.obj
e:\metin2\c++\client\heavenly hope - source\client\eterlib\debug\ime.obj
e:\metin2\c++\client\heavenly hope - source\client\eterlib\debug\textbar.obj
e:\metin2\c++\client\heavenly hope - source\client\eterlib\debug\dibbar.obj
e:\metin2\c++\client\heavenly hope - source\client\eterlib\debug\blocktexture.obj
e:\metin2\c++\client\heavenly hope - source\client\eterlib\debug\texttag.obj
e:\metin2\c++\client\heavenly hope - source\client\eterlib\debug\grptextinstance.obj
e:\metin2\c++\client\heavenly hope - source\client\eterlib\debug\grptext.obj
e:\metin2\c++\client\heavenly hope - source\client\eterlib\debug\grpfonttexture.obj
e:\metin2\c++\client\heavenly hope - source\client\eterlib\debug\netstream.obj
e:\metin2\c++\client\heavenly hope - source\client\eterlib\debug\eterlib.lib
e:\metin2\c++\client\heavenly hope - source\client\eterlib\.\debug\eterlib.lib
e:\metin2\c++\client\heavenly hope - source\client\eterlib\debug\eterlib.tlog\cl.command.1.tlog
e:\metin2\c++\client\heavenly hope - source\client\eterlib\debug\eterlib.tlog\cl.read.1.tlog
e:\metin2\c++\client\heavenly hope - source\client\eterlib\debug\eterlib.tlog\cl.write.1.tlog
e:\metin2\c++\client\heavenly hope - source\client\eterlib\debug\eterlib.tlog\lib-link.read.1.tlog
e:\metin2\c++\client\heavenly hope - source\client\eterlib\debug\eterlib.tlog\lib-link.write.1.tlog
e:\metin2\c++\client\heavenly hope - source\client\eterlib\debug\eterlib.tlog\lib.command.1.tlog
