e:\metin2\heavenly_hope\metin2france_debug.bsc
e:\metin2\c++\client\heavenly hope - source\client\userinterface\debug\userinterface.pch
e:\metin2\c++\client\heavenly hope - source\client\userinterface\debug\vc120.pdb
e:\metin2\c++\client\heavenly hope - source\client\userinterface\debug\stdafx.sbr
e:\metin2\c++\client\heavenly hope - source\client\userinterface\debug\stdafx.obj
e:\metin2\c++\client\heavenly hope - source\client\userinterface\debug\affectflagcontainer.sbr
e:\metin2\c++\client\heavenly hope - source\client\userinterface\debug\instancebase.sbr
e:\metin2\c++\client\heavenly hope - source\client\userinterface\debug\instancebasebattle.sbr
e:\metin2\c++\client\heavenly hope - source\client\userinterface\debug\instancebaseeffect.sbr
e:\metin2\c++\client\heavenly hope - source\client\userinterface\debug\instancebaseevent.sbr
e:\metin2\c++\client\heavenly hope - source\client\userinterface\debug\instancebasemotion.sbr
e:\metin2\c++\client\heavenly hope - source\client\userinterface\debug\instancebasemovement.sbr
e:\metin2\c++\client\heavenly hope - source\client\userinterface\debug\instancebasetransform.sbr
e:\metin2\c++\client\heavenly hope - source\client\userinterface\debug\cameraprocedure.sbr
e:\metin2\c++\client\heavenly hope - source\client\userinterface\debug\md5.sbr
e:\metin2\c++\client\heavenly hope - source\client\userinterface\debug\pythonbackground.sbr
e:\metin2\c++\client\heavenly hope - source\client\userinterface\debug\pythonbackgroundmodule.sbr
e:\metin2\c++\client\heavenly hope - source\client\userinterface\debug\pythoncharactermanager.sbr
e:\metin2\c++\client\heavenly hope - source\client\userinterface\debug\pythoncharactermanagermodule.sbr
e:\metin2\c++\client\heavenly hope - source\client\userinterface\debug\pythoncharactermodule.sbr
e:\metin2\c++\client\heavenly hope - source\client\userinterface\debug\pythoneffectmodule.sbr
e:\metin2\c++\client\heavenly hope - source\client\userinterface\debug\pythoneventmanager.sbr
e:\metin2\c++\client\heavenly hope - source\client\userinterface\debug\pythoneventmanagermoudle.sbr
e:\metin2\c++\client\heavenly hope - source\client\userinterface\debug\pythongameeventmanagermodule.sbr
e:\metin2\c++\client\heavenly hope - source\client\userinterface\debug\pythonitem.sbr
e:\metin2\c++\client\heavenly hope - source\client\userinterface\debug\pythonitem.obj
e:\metin2\c++\client\heavenly hope - source\client\userinterface\debug\pythongameeventmanagermodule.obj
e:\metin2\c++\client\heavenly hope - source\client\userinterface\debug\pythoneventmanagermoudle.obj
e:\metin2\c++\client\heavenly hope - source\client\userinterface\debug\pythoneventmanager.obj
e:\metin2\c++\client\heavenly hope - source\client\userinterface\debug\pythoneffectmodule.obj
e:\metin2\c++\client\heavenly hope - source\client\userinterface\debug\pythoncharactermodule.obj
e:\metin2\c++\client\heavenly hope - source\client\userinterface\debug\pythoncharactermanagermodule.obj
e:\metin2\c++\client\heavenly hope - source\client\userinterface\debug\pythoncharactermanager.obj
e:\metin2\c++\client\heavenly hope - source\client\userinterface\debug\pythonbackgroundmodule.obj
e:\metin2\c++\client\heavenly hope - source\client\userinterface\debug\pythonbackground.obj
e:\metin2\c++\client\heavenly hope - source\client\userinterface\debug\md5.obj
e:\metin2\c++\client\heavenly hope - source\client\userinterface\debug\cameraprocedure.obj
e:\metin2\c++\client\heavenly hope - source\client\userinterface\debug\instancebasetransform.obj
e:\metin2\c++\client\heavenly hope - source\client\userinterface\debug\instancebasemovement.obj
e:\metin2\c++\client\heavenly hope - source\client\userinterface\debug\instancebasemotion.obj
e:\metin2\c++\client\heavenly hope - source\client\userinterface\debug\instancebaseevent.obj
e:\metin2\c++\client\heavenly hope - source\client\userinterface\debug\instancebaseeffect.obj
e:\metin2\c++\client\heavenly hope - source\client\userinterface\debug\instancebasebattle.obj
e:\metin2\c++\client\heavenly hope - source\client\userinterface\debug\instancebase.obj
e:\metin2\c++\client\heavenly hope - source\client\userinterface\debug\affectflagcontainer.obj
e:\metin2\c++\client\heavenly hope - source\client\userinterface\debug\pythonitemmodule.sbr
e:\metin2\c++\client\heavenly hope - source\client\userinterface\debug\pythonnonplayer.sbr
e:\metin2\c++\client\heavenly hope - source\client\userinterface\debug\pythonnonplayermodule.sbr
e:\metin2\c++\client\heavenly hope - source\client\userinterface\debug\pythonplayer.sbr
e:\metin2\c++\client\heavenly hope - source\client\userinterface\debug\pythonplayereventhandler.sbr
e:\metin2\c++\client\heavenly hope - source\client\userinterface\debug\pythonplayerinput.sbr
e:\metin2\c++\client\heavenly hope - source\client\userinterface\debug\pythonplayerinputkeyboard.sbr
e:\metin2\c++\client\heavenly hope - source\client\userinterface\debug\pythonplayerinputmouse.sbr
e:\metin2\c++\client\heavenly hope - source\client\userinterface\debug\pythonplayermodule.sbr
e:\metin2\c++\client\heavenly hope - source\client\userinterface\debug\pythonplayerskill.sbr
e:\metin2\c++\client\heavenly hope - source\client\userinterface\debug\pythonquest.sbr
e:\metin2\c++\client\heavenly hope - source\client\userinterface\debug\pythonskill.sbr
e:\metin2\c++\client\heavenly hope - source\client\userinterface\debug\pythonchat.sbr
e:\metin2\c++\client\heavenly hope - source\client\userinterface\debug\pythonchatmodule.sbr
e:\metin2\c++\client\heavenly hope - source\client\userinterface\debug\pythonexchange.sbr
e:\metin2\c++\client\heavenly hope - source\client\userinterface\debug\pythonexchangemodule.sbr
e:\metin2\c++\client\heavenly hope - source\client\userinterface\debug\pythonflymodule.sbr
e:\metin2\c++\client\heavenly hope - source\client\userinterface\debug\pythonguild.sbr
e:\metin2\c++\client\heavenly hope - source\client\userinterface\debug\pythonmessenger.sbr
e:\metin2\c++\client\heavenly hope - source\client\userinterface\debug\pythonminimap.sbr
e:\metin2\c++\client\heavenly hope - source\client\userinterface\debug\pythonminimap.obj
e:\metin2\c++\client\heavenly hope - source\client\userinterface\debug\pythonmessenger.obj
e:\metin2\c++\client\heavenly hope - source\client\userinterface\debug\pythonguild.obj
e:\metin2\c++\client\heavenly hope - source\client\userinterface\debug\pythonflymodule.obj
e:\metin2\c++\client\heavenly hope - source\client\userinterface\debug\pythonexchangemodule.obj
e:\metin2\c++\client\heavenly hope - source\client\userinterface\debug\pythonexchange.obj
e:\metin2\c++\client\heavenly hope - source\client\userinterface\debug\pythonchatmodule.obj
e:\metin2\c++\client\heavenly hope - source\client\userinterface\debug\pythonchat.obj
e:\metin2\c++\client\heavenly hope - source\client\userinterface\debug\pythonskill.obj
e:\metin2\c++\client\heavenly hope - source\client\userinterface\debug\pythonquest.obj
e:\metin2\c++\client\heavenly hope - source\client\userinterface\debug\pythonplayerskill.obj
e:\metin2\c++\client\heavenly hope - source\client\userinterface\debug\pythonplayermodule.obj
e:\metin2\c++\client\heavenly hope - source\client\userinterface\debug\pythonplayerinputmouse.obj
e:\metin2\c++\client\heavenly hope - source\client\userinterface\debug\pythonplayerinputkeyboard.obj
e:\metin2\c++\client\heavenly hope - source\client\userinterface\debug\pythonplayerinput.obj
e:\metin2\c++\client\heavenly hope - source\client\userinterface\debug\pythonplayereventhandler.obj
e:\metin2\c++\client\heavenly hope - source\client\userinterface\debug\pythonplayer.obj
e:\metin2\c++\client\heavenly hope - source\client\userinterface\debug\pythonnonplayermodule.obj
e:\metin2\c++\client\heavenly hope - source\client\userinterface\debug\pythonnonplayer.obj
e:\metin2\c++\client\heavenly hope - source\client\userinterface\debug\pythonitemmodule.obj
e:\metin2\c++\client\heavenly hope - source\client\userinterface\debug\pythonminimapmodule.sbr
e:\metin2\c++\client\heavenly hope - source\client\userinterface\debug\pythonsafebox.sbr
e:\metin2\c++\client\heavenly hope - source\client\userinterface\debug\pythonshop.sbr
e:\metin2\c++\client\heavenly hope - source\client\userinterface\debug\pythonskillpet.sbr
e:\metin2\c++\client\heavenly hope - source\client\userinterface\debug\pythontexttail.sbr
e:\metin2\c++\client\heavenly hope - source\client\userinterface\debug\pythontexttailmodule.sbr
e:\metin2\c++\client\heavenly hope - source\client\userinterface\debug\pythonpackmodule.sbr
e:\metin2\c++\client\heavenly hope - source\client\userinterface\debug\processscanner.sbr
e:\metin2\c++\client\heavenly hope - source\client\userinterface\debug\pythonapplication.sbr
e:\metin2\c++\client\heavenly hope - source\client\userinterface\debug\pythonapplicationcamera.sbr
e:\metin2\c++\client\heavenly hope - source\client\userinterface\debug\pythonapplicationcursor.sbr
e:\metin2\c++\client\heavenly hope - source\client\userinterface\debug\pythonapplicationevent.sbr
e:\metin2\c++\client\heavenly hope - source\client\userinterface\debug\pythonapplicationlogo.sbr
e:\metin2\c++\client\heavenly hope - source\client\userinterface\debug\pythonapplicationmodule.sbr
e:\metin2\c++\client\heavenly hope - source\client\userinterface\debug\pythonapplicationprocedure.sbr
e:\metin2\c++\client\heavenly hope - source\client\userinterface\debug\pythonapplicationwebpage.sbr
e:\metin2\c++\client\heavenly hope - source\client\userinterface\debug\pythonime.sbr
e:\metin2\c++\client\heavenly hope - source\client\userinterface\debug\pythonimemodule.sbr
e:\metin2\c++\client\heavenly hope - source\client\userinterface\debug\pythonprofilermodule.sbr
e:\metin2\c++\client\heavenly hope - source\client\userinterface\debug\pythonsoundmanagermodule.sbr
e:\metin2\c++\client\heavenly hope - source\client\userinterface\debug\pythonsoundmanagermodule.obj
e:\metin2\c++\client\heavenly hope - source\client\userinterface\debug\pythonprofilermodule.obj
e:\metin2\c++\client\heavenly hope - source\client\userinterface\debug\pythonimemodule.obj
e:\metin2\c++\client\heavenly hope - source\client\userinterface\debug\pythonime.obj
e:\metin2\c++\client\heavenly hope - source\client\userinterface\debug\pythonapplicationwebpage.obj
e:\metin2\c++\client\heavenly hope - source\client\userinterface\debug\pythonapplicationprocedure.obj
e:\metin2\c++\client\heavenly hope - source\client\userinterface\debug\pythonapplicationmodule.obj
e:\metin2\c++\client\heavenly hope - source\client\userinterface\debug\pythonapplicationlogo.obj
e:\metin2\c++\client\heavenly hope - source\client\userinterface\debug\pythonapplicationevent.obj
e:\metin2\c++\client\heavenly hope - source\client\userinterface\debug\pythonapplicationcursor.obj
e:\metin2\c++\client\heavenly hope - source\client\userinterface\debug\pythonapplicationcamera.obj
e:\metin2\c++\client\heavenly hope - source\client\userinterface\debug\pythonapplication.obj
e:\metin2\c++\client\heavenly hope - source\client\userinterface\debug\processscanner.obj
e:\metin2\c++\client\heavenly hope - source\client\userinterface\debug\pythonpackmodule.obj
e:\metin2\c++\client\heavenly hope - source\client\userinterface\debug\pythontexttailmodule.obj
e:\metin2\c++\client\heavenly hope - source\client\userinterface\debug\pythontexttail.obj
e:\metin2\c++\client\heavenly hope - source\client\userinterface\debug\pythonskillpet.obj
e:\metin2\c++\client\heavenly hope - source\client\userinterface\debug\pythonshop.obj
e:\metin2\c++\client\heavenly hope - source\client\userinterface\debug\pythonsafebox.obj
e:\metin2\c++\client\heavenly hope - source\client\userinterface\debug\pythonminimapmodule.obj
e:\metin2\c++\client\heavenly hope - source\client\userinterface\debug\pythonsystem.sbr
e:\metin2\c++\client\heavenly hope - source\client\userinterface\debug\pythonsystemmodule.sbr
e:\metin2\c++\client\heavenly hope - source\client\userinterface\debug\guildmarkdownloader.sbr
e:\metin2\c++\client\heavenly hope - source\client\userinterface\debug\guildmarkuploader.sbr
e:\metin2\c++\client\heavenly hope - source\client\userinterface\debug\markimage.sbr
e:\metin2\c++\client\heavenly hope - source\client\userinterface\debug\markmanager.sbr
e:\metin2\c++\client\heavenly hope - source\client\userinterface\debug\locale.sbr
e:\metin2\c++\client\heavenly hope - source\client\userinterface\debug\accountconnector.sbr
e:\metin2\c++\client\heavenly hope - source\client\userinterface\debug\insultchecker.sbr
e:\metin2\c++\client\heavenly hope - source\client\userinterface\debug\networkactormanager.sbr
e:\metin2\c++\client\heavenly hope - source\client\userinterface\debug\processcrc.sbr
e:\metin2\c++\client\heavenly hope - source\client\userinterface\debug\pythonexceptionsender.sbr
e:\metin2\c++\client\heavenly hope - source\client\userinterface\debug\pythonnetworkdatagram.sbr
e:\metin2\c++\client\heavenly hope - source\client\userinterface\debug\pythonnetworkdatagrammodule.sbr
e:\metin2\c++\client\heavenly hope - source\client\userinterface\debug\pythonnetworkstream.sbr
e:\metin2\c++\client\heavenly hope - source\client\userinterface\debug\pythonnetworkstreamcommand.sbr
e:\metin2\c++\client\heavenly hope - source\client\userinterface\debug\pythonnetworkstreamevent.sbr
e:\metin2\c++\client\heavenly hope - source\client\userinterface\debug\pythonnetworkstreammodule.sbr
e:\metin2\c++\client\heavenly hope - source\client\userinterface\debug\pythonnetworkstreamphasegame.sbr
e:\metin2\c++\client\heavenly hope - source\client\userinterface\debug\pythonnetworkstreamphasegameactor.sbr
e:\metin2\c++\client\heavenly hope - source\client\userinterface\debug\pythonnetworkstreamphasegameactor.obj
e:\metin2\c++\client\heavenly hope - source\client\userinterface\debug\pythonnetworkstreamphasegame.obj
e:\metin2\c++\client\heavenly hope - source\client\userinterface\debug\pythonnetworkstreammodule.obj
e:\metin2\c++\client\heavenly hope - source\client\userinterface\debug\pythonnetworkstreamevent.obj
e:\metin2\c++\client\heavenly hope - source\client\userinterface\debug\pythonnetworkstreamcommand.obj
e:\metin2\c++\client\heavenly hope - source\client\userinterface\debug\pythonnetworkstream.obj
e:\metin2\c++\client\heavenly hope - source\client\userinterface\debug\pythonnetworkdatagrammodule.obj
e:\metin2\c++\client\heavenly hope - source\client\userinterface\debug\pythonnetworkdatagram.obj
e:\metin2\c++\client\heavenly hope - source\client\userinterface\debug\pythonexceptionsender.obj
e:\metin2\c++\client\heavenly hope - source\client\userinterface\debug\processcrc.obj
e:\metin2\c++\client\heavenly hope - source\client\userinterface\debug\networkactormanager.obj
e:\metin2\c++\client\heavenly hope - source\client\userinterface\debug\insultchecker.obj
e:\metin2\c++\client\heavenly hope - source\client\userinterface\debug\accountconnector.obj
e:\metin2\c++\client\heavenly hope - source\client\userinterface\debug\locale.obj
e:\metin2\c++\client\heavenly hope - source\client\userinterface\debug\markmanager.obj
e:\metin2\c++\client\heavenly hope - source\client\userinterface\debug\markimage.obj
e:\metin2\c++\client\heavenly hope - source\client\userinterface\debug\guildmarkuploader.obj
e:\metin2\c++\client\heavenly hope - source\client\userinterface\debug\guildmarkdownloader.obj
e:\metin2\c++\client\heavenly hope - source\client\userinterface\debug\pythonsystemmodule.obj
e:\metin2\c++\client\heavenly hope - source\client\userinterface\debug\pythonsystem.obj
e:\metin2\c++\client\heavenly hope - source\client\userinterface\debug\pythonnetworkstreamphasegameitem.sbr
e:\metin2\c++\client\heavenly hope - source\client\userinterface\debug\pythonnetworkstreamphasehandshake.sbr
e:\metin2\c++\client\heavenly hope - source\client\userinterface\debug\pythonnetworkstreamphaseloading.sbr
e:\metin2\c++\client\heavenly hope - source\client\userinterface\debug\pythonnetworkstreamphaselogin.sbr
e:\metin2\c++\client\heavenly hope - source\client\userinterface\debug\pythonnetworkstreamphaseoffline.sbr
e:\metin2\c++\client\heavenly hope - source\client\userinterface\debug\pythonnetworkstreamphaseselect.sbr
e:\metin2\c++\client\heavenly hope - source\client\userinterface\debug\serverstatechecker.sbr
e:\metin2\c++\client\heavenly hope - source\client\userinterface\debug\serverstatecheckermodule.sbr
e:\metin2\c++\client\heavenly hope - source\client\userinterface\debug\checklatestfiles.sbr
e:\metin2\c++\client\heavenly hope - source\client\userinterface\debug\hackshield.sbr
e:\metin2\c++\client\heavenly hope - source\client\userinterface\debug\nprotectgameguard.sbr
e:\metin2\c++\client\heavenly hope - source\client\userinterface\debug\wiselogicxtrap.sbr
e:\metin2\c++\client\heavenly hope - source\client\userinterface\debug\gametype.sbr
e:\metin2\c++\client\heavenly hope - source\client\userinterface\debug\movieman.sbr
e:\metin2\c++\client\heavenly hope - source\client\userinterface\debug\userinterface.sbr
e:\metin2\c++\client\heavenly hope - source\client\userinterface\debug\userinterface.obj
e:\metin2\c++\client\heavenly hope - source\client\userinterface\debug\movieman.obj
e:\metin2\c++\client\heavenly hope - source\client\userinterface\debug\gametype.obj
e:\metin2\c++\client\heavenly hope - source\client\userinterface\debug\wiselogicxtrap.obj
e:\metin2\c++\client\heavenly hope - source\client\userinterface\debug\nprotectgameguard.obj
e:\metin2\c++\client\heavenly hope - source\client\userinterface\debug\hackshield.obj
e:\metin2\c++\client\heavenly hope - source\client\userinterface\debug\checklatestfiles.obj
e:\metin2\c++\client\heavenly hope - source\client\userinterface\debug\serverstatecheckermodule.obj
e:\metin2\c++\client\heavenly hope - source\client\userinterface\debug\serverstatechecker.obj
e:\metin2\c++\client\heavenly hope - source\client\userinterface\debug\pythonnetworkstreamphaseselect.obj
e:\metin2\c++\client\heavenly hope - source\client\userinterface\debug\pythonnetworkstreamphaseoffline.obj
e:\metin2\c++\client\heavenly hope - source\client\userinterface\debug\pythonnetworkstreamphaselogin.obj
e:\metin2\c++\client\heavenly hope - source\client\userinterface\debug\pythonnetworkstreamphaseloading.obj
e:\metin2\c++\client\heavenly hope - source\client\userinterface\debug\pythonnetworkstreamphasehandshake.obj
e:\metin2\c++\client\heavenly hope - source\client\userinterface\debug\pythonnetworkstreamphasegameitem.obj
e:\metin2\heavenly_hope\metin2france_debug.exe
e:\metin2\c++\client\heavenly hope - source\client\userinterface\debug\debug.pdb
e:\metin2\c++\client\heavenly hope - source\client\userinterface\debug\userinterface.res
e:\metin2\c++\client\heavenly hope - source\client\userinterface\debug\userinterface.tlog\bscmake.command.1.tlog
e:\metin2\c++\client\heavenly hope - source\client\userinterface\debug\userinterface.tlog\bscmake.read.1.tlog
e:\metin2\c++\client\heavenly hope - source\client\userinterface\debug\userinterface.tlog\bscmake.write.1.tlog
e:\metin2\c++\client\heavenly hope - source\client\userinterface\debug\userinterface.tlog\cl.command.1.tlog
e:\metin2\c++\client\heavenly hope - source\client\userinterface\debug\userinterface.tlog\cl.read.1.tlog
e:\metin2\c++\client\heavenly hope - source\client\userinterface\debug\userinterface.tlog\cl.write.1.tlog
e:\metin2\c++\client\heavenly hope - source\client\userinterface\debug\userinterface.tlog\link.command.1.tlog
e:\metin2\c++\client\heavenly hope - source\client\userinterface\debug\userinterface.tlog\link.read.1.tlog
e:\metin2\c++\client\heavenly hope - source\client\userinterface\debug\userinterface.tlog\link.write.1.tlog
e:\metin2\c++\client\heavenly hope - source\client\userinterface\debug\userinterface.tlog\rc.command.1.tlog
e:\metin2\c++\client\heavenly hope - source\client\userinterface\debug\userinterface.tlog\rc.read.1.tlog
e:\metin2\c++\client\heavenly hope - source\client\userinterface\debug\userinterface.tlog\rc.write.1.tlog
