e:\metin2\c++\client\heavenly hope - source\client\speedtreelib\distribute\speedtreelib.pch
e:\metin2\c++\client\heavenly hope - source\client\speedtreelib\distribute\vc120.pdb
e:\metin2\c++\client\heavenly hope - source\client\speedtreelib\distribute\stdafx.obj
e:\metin2\c++\client\heavenly hope - source\client\speedtreelib\distribute\stdafx.cod
e:\metin2\c++\client\heavenly hope - source\client\speedtreelib\distribute\speedtreewrapper.obj
e:\metin2\c++\client\heavenly hope - source\client\speedtreelib\distribute\speedtreewrapper.cod
e:\metin2\c++\client\heavenly hope - source\client\speedtreelib\distribute\speedtreeforestdirectx8.obj
e:\metin2\c++\client\heavenly hope - source\client\speedtreelib\distribute\speedtreeforestdirectx8.cod
e:\metin2\c++\client\heavenly hope - source\client\speedtreelib\distribute\speedtreeforest.obj
e:\metin2\c++\client\heavenly hope - source\client\speedtreelib\distribute\speedtreeforest.cod
e:\metin2\c++\client\heavenly hope - source\client\speedtreelib\distribute\speedgrasswrapper.obj
e:\metin2\c++\client\heavenly hope - source\client\speedtreelib\distribute\speedgrasswrapper.cod
e:\metin2\c++\client\heavenly hope - source\client\speedtreelib\distribute\speedgrassrt.obj
e:\metin2\c++\client\heavenly hope - source\client\speedtreelib\distribute\speedgrassrt.cod
e:\metin2\c++\client\heavenly hope - source\client\speedtreelib\distribute\boundaryshapemanager.obj
e:\metin2\c++\client\heavenly hope - source\client\speedtreelib\distribute\boundaryshapemanager.cod
e:\metin2\c++\client\heavenly hope - source\client\speedtreelib\distribute\speedtreelib.lib
e:\metin2\c++\client\heavenly hope - source\client\speedtreelib\.\distribute\speedtreelib.lib
e:\metin2\c++\client\heavenly hope - source\client\speedtreelib\distribute\speedtreelib.tlog\cl.command.1.tlog
e:\metin2\c++\client\heavenly hope - source\client\speedtreelib\distribute\speedtreelib.tlog\cl.read.1.tlog
e:\metin2\c++\client\heavenly hope - source\client\speedtreelib\distribute\speedtreelib.tlog\cl.read.2.tlog
e:\metin2\c++\client\heavenly hope - source\client\speedtreelib\distribute\speedtreelib.tlog\cl.read.3.tlog
e:\metin2\c++\client\heavenly hope - source\client\speedtreelib\distribute\speedtreelib.tlog\cl.read.4.tlog
e:\metin2\c++\client\heavenly hope - source\client\speedtreelib\distribute\speedtreelib.tlog\cl.read.5.tlog
e:\metin2\c++\client\heavenly hope - source\client\speedtreelib\distribute\speedtreelib.tlog\cl.write.1.tlog
e:\metin2\c++\client\heavenly hope - source\client\speedtreelib\distribute\speedtreelib.tlog\lib-link.read.1.tlog
e:\metin2\c++\client\heavenly hope - source\client\speedtreelib\distribute\speedtreelib.tlog\lib-link.write.1.tlog
e:\metin2\c++\client\heavenly hope - source\client\speedtreelib\distribute\speedtreelib.tlog\lib.command.1.tlog
