e:\metin2\c++\client\heavenly hope - source\client\mileslib\release\mileslib.pch
e:\metin2\c++\client\heavenly hope - source\client\mileslib\release\vc120.pdb
e:\metin2\c++\client\heavenly hope - source\client\mileslib\release\stdafx.obj
e:\metin2\c++\client\heavenly hope - source\client\mileslib\release\type.obj
e:\metin2\c++\client\heavenly hope - source\client\mileslib\release\soundmanagerstream.obj
e:\metin2\c++\client\heavenly hope - source\client\mileslib\release\soundmanager3d.obj
e:\metin2\c++\client\heavenly hope - source\client\mileslib\release\soundmanager2d.obj
e:\metin2\c++\client\heavenly hope - source\client\mileslib\release\soundmanager.obj
e:\metin2\c++\client\heavenly hope - source\client\mileslib\release\soundinstancestream.obj
e:\metin2\c++\client\heavenly hope - source\client\mileslib\release\soundinstance3d.obj
e:\metin2\c++\client\heavenly hope - source\client\mileslib\release\soundinstance2d.obj
e:\metin2\c++\client\heavenly hope - source\client\mileslib\release\sounddata.obj
e:\metin2\c++\client\heavenly hope - source\client\mileslib\release\soundbase.obj
e:\metin2\c++\client\heavenly hope - source\client\mileslib\release\mileslib.lib
e:\metin2\c++\client\heavenly hope - source\client\mileslib\.\release\mileslib.lib
e:\metin2\c++\client\heavenly hope - source\client\mileslib\release\mileslib.tlog\cl.command.1.tlog
e:\metin2\c++\client\heavenly hope - source\client\mileslib\release\mileslib.tlog\cl.read.1.tlog
e:\metin2\c++\client\heavenly hope - source\client\mileslib\release\mileslib.tlog\cl.write.1.tlog
e:\metin2\c++\client\heavenly hope - source\client\mileslib\release\mileslib.tlog\lib-link.read.1.tlog
e:\metin2\c++\client\heavenly hope - source\client\mileslib\release\mileslib.tlog\lib-link.write.1.tlog
e:\metin2\c++\client\heavenly hope - source\client\mileslib\release\mileslib.tlog\lib.command.1.tlog
