e:\metin2\c++\client\heavenly hope - source\client\eterpythonlib\debug\eterpythonlib.bsc
e:\metin2\c++\client\heavenly hope - source\client\eterpythonlib\debug\eterpythonlib.pch
e:\metin2\c++\client\heavenly hope - source\client\eterpythonlib\debug\vc120.pdb
e:\metin2\c++\client\heavenly hope - source\client\eterpythonlib\debug\stdafx.sbr
e:\metin2\c++\client\heavenly hope - source\client\eterpythonlib\debug\stdafx.obj
e:\metin2\c++\client\heavenly hope - source\client\eterpythonlib\debug\pythongridslotwindow.sbr
e:\metin2\c++\client\heavenly hope - source\client\eterpythonlib\debug\pythonslotwindow.sbr
e:\metin2\c++\client\heavenly hope - source\client\eterpythonlib\debug\pythonwindow.sbr
e:\metin2\c++\client\heavenly hope - source\client\eterpythonlib\debug\pythonwindowmanager.sbr
e:\metin2\c++\client\heavenly hope - source\client\eterpythonlib\debug\pythonwindowmanagermodule.sbr
e:\metin2\c++\client\heavenly hope - source\client\eterpythonlib\debug\pythongraphic.sbr
e:\metin2\c++\client\heavenly hope - source\client\eterpythonlib\debug\pythongraphicimagemodule.sbr
e:\metin2\c++\client\heavenly hope - source\client\eterpythonlib\debug\pythongraphicmodule.sbr
e:\metin2\c++\client\heavenly hope - source\client\eterpythonlib\debug\pythongraphictextmodule.sbr
e:\metin2\c++\client\heavenly hope - source\client\eterpythonlib\debug\pythongraphicthingmodule.sbr
e:\metin2\c++\client\heavenly hope - source\client\eterpythonlib\debug\pythongraphicthingmodule.obj
e:\metin2\c++\client\heavenly hope - source\client\eterpythonlib\debug\pythongraphictextmodule.obj
e:\metin2\c++\client\heavenly hope - source\client\eterpythonlib\debug\pythongraphicmodule.obj
e:\metin2\c++\client\heavenly hope - source\client\eterpythonlib\debug\pythongraphicimagemodule.obj
e:\metin2\c++\client\heavenly hope - source\client\eterpythonlib\debug\pythongraphic.obj
e:\metin2\c++\client\heavenly hope - source\client\eterpythonlib\debug\pythonwindowmanagermodule.obj
e:\metin2\c++\client\heavenly hope - source\client\eterpythonlib\debug\pythonwindowmanager.obj
e:\metin2\c++\client\heavenly hope - source\client\eterpythonlib\debug\pythonwindow.obj
e:\metin2\c++\client\heavenly hope - source\client\eterpythonlib\debug\pythonslotwindow.obj
e:\metin2\c++\client\heavenly hope - source\client\eterpythonlib\debug\pythongridslotwindow.obj
e:\metin2\c++\client\heavenly hope - source\client\eterpythonlib\debug\eterpythonlib.lib
e:\metin2\c++\client\heavenly hope - source\client\eterpythonlib\.\debug\eterpythonlib.lib
e:\metin2\c++\client\heavenly hope - source\client\eterpythonlib\debug\eterpythonlib.tlog\bscmake.command.1.tlog
e:\metin2\c++\client\heavenly hope - source\client\eterpythonlib\debug\eterpythonlib.tlog\bscmake.read.1.tlog
e:\metin2\c++\client\heavenly hope - source\client\eterpythonlib\debug\eterpythonlib.tlog\bscmake.write.1.tlog
e:\metin2\c++\client\heavenly hope - source\client\eterpythonlib\debug\eterpythonlib.tlog\cl.command.1.tlog
e:\metin2\c++\client\heavenly hope - source\client\eterpythonlib\debug\eterpythonlib.tlog\cl.read.1.tlog
e:\metin2\c++\client\heavenly hope - source\client\eterpythonlib\debug\eterpythonlib.tlog\cl.write.1.tlog
e:\metin2\c++\client\heavenly hope - source\client\eterpythonlib\debug\eterpythonlib.tlog\lib-link.read.1.tlog
e:\metin2\c++\client\heavenly hope - source\client\eterpythonlib\debug\eterpythonlib.tlog\lib-link.write.1.tlog
e:\metin2\c++\client\heavenly hope - source\client\eterpythonlib\debug\eterpythonlib.tlog\lib.command.1.tlog
