e:\metin2\c++\client\heavenly hope - source\client\gamelib\distribute\gamelib.pch
e:\metin2\c++\client\heavenly hope - source\client\gamelib\distribute\vc120.pdb
e:\metin2\c++\client\heavenly hope - source\client\gamelib\distribute\stdafx.obj
e:\metin2\c++\client\heavenly hope - source\client\gamelib\distribute\stdafx.cod
e:\metin2\c++\client\heavenly hope - source\client\gamelib\distribute\racedatafile.obj
e:\metin2\c++\client\heavenly hope - source\client\gamelib\distribute\racedatafile.cod
e:\metin2\c++\client\heavenly hope - source\client\gamelib\distribute\racedata.obj
e:\metin2\c++\client\heavenly hope - source\client\gamelib\distribute\racedata.cod
e:\metin2\c++\client\heavenly hope - source\client\gamelib\distribute\physicsobject.obj
e:\metin2\c++\client\heavenly hope - source\client\gamelib\distribute\physicsobject.cod
e:\metin2\c++\client\heavenly hope - source\client\gamelib\distribute\mapoutdoorwaterreflection.obj
e:\metin2\c++\client\heavenly hope - source\client\gamelib\distribute\mapoutdoorwaterreflection.cod
e:\metin2\c++\client\heavenly hope - source\client\gamelib\distribute\dungeonblock.obj
e:\metin2\c++\client\heavenly hope - source\client\gamelib\distribute\dungeonblock.cod
e:\metin2\c++\client\heavenly hope - source\client\gamelib\distribute\actorinstanceweapontrace.obj
e:\metin2\c++\client\heavenly hope - source\client\gamelib\distribute\actorinstanceweapontrace.cod
e:\metin2\c++\client\heavenly hope - source\client\gamelib\distribute\actorinstancesync.obj
e:\metin2\c++\client\heavenly hope - source\client\gamelib\distribute\actorinstancesync.cod
e:\metin2\c++\client\heavenly hope - source\client\gamelib\distribute\actorinstancerotation.obj
e:\metin2\c++\client\heavenly hope - source\client\gamelib\distribute\actorinstancerotation.cod
e:\metin2\c++\client\heavenly hope - source\client\gamelib\distribute\actorinstancerender.obj
e:\metin2\c++\client\heavenly hope - source\client\gamelib\distribute\actorinstancerender.cod
e:\metin2\c++\client\heavenly hope - source\client\gamelib\distribute\actorinstanceposition.obj
e:\metin2\c++\client\heavenly hope - source\client\gamelib\distribute\actorinstanceposition.cod
e:\metin2\c++\client\heavenly hope - source\client\gamelib\distribute\actorinstancemotionevent.obj
e:\metin2\c++\client\heavenly hope - source\client\gamelib\distribute\actorinstancemotionevent.cod
e:\metin2\c++\client\heavenly hope - source\client\gamelib\distribute\actorinstancemotion.obj
e:\metin2\c++\client\heavenly hope - source\client\gamelib\distribute\actorinstancemotion.cod
e:\metin2\c++\client\heavenly hope - source\client\gamelib\distribute\actorinstancefly.obj
e:\metin2\c++\client\heavenly hope - source\client\gamelib\distribute\actorinstancefly.cod
e:\metin2\c++\client\heavenly hope - source\client\gamelib\distribute\actorinstanceevent.obj
e:\metin2\c++\client\heavenly hope - source\client\gamelib\distribute\actorinstanceevent.cod
e:\metin2\c++\client\heavenly hope - source\client\gamelib\distribute\actorinstancedata.obj
e:\metin2\c++\client\heavenly hope - source\client\gamelib\distribute\actorinstancedata.cod
e:\metin2\c++\client\heavenly hope - source\client\gamelib\distribute\actorinstancecollisiondetection.obj
e:\metin2\c++\client\heavenly hope - source\client\gamelib\distribute\actorinstancecollisiondetection.cod
e:\metin2\c++\client\heavenly hope - source\client\gamelib\distribute\actorinstanceblend.obj
e:\metin2\c++\client\heavenly hope - source\client\gamelib\distribute\actorinstanceblend.cod
e:\metin2\c++\client\heavenly hope - source\client\gamelib\distribute\actorinstancebattle.obj
e:\metin2\c++\client\heavenly hope - source\client\gamelib\distribute\actorinstancebattle.cod
e:\metin2\c++\client\heavenly hope - source\client\gamelib\distribute\actorinstanceattach.obj
e:\metin2\c++\client\heavenly hope - source\client\gamelib\distribute\actorinstanceattach.cod
e:\metin2\c++\client\heavenly hope - source\client\gamelib\distribute\actorinstance.obj
e:\metin2\c++\client\heavenly hope - source\client\gamelib\distribute\actorinstance.cod
e:\metin2\c++\client\heavenly hope - source\client\gamelib\distribute\mapoutdoorwater.obj
e:\metin2\c++\client\heavenly hope - source\client\gamelib\distribute\mapoutdoorwater.cod
e:\metin2\c++\client\heavenly hope - source\client\gamelib\distribute\mapoutdoorupdate.obj
e:\metin2\c++\client\heavenly hope - source\client\gamelib\distribute\mapoutdoorupdate.cod
e:\metin2\c++\client\heavenly hope - source\client\gamelib\distribute\mapoutdoorrenderstp.obj
e:\metin2\c++\client\heavenly hope - source\client\gamelib\distribute\mapoutdoorrenderstp.cod
e:\metin2\c++\client\heavenly hope - source\client\gamelib\distribute\mapoutdoorrenderhtp.obj
e:\metin2\c++\client\heavenly hope - source\client\gamelib\distribute\mapoutdoorrenderhtp.cod
e:\metin2\c++\client\heavenly hope - source\client\gamelib\distribute\mapoutdoorrender.obj
e:\metin2\c++\client\heavenly hope - source\client\gamelib\distribute\mapoutdoorrender.cod
e:\metin2\c++\client\heavenly hope - source\client\gamelib\distribute\mapoutdoorquadtree.obj
e:\metin2\c++\client\heavenly hope - source\client\gamelib\distribute\mapoutdoorquadtree.cod
e:\metin2\c++\client\heavenly hope - source\client\gamelib\distribute\mapoutdoorload.obj
e:\metin2\c++\client\heavenly hope - source\client\gamelib\distribute\mapoutdoorload.cod
e:\metin2\c++\client\heavenly hope - source\client\gamelib\distribute\mapoutdoorindexbuffer.obj
e:\metin2\c++\client\heavenly hope - source\client\gamelib\distribute\mapoutdoorindexbuffer.cod
e:\metin2\c++\client\heavenly hope - source\client\gamelib\distribute\mapoutdoorcharactershadow.obj
e:\metin2\c++\client\heavenly hope - source\client\gamelib\distribute\mapoutdoorcharactershadow.cod
e:\metin2\c++\client\heavenly hope - source\client\gamelib\distribute\mapoutdoor.obj
e:\metin2\c++\client\heavenly hope - source\client\gamelib\distribute\mapoutdoor.cod
e:\metin2\c++\client\heavenly hope - source\client\gamelib\distribute\mapmanager.obj
e:\metin2\c++\client\heavenly hope - source\client\gamelib\distribute\mapmanager.cod
e:\metin2\c++\client\heavenly hope - source\client\gamelib\distribute\mapbase.obj
e:\metin2\c++\client\heavenly hope - source\client\gamelib\distribute\mapbase.cod
e:\metin2\c++\client\heavenly hope - source\client\gamelib\distribute\areaterrain.obj
e:\metin2\c++\client\heavenly hope - source\client\gamelib\distribute\areaterrain.cod
e:\metin2\c++\client\heavenly hope - source\client\gamelib\distribute\arealoaderthread.obj
e:\metin2\c++\client\heavenly hope - source\client\gamelib\distribute\arealoaderthread.cod
e:\metin2\c++\client\heavenly hope - source\client\gamelib\distribute\area.obj
e:\metin2\c++\client\heavenly hope - source\client\gamelib\distribute\area.cod
e:\metin2\c++\client\heavenly hope - source\client\gamelib\distribute\weapontrace.obj
e:\metin2\c++\client\heavenly hope - source\client\gamelib\distribute\weapontrace.cod
e:\metin2\c++\client\heavenly hope - source\client\gamelib\distribute\rainparticle.obj
e:\metin2\c++\client\heavenly hope - source\client\gamelib\distribute\rainparticle.cod
e:\metin2\c++\client\heavenly hope - source\client\gamelib\distribute\rainenvironment.obj
e:\metin2\c++\client\heavenly hope - source\client\gamelib\distribute\rainenvironment.cod
e:\metin2\c++\client\heavenly hope - source\client\gamelib\distribute\racemotiondata.obj
e:\metin2\c++\client\heavenly hope - source\client\gamelib\distribute\racemotiondata.cod
e:\metin2\c++\client\heavenly hope - source\client\gamelib\distribute\racemanager.obj
e:\metin2\c++\client\heavenly hope - source\client\gamelib\distribute\racemanager.cod
e:\metin2\c++\client\heavenly hope - source\client\gamelib\distribute\flytarget.obj
e:\metin2\c++\client\heavenly hope - source\client\gamelib\distribute\flytarget.cod
e:\metin2\c++\client\heavenly hope - source\client\gamelib\distribute\flyingobjectmanager.obj
e:\metin2\c++\client\heavenly hope - source\client\gamelib\distribute\flyingobjectmanager.cod
e:\metin2\c++\client\heavenly hope - source\client\gamelib\distribute\flyinginstance.obj
e:\metin2\c++\client\heavenly hope - source\client\gamelib\distribute\flyinginstance.cod
e:\metin2\c++\client\heavenly hope - source\client\gamelib\distribute\flyingdata.obj
e:\metin2\c++\client\heavenly hope - source\client\gamelib\distribute\flyingdata.cod
e:\metin2\c++\client\heavenly hope - source\client\gamelib\distribute\itemmanager.obj
e:\metin2\c++\client\heavenly hope - source\client\gamelib\distribute\itemmanager.cod
e:\metin2\c++\client\heavenly hope - source\client\gamelib\distribute\itemdata.obj
e:\metin2\c++\client\heavenly hope - source\client\gamelib\distribute\itemdata.cod
e:\metin2\c++\client\heavenly hope - source\client\gamelib\distribute\gameutil.obj
e:\metin2\c++\client\heavenly hope - source\client\gamelib\distribute\gameutil.cod
e:\metin2\c++\client\heavenly hope - source\client\gamelib\distribute\gametype.obj
e:\metin2\c++\client\heavenly hope - source\client\gamelib\distribute\gametype.cod
e:\metin2\c++\client\heavenly hope - source\client\gamelib\distribute\gameeventmanager.obj
e:\metin2\c++\client\heavenly hope - source\client\gamelib\distribute\gameeventmanager.cod
e:\metin2\c++\client\heavenly hope - source\client\gamelib\distribute\terrainquadtree.obj
e:\metin2\c++\client\heavenly hope - source\client\gamelib\distribute\terrainquadtree.cod
e:\metin2\c++\client\heavenly hope - source\client\gamelib\distribute\terrainpatch.obj
e:\metin2\c++\client\heavenly hope - source\client\gamelib\distribute\terrainpatch.cod
e:\metin2\c++\client\heavenly hope - source\client\gamelib\distribute\terraindecal.obj
e:\metin2\c++\client\heavenly hope - source\client\gamelib\distribute\terraindecal.cod
e:\metin2\c++\client\heavenly hope - source\client\gamelib\distribute\snowparticle.obj
e:\metin2\c++\client\heavenly hope - source\client\gamelib\distribute\snowparticle.cod
e:\metin2\c++\client\heavenly hope - source\client\gamelib\distribute\snowenvironment.obj
e:\metin2\c++\client\heavenly hope - source\client\gamelib\distribute\snowenvironment.cod
e:\metin2\c++\client\heavenly hope - source\client\gamelib\distribute\propertymanager.obj
e:\metin2\c++\client\heavenly hope - source\client\gamelib\distribute\propertymanager.cod
e:\metin2\c++\client\heavenly hope - source\client\gamelib\distribute\propertyloader.obj
e:\metin2\c++\client\heavenly hope - source\client\gamelib\distribute\propertyloader.cod
e:\metin2\c++\client\heavenly hope - source\client\gamelib\distribute\property.obj
e:\metin2\c++\client\heavenly hope - source\client\gamelib\distribute\property.cod
e:\metin2\c++\client\heavenly hope - source\client\gamelib\distribute\monsterareainfo.obj
e:\metin2\c++\client\heavenly hope - source\client\gamelib\distribute\monsterareainfo.cod
e:\metin2\c++\client\heavenly hope - source\client\gamelib\distribute\maputil.obj
e:\metin2\c++\client\heavenly hope - source\client\gamelib\distribute\maputil.cod
e:\metin2\c++\client\heavenly hope - source\client\gamelib\distribute\maptype.obj
e:\metin2\c++\client\heavenly hope - source\client\gamelib\distribute\maptype.cod
e:\metin2\c++\client\heavenly hope - source\client\gamelib\distribute\flytrace.obj
e:\metin2\c++\client\heavenly hope - source\client\gamelib\distribute\flytrace.cod
e:\metin2\c++\client\heavenly hope - source\client\gamelib\distribute\gamelib.lib
e:\metin2\c++\client\heavenly hope - source\client\gamelib\.\distribute\gamelib.lib
e:\metin2\c++\client\heavenly hope - source\client\gamelib\distribute\gamelib.tlog\cl.command.1.tlog
e:\metin2\c++\client\heavenly hope - source\client\gamelib\distribute\gamelib.tlog\cl.read.1.tlog
e:\metin2\c++\client\heavenly hope - source\client\gamelib\distribute\gamelib.tlog\cl.read.2.tlog
e:\metin2\c++\client\heavenly hope - source\client\gamelib\distribute\gamelib.tlog\cl.read.3.tlog
e:\metin2\c++\client\heavenly hope - source\client\gamelib\distribute\gamelib.tlog\cl.read.4.tlog
e:\metin2\c++\client\heavenly hope - source\client\gamelib\distribute\gamelib.tlog\cl.read.5.tlog
e:\metin2\c++\client\heavenly hope - source\client\gamelib\distribute\gamelib.tlog\cl.write.1.tlog
e:\metin2\c++\client\heavenly hope - source\client\gamelib\distribute\gamelib.tlog\cl.write.4.tlog
e:\metin2\c++\client\heavenly hope - source\client\gamelib\distribute\gamelib.tlog\cl.write.5.tlog
e:\metin2\c++\client\heavenly hope - source\client\gamelib\distribute\gamelib.tlog\lib-link.read.1.tlog
e:\metin2\c++\client\heavenly hope - source\client\gamelib\distribute\gamelib.tlog\lib-link.write.1.tlog
e:\metin2\c++\client\heavenly hope - source\client\gamelib\distribute\gamelib.tlog\lib.command.1.tlog
