e:\metin2\c++\client\heavenly hope - source\client\mileslib\debug\mileslib.bsc
e:\metin2\c++\client\heavenly hope - source\client\mileslib\debug\mileslib.pch
e:\metin2\c++\client\heavenly hope - source\client\mileslib\debug\vc120.pdb
e:\metin2\c++\client\heavenly hope - source\client\mileslib\debug\stdafx.sbr
e:\metin2\c++\client\heavenly hope - source\client\mileslib\debug\stdafx.obj
e:\metin2\c++\client\heavenly hope - source\client\mileslib\debug\soundbase.sbr
e:\metin2\c++\client\heavenly hope - source\client\mileslib\debug\sounddata.sbr
e:\metin2\c++\client\heavenly hope - source\client\mileslib\debug\soundinstance2d.sbr
e:\metin2\c++\client\heavenly hope - source\client\mileslib\debug\soundinstance3d.sbr
e:\metin2\c++\client\heavenly hope - source\client\mileslib\debug\soundinstancestream.sbr
e:\metin2\c++\client\heavenly hope - source\client\mileslib\debug\soundmanager.sbr
e:\metin2\c++\client\heavenly hope - source\client\mileslib\debug\soundmanager2d.sbr
e:\metin2\c++\client\heavenly hope - source\client\mileslib\debug\soundmanager3d.sbr
e:\metin2\c++\client\heavenly hope - source\client\mileslib\debug\soundmanagerstream.sbr
e:\metin2\c++\client\heavenly hope - source\client\mileslib\debug\type.sbr
e:\metin2\c++\client\heavenly hope - source\client\mileslib\debug\type.obj
e:\metin2\c++\client\heavenly hope - source\client\mileslib\debug\soundmanagerstream.obj
e:\metin2\c++\client\heavenly hope - source\client\mileslib\debug\soundmanager3d.obj
e:\metin2\c++\client\heavenly hope - source\client\mileslib\debug\soundmanager2d.obj
e:\metin2\c++\client\heavenly hope - source\client\mileslib\debug\soundmanager.obj
e:\metin2\c++\client\heavenly hope - source\client\mileslib\debug\soundinstancestream.obj
e:\metin2\c++\client\heavenly hope - source\client\mileslib\debug\soundinstance3d.obj
e:\metin2\c++\client\heavenly hope - source\client\mileslib\debug\soundinstance2d.obj
e:\metin2\c++\client\heavenly hope - source\client\mileslib\debug\sounddata.obj
e:\metin2\c++\client\heavenly hope - source\client\mileslib\debug\soundbase.obj
e:\metin2\c++\client\heavenly hope - source\client\mileslib\debug\mileslib.lib
e:\metin2\c++\client\heavenly hope - source\client\mileslib\.\debug\mileslib.lib
e:\metin2\c++\client\heavenly hope - source\client\mileslib\debug\mileslib.tlog\bscmake.command.1.tlog
e:\metin2\c++\client\heavenly hope - source\client\mileslib\debug\mileslib.tlog\bscmake.read.1.tlog
e:\metin2\c++\client\heavenly hope - source\client\mileslib\debug\mileslib.tlog\bscmake.write.1.tlog
e:\metin2\c++\client\heavenly hope - source\client\mileslib\debug\mileslib.tlog\cl.command.1.tlog
e:\metin2\c++\client\heavenly hope - source\client\mileslib\debug\mileslib.tlog\cl.read.1.tlog
e:\metin2\c++\client\heavenly hope - source\client\mileslib\debug\mileslib.tlog\cl.write.1.tlog
e:\metin2\c++\client\heavenly hope - source\client\mileslib\debug\mileslib.tlog\lib-link.read.1.tlog
e:\metin2\c++\client\heavenly hope - source\client\mileslib\debug\mileslib.tlog\lib-link.write.1.tlog
e:\metin2\c++\client\heavenly hope - source\client\mileslib\debug\mileslib.tlog\lib.command.1.tlog
