e:\metin2\c++\client\heavenly hope - source\client\speedtreelib\debug\speedtreelib.bsc
e:\metin2\c++\client\heavenly hope - source\client\speedtreelib\debug\vc120.pdb
e:\metin2\c++\client\heavenly hope - source\client\speedtreelib\debug\boundaryshapemanager.sbr
e:\metin2\c++\client\heavenly hope - source\client\speedtreelib\debug\speedgrassrt.sbr
e:\metin2\c++\client\heavenly hope - source\client\speedtreelib\debug\speedgrasswrapper.sbr
e:\metin2\c++\client\heavenly hope - source\client\speedtreelib\debug\speedtreeforest.sbr
e:\metin2\c++\client\heavenly hope - source\client\speedtreelib\debug\speedtreeforestdirectx8.sbr
e:\metin2\c++\client\heavenly hope - source\client\speedtreelib\debug\speedtreewrapper.sbr
e:\metin2\c++\client\heavenly hope - source\client\speedtreelib\debug\stdafx.sbr
e:\metin2\c++\client\heavenly hope - source\client\speedtreelib\debug\stdafx.obj
e:\metin2\c++\client\heavenly hope - source\client\speedtreelib\debug\speedtreewrapper.obj
e:\metin2\c++\client\heavenly hope - source\client\speedtreelib\debug\speedtreeforestdirectx8.obj
e:\metin2\c++\client\heavenly hope - source\client\speedtreelib\debug\speedtreeforest.obj
e:\metin2\c++\client\heavenly hope - source\client\speedtreelib\debug\speedgrasswrapper.obj
e:\metin2\c++\client\heavenly hope - source\client\speedtreelib\debug\speedgrassrt.obj
e:\metin2\c++\client\heavenly hope - source\client\speedtreelib\debug\boundaryshapemanager.obj
e:\metin2\c++\client\heavenly hope - source\client\speedtreelib\debug\speedtreelib.lib
e:\metin2\c++\client\heavenly hope - source\client\speedtreelib\.\debug\speedtreelib.lib
e:\metin2\c++\client\heavenly hope - source\client\speedtreelib\debug\speedtreelib.tlog\bscmake.command.1.tlog
e:\metin2\c++\client\heavenly hope - source\client\speedtreelib\debug\speedtreelib.tlog\bscmake.read.1.tlog
e:\metin2\c++\client\heavenly hope - source\client\speedtreelib\debug\speedtreelib.tlog\bscmake.write.1.tlog
e:\metin2\c++\client\heavenly hope - source\client\speedtreelib\debug\speedtreelib.tlog\cl.command.1.tlog
e:\metin2\c++\client\heavenly hope - source\client\speedtreelib\debug\speedtreelib.tlog\cl.read.1.tlog
e:\metin2\c++\client\heavenly hope - source\client\speedtreelib\debug\speedtreelib.tlog\cl.write.1.tlog
e:\metin2\c++\client\heavenly hope - source\client\speedtreelib\debug\speedtreelib.tlog\lib-link.read.1.tlog
e:\metin2\c++\client\heavenly hope - source\client\speedtreelib\debug\speedtreelib.tlog\lib-link.write.1.tlog
e:\metin2\c++\client\heavenly hope - source\client\speedtreelib\debug\speedtreelib.tlog\lib.command.1.tlog
