e:\metin2\c++\client\heavenly hope - source\client\spherelib\debug\spherelib.bsc
e:\metin2\c++\client\heavenly hope - source\client\spherelib\debug\spherelib.pch
e:\metin2\c++\client\heavenly hope - source\client\spherelib\debug\vc120.pdb
e:\metin2\c++\client\heavenly hope - source\client\spherelib\debug\stdafx.sbr
e:\metin2\c++\client\heavenly hope - source\client\spherelib\debug\stdafx.obj
e:\metin2\c++\client\heavenly hope - source\client\spherelib\debug\frustum.sbr
e:\metin2\c++\client\heavenly hope - source\client\spherelib\debug\sphere.sbr
e:\metin2\c++\client\heavenly hope - source\client\spherelib\debug\spherepack.sbr
e:\metin2\c++\client\heavenly hope - source\client\spherelib\debug\spherepack.obj
e:\metin2\c++\client\heavenly hope - source\client\spherelib\debug\sphere.obj
e:\metin2\c++\client\heavenly hope - source\client\spherelib\debug\frustum.obj
e:\metin2\c++\client\heavenly hope - source\client\spherelib\debug\spherelib.lib
e:\metin2\c++\client\heavenly hope - source\client\spherelib\.\debug\spherelib.lib
e:\metin2\c++\client\heavenly hope - source\client\spherelib\debug\spherelib.tlog\bscmake.command.1.tlog
e:\metin2\c++\client\heavenly hope - source\client\spherelib\debug\spherelib.tlog\bscmake.read.1.tlog
e:\metin2\c++\client\heavenly hope - source\client\spherelib\debug\spherelib.tlog\bscmake.write.1.tlog
e:\metin2\c++\client\heavenly hope - source\client\spherelib\debug\spherelib.tlog\cl.command.1.tlog
e:\metin2\c++\client\heavenly hope - source\client\spherelib\debug\spherelib.tlog\cl.read.1.tlog
e:\metin2\c++\client\heavenly hope - source\client\spherelib\debug\spherelib.tlog\cl.write.1.tlog
e:\metin2\c++\client\heavenly hope - source\client\spherelib\debug\spherelib.tlog\lib-link.read.1.tlog
e:\metin2\c++\client\heavenly hope - source\client\spherelib\debug\spherelib.tlog\lib-link.write.1.tlog
e:\metin2\c++\client\heavenly hope - source\client\spherelib\debug\spherelib.tlog\lib.command.1.tlog
