e:\metin2\c++\client\heavenly hope - source\client\etergrnlib\release\etergrnlib.pch
e:\metin2\c++\client\heavenly hope - source\client\etergrnlib\release\vc120.pdb
e:\metin2\c++\client\heavenly hope - source\client\etergrnlib\release\stdafx.obj
e:\metin2\c++\client\heavenly hope - source\client\etergrnlib\release\util.obj
e:\metin2\c++\client\heavenly hope - source\client\etergrnlib\release\thinginstance.obj
e:\metin2\c++\client\heavenly hope - source\client\etergrnlib\release\thing.obj
e:\metin2\c++\client\heavenly hope - source\client\etergrnlib\release\motion.obj
e:\metin2\c++\client\heavenly hope - source\client\etergrnlib\release\modelinstanceupdate.obj
e:\metin2\c++\client\heavenly hope - source\client\etergrnlib\release\modelinstancerender.obj
e:\metin2\c++\client\heavenly hope - source\client\etergrnlib\release\modelinstancemotion.obj
e:\metin2\c++\client\heavenly hope - source\client\etergrnlib\release\modelinstancemodel.obj
e:\metin2\c++\client\heavenly hope - source\client\etergrnlib\release\modelinstancecollisiondetection.obj
e:\metin2\c++\client\heavenly hope - source\client\etergrnlib\release\modelinstance.obj
e:\metin2\c++\client\heavenly hope - source\client\etergrnlib\release\model.obj
e:\metin2\c++\client\heavenly hope - source\client\etergrnlib\release\mesh.obj
e:\metin2\c++\client\heavenly hope - source\client\etergrnlib\release\material.obj
e:\metin2\c++\client\heavenly hope - source\client\etergrnlib\release\lodcontroller.obj
e:\metin2\c++\client\heavenly hope - source\client\etergrnlib\release\etergrnlib.lib
e:\metin2\c++\client\heavenly hope - source\client\etergrnlib\.\release\etergrnlib.lib
e:\metin2\c++\client\heavenly hope - source\client\etergrnlib\release\etergrnlib.tlog\cl.command.1.tlog
e:\metin2\c++\client\heavenly hope - source\client\etergrnlib\release\etergrnlib.tlog\cl.read.1.tlog
e:\metin2\c++\client\heavenly hope - source\client\etergrnlib\release\etergrnlib.tlog\cl.write.1.tlog
e:\metin2\c++\client\heavenly hope - source\client\etergrnlib\release\etergrnlib.tlog\lib-link.read.1.tlog
e:\metin2\c++\client\heavenly hope - source\client\etergrnlib\release\etergrnlib.tlog\lib-link.write.1.tlog
e:\metin2\c++\client\heavenly hope - source\client\etergrnlib\release\etergrnlib.tlog\lib.command.1.tlog
