e:\metin2\c++\client\heavenly hope - source\client\eterpack\distribute\vc120.pdb
e:\metin2\c++\client\heavenly hope - source\client\eterpack\distribute\stdafx.obj
e:\metin2\c++\client\heavenly hope - source\client\eterpack\distribute\stdafx.cod
e:\metin2\c++\client\heavenly hope - source\client\eterpack\distribute\eterpackpolicy_cshybridcrypt.obj
e:\metin2\c++\client\heavenly hope - source\client\eterpack\distribute\eterpackpolicy_cshybridcrypt.cod
e:\metin2\c++\client\heavenly hope - source\client\eterpack\distribute\eterpackmanager.obj
e:\metin2\c++\client\heavenly hope - source\client\eterpack\distribute\eterpackmanager.cod
e:\metin2\c++\client\heavenly hope - source\client\eterpack\distribute\eterpackcursor.obj
e:\metin2\c++\client\heavenly hope - source\client\eterpack\distribute\eterpackcursor.cod
e:\metin2\c++\client\heavenly hope - source\client\eterpack\distribute\eterpack.obj
e:\metin2\c++\client\heavenly hope - source\client\eterpack\distribute\eterpack.cod
e:\metin2\c++\client\heavenly hope - source\client\eterpack\distribute\md5.obj
e:\metin2\c++\client\heavenly hope - source\client\eterpack\distribute\md5.cod
e:\metin2\c++\client\heavenly hope - source\client\eterpack\distribute\eterpack.lib
e:\metin2\c++\client\heavenly hope - source\client\eterpack\.\distribute\eterpack.lib
e:\metin2\c++\client\heavenly hope - source\client\eterpack\distribute\eterpack.tlog\cl.command.1.tlog
e:\metin2\c++\client\heavenly hope - source\client\eterpack\distribute\eterpack.tlog\cl.read.1.tlog
e:\metin2\c++\client\heavenly hope - source\client\eterpack\distribute\eterpack.tlog\cl.read.2.tlog
e:\metin2\c++\client\heavenly hope - source\client\eterpack\distribute\eterpack.tlog\cl.read.3.tlog
e:\metin2\c++\client\heavenly hope - source\client\eterpack\distribute\eterpack.tlog\cl.read.4.tlog
e:\metin2\c++\client\heavenly hope - source\client\eterpack\distribute\eterpack.tlog\cl.read.5.tlog
e:\metin2\c++\client\heavenly hope - source\client\eterpack\distribute\eterpack.tlog\cl.write.1.tlog
e:\metin2\c++\client\heavenly hope - source\client\eterpack\distribute\eterpack.tlog\cl.write.2.tlog
e:\metin2\c++\client\heavenly hope - source\client\eterpack\distribute\eterpack.tlog\lib-link.read.1.tlog
e:\metin2\c++\client\heavenly hope - source\client\eterpack\distribute\eterpack.tlog\lib-link.write.1.tlog
e:\metin2\c++\client\heavenly hope - source\client\eterpack\distribute\eterpack.tlog\lib.command.1.tlog
