e:\metin2\c++\client\heavenly hope - source\client\eterlib\distribute\eterlib.pch
e:\metin2\c++\client\heavenly hope - source\client\eterlib\distribute\vc120.pdb
e:\metin2\c++\client\heavenly hope - source\client\eterlib\distribute\stdafx.obj
e:\metin2\c++\client\heavenly hope - source\client\eterlib\distribute\stdafx.cod
e:\metin2\c++\client\heavenly hope - source\client\eterlib\distribute\grpvertexbuffer.obj
e:\metin2\c++\client\heavenly hope - source\client\eterlib\distribute\grpvertexbuffer.cod
e:\metin2\c++\client\heavenly hope - source\client\eterlib\distribute\grpshadowtexture.obj
e:\metin2\c++\client\heavenly hope - source\client\eterlib\distribute\grpshadowtexture.cod
e:\metin2\c++\client\heavenly hope - source\client\eterlib\distribute\grpratioinstance.obj
e:\metin2\c++\client\heavenly hope - source\client\eterlib\distribute\grpratioinstance.cod
e:\metin2\c++\client\heavenly hope - source\client\eterlib\distribute\grppixelshader.obj
e:\metin2\c++\client\heavenly hope - source\client\eterlib\distribute\grppixelshader.cod
e:\metin2\c++\client\heavenly hope - source\client\eterlib\distribute\grpobjectinstance.obj
e:\metin2\c++\client\heavenly hope - source\client\eterlib\distribute\grpobjectinstance.cod
e:\metin2\c++\client\heavenly hope - source\client\eterlib\distribute\grplightmanager.obj
e:\metin2\c++\client\heavenly hope - source\client\eterlib\distribute\grplightmanager.cod
e:\metin2\c++\client\heavenly hope - source\client\eterlib\distribute\grpindexbuffer.obj
e:\metin2\c++\client\heavenly hope - source\client\eterlib\distribute\grpindexbuffer.cod
e:\metin2\c++\client\heavenly hope - source\client\eterlib\distribute\grpdib.obj
e:\metin2\c++\client\heavenly hope - source\client\eterlib\distribute\grpdib.cod
e:\metin2\c++\client\heavenly hope - source\client\eterlib\distribute\grpd3dxbuffer.obj
e:\metin2\c++\client\heavenly hope - source\client\eterlib\distribute\grpd3dxbuffer.cod
e:\metin2\c++\client\heavenly hope - source\client\eterlib\distribute\grpcolorinstance.obj
e:\metin2\c++\client\heavenly hope - source\client\eterlib\distribute\grpcolorinstance.cod
e:\metin2\c++\client\heavenly hope - source\client\eterlib\distribute\grpcolor.obj
e:\metin2\c++\client\heavenly hope - source\client\eterlib\distribute\grpcolor.cod
e:\metin2\c++\client\heavenly hope - source\client\eterlib\distribute\grpcollisionobject.obj
e:\metin2\c++\client\heavenly hope - source\client\eterlib\distribute\grpcollisionobject.cod
e:\metin2\c++\client\heavenly hope - source\client\eterlib\distribute\fileloaderthread.obj
e:\metin2\c++\client\heavenly hope - source\client\eterlib\distribute\fileloaderthread.cod
e:\metin2\c++\client\heavenly hope - source\client\eterlib\distribute\environmentmap.obj
e:\metin2\c++\client\heavenly hope - source\client\eterlib\distribute\environmentmap.cod
e:\metin2\c++\client\heavenly hope - source\client\eterlib\distribute\decal.obj
e:\metin2\c++\client\heavenly hope - source\client\eterlib\distribute\decal.cod
e:\metin2\c++\client\heavenly hope - source\client\eterlib\distribute\colortransitionhelper.obj
e:\metin2\c++\client\heavenly hope - source\client\eterlib\distribute\colortransitionhelper.cod
e:\metin2\c++\client\heavenly hope - source\client\eterlib\distribute\collisiondata.obj
e:\metin2\c++\client\heavenly hope - source\client\eterlib\distribute\collisiondata.cod
e:\metin2\c++\client\heavenly hope - source\client\eterlib\distribute\camera.obj
e:\metin2\c++\client\heavenly hope - source\client\eterlib\distribute\camera.cod
e:\metin2\c++\client\heavenly hope - source\client\eterlib\distribute\attributeinstance.obj
e:\metin2\c++\client\heavenly hope - source\client\eterlib\distribute\attributeinstance.cod
e:\metin2\c++\client\heavenly hope - source\client\eterlib\distribute\attributedata.obj
e:\metin2\c++\client\heavenly hope - source\client\eterlib\distribute\attributedata.cod
e:\metin2\c++\client\heavenly hope - source\client\eterlib\distribute\grpdetector.obj
e:\metin2\c++\client\heavenly hope - source\client\eterlib\distribute\grpdetector.cod
e:\metin2\c++\client\heavenly hope - source\client\eterlib\distribute\grpbase.obj
e:\metin2\c++\client\heavenly hope - source\client\eterlib\distribute\grpbase.cod
e:\metin2\c++\client\heavenly hope - source\client\eterlib\distribute\cullingmanager.obj
e:\metin2\c++\client\heavenly hope - source\client\eterlib\distribute\cullingmanager.cod
e:\metin2\c++\client\heavenly hope - source\client\eterlib\distribute\util.obj
e:\metin2\c++\client\heavenly hope - source\client\eterlib\distribute\util.cod
e:\metin2\c++\client\heavenly hope - source\client\eterlib\distribute\thread.obj
e:\metin2\c++\client\heavenly hope - source\client\eterlib\distribute\thread.cod
e:\metin2\c++\client\heavenly hope - source\client\eterlib\distribute\targaresource.obj
e:\metin2\c++\client\heavenly hope - source\client\eterlib\distribute\targaresource.cod
e:\metin2\c++\client\heavenly hope - source\client\eterlib\distribute\skybox.obj
e:\metin2\c++\client\heavenly hope - source\client\eterlib\distribute\skybox.cod
e:\metin2\c++\client\heavenly hope - source\client\eterlib\distribute\screenfilter.obj
e:\metin2\c++\client\heavenly hope - source\client\eterlib\distribute\screenfilter.cod
e:\metin2\c++\client\heavenly hope - source\client\eterlib\distribute\referenceobject.obj
e:\metin2\c++\client\heavenly hope - source\client\eterlib\distribute\referenceobject.cod
e:\metin2\c++\client\heavenly hope - source\client\eterlib\distribute\pathstack.obj
e:\metin2\c++\client\heavenly hope - source\client\eterlib\distribute\pathstack.cod
e:\metin2\c++\client\heavenly hope - source\client\eterlib\distribute\parser.obj
e:\metin2\c++\client\heavenly hope - source\client\eterlib\distribute\parser.cod
e:\metin2\c++\client\heavenly hope - source\client\eterlib\distribute\mutex.obj
e:\metin2\c++\client\heavenly hope - source\client\eterlib\distribute\mutex.cod
e:\metin2\c++\client\heavenly hope - source\client\eterlib\distribute\mswindow.obj
e:\metin2\c++\client\heavenly hope - source\client\eterlib\distribute\mswindow.cod
e:\metin2\c++\client\heavenly hope - source\client\eterlib\distribute\msapplication.obj
e:\metin2\c++\client\heavenly hope - source\client\eterlib\distribute\msapplication.cod
e:\metin2\c++\client\heavenly hope - source\client\eterlib\distribute\lineintersect_utils.obj
e:\metin2\c++\client\heavenly hope - source\client\eterlib\distribute\lineintersect_utils.cod
e:\metin2\c++\client\heavenly hope - source\client\eterlib\distribute\lensflare.obj
e:\metin2\c++\client\heavenly hope - source\client\eterlib\distribute\lensflare.cod
e:\metin2\c++\client\heavenly hope - source\client\eterlib\distribute\input.obj
e:\metin2\c++\client\heavenly hope - source\client\eterlib\distribute\input.cod
e:\metin2\c++\client\heavenly hope - source\client\eterlib\distribute\grpvertexshader.obj
e:\metin2\c++\client\heavenly hope - source\client\eterlib\distribute\grpvertexshader.cod
e:\metin2\c++\client\heavenly hope - source\client\eterlib\distribute\grpvertexbufferstatic.obj
e:\metin2\c++\client\heavenly hope - source\client\eterlib\distribute\grpvertexbufferstatic.cod
e:\metin2\c++\client\heavenly hope - source\client\eterlib\distribute\grpvertexbufferdynamic.obj
e:\metin2\c++\client\heavenly hope - source\client\eterlib\distribute\grpvertexbufferdynamic.cod
e:\metin2\c++\client\heavenly hope - source\client\eterlib\distribute\netpacketheadermap.obj
e:\metin2\c++\client\heavenly hope - source\client\eterlib\distribute\netpacketheadermap.cod
e:\metin2\c++\client\heavenly hope - source\client\eterlib\distribute\netdevice.obj
e:\metin2\c++\client\heavenly hope - source\client\eterlib\distribute\netdevice.cod
e:\metin2\c++\client\heavenly hope - source\client\eterlib\distribute\netdatagramsender.obj
e:\metin2\c++\client\heavenly hope - source\client\eterlib\distribute\netdatagramsender.cod
e:\metin2\c++\client\heavenly hope - source\client\eterlib\distribute\netdatagramreceiver.obj
e:\metin2\c++\client\heavenly hope - source\client\eterlib\distribute\netdatagramreceiver.cod
e:\metin2\c++\client\heavenly hope - source\client\eterlib\distribute\netdatagram.obj
e:\metin2\c++\client\heavenly hope - source\client\eterlib\distribute\netdatagram.cod
e:\metin2\c++\client\heavenly hope - source\client\eterlib\distribute\netaddress.obj
e:\metin2\c++\client\heavenly hope - source\client\eterlib\distribute\netaddress.cod
e:\metin2\c++\client\heavenly hope - source\client\eterlib\distribute\grptexture.obj
e:\metin2\c++\client\heavenly hope - source\client\eterlib\distribute\grptexture.cod
e:\metin2\c++\client\heavenly hope - source\client\eterlib\distribute\grpsubimage.obj
e:\metin2\c++\client\heavenly hope - source\client\eterlib\distribute\grpsubimage.cod
e:\metin2\c++\client\heavenly hope - source\client\eterlib\distribute\grpmarkinstance.obj
e:\metin2\c++\client\heavenly hope - source\client\eterlib\distribute\grpmarkinstance.cod
e:\metin2\c++\client\heavenly hope - source\client\eterlib\distribute\grpimagetexture.obj
e:\metin2\c++\client\heavenly hope - source\client\eterlib\distribute\grpimagetexture.cod
e:\metin2\c++\client\heavenly hope - source\client\eterlib\distribute\grpimageinstance.obj
e:\metin2\c++\client\heavenly hope - source\client\eterlib\distribute\grpimageinstance.cod
e:\metin2\c++\client\heavenly hope - source\client\eterlib\distribute\grpimage.obj
e:\metin2\c++\client\heavenly hope - source\client\eterlib\distribute\grpimage.cod
e:\metin2\c++\client\heavenly hope - source\client\eterlib\distribute\grpexpandedimageinstance.obj
e:\metin2\c++\client\heavenly hope - source\client\eterlib\distribute\grpexpandedimageinstance.cod
e:\metin2\c++\client\heavenly hope - source\client\eterlib\distribute\resourcemanager.obj
e:\metin2\c++\client\heavenly hope - source\client\eterlib\distribute\resourcemanager.cod
e:\metin2\c++\client\heavenly hope - source\client\eterlib\distribute\resource.obj
e:\metin2\c++\client\heavenly hope - source\client\eterlib\distribute\resource.cod
e:\metin2\c++\client\heavenly hope - source\client\eterlib\distribute\statemanager.obj
e:\metin2\c++\client\heavenly hope - source\client\eterlib\distribute\statemanager.cod
e:\metin2\c++\client\heavenly hope - source\client\eterlib\distribute\jpegfile.obj
e:\metin2\c++\client\heavenly hope - source\client\eterlib\distribute\jpegfile.cod
e:\metin2\c++\client\heavenly hope - source\client\eterlib\distribute\grpscreen.obj
e:\metin2\c++\client\heavenly hope - source\client\eterlib\distribute\grpscreen.cod
e:\metin2\c++\client\heavenly hope - source\client\eterlib\distribute\grpmath.obj
e:\metin2\c++\client\heavenly hope - source\client\eterlib\distribute\grpmath.cod
e:\metin2\c++\client\heavenly hope - source\client\eterlib\distribute\grpdevice.obj
e:\metin2\c++\client\heavenly hope - source\client\eterlib\distribute\grpdevice.cod
e:\metin2\c++\client\heavenly hope - source\client\eterlib\distribute\textfileloader.obj
e:\metin2\c++\client\heavenly hope - source\client\eterlib\distribute\textfileloader.cod
e:\metin2\c++\client\heavenly hope - source\client\eterlib\distribute\ime.obj
e:\metin2\c++\client\heavenly hope - source\client\eterlib\distribute\ime.cod
e:\metin2\c++\client\heavenly hope - source\client\eterlib\distribute\textbar.obj
e:\metin2\c++\client\heavenly hope - source\client\eterlib\distribute\textbar.cod
e:\metin2\c++\client\heavenly hope - source\client\eterlib\distribute\dibbar.obj
e:\metin2\c++\client\heavenly hope - source\client\eterlib\distribute\dibbar.cod
e:\metin2\c++\client\heavenly hope - source\client\eterlib\distribute\blocktexture.obj
e:\metin2\c++\client\heavenly hope - source\client\eterlib\distribute\blocktexture.cod
e:\metin2\c++\client\heavenly hope - source\client\eterlib\distribute\texttag.obj
e:\metin2\c++\client\heavenly hope - source\client\eterlib\distribute\texttag.cod
e:\metin2\c++\client\heavenly hope - source\client\eterlib\distribute\grptextinstance.obj
e:\metin2\c++\client\heavenly hope - source\client\eterlib\distribute\grptextinstance.cod
e:\metin2\c++\client\heavenly hope - source\client\eterlib\distribute\grptext.obj
e:\metin2\c++\client\heavenly hope - source\client\eterlib\distribute\grptext.cod
e:\metin2\c++\client\heavenly hope - source\client\eterlib\distribute\grpfonttexture.obj
e:\metin2\c++\client\heavenly hope - source\client\eterlib\distribute\grpfonttexture.cod
e:\metin2\c++\client\heavenly hope - source\client\eterlib\distribute\netstream.obj
e:\metin2\c++\client\heavenly hope - source\client\eterlib\distribute\netstream.cod
e:\metin2\c++\client\heavenly hope - source\client\eterlib\distribute\eterlib.lib
e:\metin2\c++\client\heavenly hope - source\client\eterlib\.\distribute\eterlib.lib
e:\metin2\c++\client\heavenly hope - source\client\eterlib\distribute\eterlib.tlog\cl.command.1.tlog
e:\metin2\c++\client\heavenly hope - source\client\eterlib\distribute\eterlib.tlog\cl.read.1.tlog
e:\metin2\c++\client\heavenly hope - source\client\eterlib\distribute\eterlib.tlog\cl.read.2.tlog
e:\metin2\c++\client\heavenly hope - source\client\eterlib\distribute\eterlib.tlog\cl.read.3.tlog
e:\metin2\c++\client\heavenly hope - source\client\eterlib\distribute\eterlib.tlog\cl.read.4.tlog
e:\metin2\c++\client\heavenly hope - source\client\eterlib\distribute\eterlib.tlog\cl.read.5.tlog
e:\metin2\c++\client\heavenly hope - source\client\eterlib\distribute\eterlib.tlog\cl.write.1.tlog
e:\metin2\c++\client\heavenly hope - source\client\eterlib\distribute\eterlib.tlog\lib-link.read.1.tlog
e:\metin2\c++\client\heavenly hope - source\client\eterlib\distribute\eterlib.tlog\lib-link.write.1.tlog
e:\metin2\c++\client\heavenly hope - source\client\eterlib\distribute\eterlib.tlog\lib.command.1.tlog
