e:\metin2\c++\client\heavenly hope - source\client\gamelib\debug\gamelib.bsc
e:\metin2\c++\client\heavenly hope - source\client\gamelib\debug\gamelib.pch
e:\metin2\c++\client\heavenly hope - source\client\gamelib\debug\vc120.pdb
e:\metin2\c++\client\heavenly hope - source\client\gamelib\debug\stdafx.sbr
e:\metin2\c++\client\heavenly hope - source\client\gamelib\debug\stdafx.obj
e:\metin2\c++\client\heavenly hope - source\client\gamelib\debug\actorinstance.sbr
e:\metin2\c++\client\heavenly hope - source\client\gamelib\debug\actorinstanceattach.sbr
e:\metin2\c++\client\heavenly hope - source\client\gamelib\debug\actorinstancebattle.sbr
e:\metin2\c++\client\heavenly hope - source\client\gamelib\debug\actorinstanceblend.sbr
e:\metin2\c++\client\heavenly hope - source\client\gamelib\debug\actorinstancecollisiondetection.sbr
e:\metin2\c++\client\heavenly hope - source\client\gamelib\debug\actorinstancedata.sbr
e:\metin2\c++\client\heavenly hope - source\client\gamelib\debug\actorinstanceevent.sbr
e:\metin2\c++\client\heavenly hope - source\client\gamelib\debug\actorinstancefly.sbr
e:\metin2\c++\client\heavenly hope - source\client\gamelib\debug\actorinstancemotion.sbr
e:\metin2\c++\client\heavenly hope - source\client\gamelib\debug\actorinstancemotionevent.sbr
e:\metin2\c++\client\heavenly hope - source\client\gamelib\debug\actorinstanceposition.sbr
e:\metin2\c++\client\heavenly hope - source\client\gamelib\debug\actorinstancerender.sbr
e:\metin2\c++\client\heavenly hope - source\client\gamelib\debug\actorinstancerotation.sbr
e:\metin2\c++\client\heavenly hope - source\client\gamelib\debug\actorinstancesync.sbr
e:\metin2\c++\client\heavenly hope - source\client\gamelib\debug\actorinstanceweapontrace.sbr
e:\metin2\c++\client\heavenly hope - source\client\gamelib\debug\dungeonblock.sbr
e:\metin2\c++\client\heavenly hope - source\client\gamelib\debug\physicsobject.sbr
e:\metin2\c++\client\heavenly hope - source\client\gamelib\debug\racedata.sbr
e:\metin2\c++\client\heavenly hope - source\client\gamelib\debug\racedatafile.sbr
e:\metin2\c++\client\heavenly hope - source\client\gamelib\debug\racemanager.sbr
e:\metin2\c++\client\heavenly hope - source\client\gamelib\debug\racemanager.obj
e:\metin2\c++\client\heavenly hope - source\client\gamelib\debug\racedatafile.obj
e:\metin2\c++\client\heavenly hope - source\client\gamelib\debug\racedata.obj
e:\metin2\c++\client\heavenly hope - source\client\gamelib\debug\physicsobject.obj
e:\metin2\c++\client\heavenly hope - source\client\gamelib\debug\dungeonblock.obj
e:\metin2\c++\client\heavenly hope - source\client\gamelib\debug\actorinstanceweapontrace.obj
e:\metin2\c++\client\heavenly hope - source\client\gamelib\debug\actorinstancesync.obj
e:\metin2\c++\client\heavenly hope - source\client\gamelib\debug\actorinstancerotation.obj
e:\metin2\c++\client\heavenly hope - source\client\gamelib\debug\actorinstancerender.obj
e:\metin2\c++\client\heavenly hope - source\client\gamelib\debug\actorinstanceposition.obj
e:\metin2\c++\client\heavenly hope - source\client\gamelib\debug\actorinstancemotionevent.obj
e:\metin2\c++\client\heavenly hope - source\client\gamelib\debug\actorinstancemotion.obj
e:\metin2\c++\client\heavenly hope - source\client\gamelib\debug\actorinstancefly.obj
e:\metin2\c++\client\heavenly hope - source\client\gamelib\debug\actorinstanceevent.obj
e:\metin2\c++\client\heavenly hope - source\client\gamelib\debug\actorinstancedata.obj
e:\metin2\c++\client\heavenly hope - source\client\gamelib\debug\actorinstancecollisiondetection.obj
e:\metin2\c++\client\heavenly hope - source\client\gamelib\debug\actorinstanceblend.obj
e:\metin2\c++\client\heavenly hope - source\client\gamelib\debug\actorinstancebattle.obj
e:\metin2\c++\client\heavenly hope - source\client\gamelib\debug\actorinstanceattach.obj
e:\metin2\c++\client\heavenly hope - source\client\gamelib\debug\actorinstance.obj
e:\metin2\c++\client\heavenly hope - source\client\gamelib\debug\racemotiondata.sbr
e:\metin2\c++\client\heavenly hope - source\client\gamelib\debug\weapontrace.sbr
e:\metin2\c++\client\heavenly hope - source\client\gamelib\debug\area.sbr
e:\metin2\c++\client\heavenly hope - source\client\gamelib\debug\arealoaderthread.sbr
e:\metin2\c++\client\heavenly hope - source\client\gamelib\debug\areaterrain.sbr
e:\metin2\c++\client\heavenly hope - source\client\gamelib\debug\mapbase.sbr
e:\metin2\c++\client\heavenly hope - source\client\gamelib\debug\mapmanager.sbr
e:\metin2\c++\client\heavenly hope - source\client\gamelib\debug\mapoutdoor.sbr
e:\metin2\c++\client\heavenly hope - source\client\gamelib\debug\mapoutdoorcharactershadow.sbr
e:\metin2\c++\client\heavenly hope - source\client\gamelib\debug\mapoutdoorindexbuffer.sbr
e:\metin2\c++\client\heavenly hope - source\client\gamelib\debug\mapoutdoorload.sbr
e:\metin2\c++\client\heavenly hope - source\client\gamelib\debug\mapoutdoorquadtree.sbr
e:\metin2\c++\client\heavenly hope - source\client\gamelib\debug\mapoutdoorrender.sbr
e:\metin2\c++\client\heavenly hope - source\client\gamelib\debug\mapoutdoorrenderhtp.sbr
e:\metin2\c++\client\heavenly hope - source\client\gamelib\debug\mapoutdoorrenderstp.sbr
e:\metin2\c++\client\heavenly hope - source\client\gamelib\debug\mapoutdoorupdate.sbr
e:\metin2\c++\client\heavenly hope - source\client\gamelib\debug\mapoutdoorwater.sbr
e:\metin2\c++\client\heavenly hope - source\client\gamelib\debug\maptype.sbr
e:\metin2\c++\client\heavenly hope - source\client\gamelib\debug\maputil.sbr
e:\metin2\c++\client\heavenly hope - source\client\gamelib\debug\monsterareainfo.sbr
e:\metin2\c++\client\heavenly hope - source\client\gamelib\debug\monsterareainfo.obj
e:\metin2\c++\client\heavenly hope - source\client\gamelib\debug\maputil.obj
e:\metin2\c++\client\heavenly hope - source\client\gamelib\debug\maptype.obj
e:\metin2\c++\client\heavenly hope - source\client\gamelib\debug\mapoutdoorwater.obj
e:\metin2\c++\client\heavenly hope - source\client\gamelib\debug\mapoutdoorupdate.obj
e:\metin2\c++\client\heavenly hope - source\client\gamelib\debug\mapoutdoorrenderstp.obj
e:\metin2\c++\client\heavenly hope - source\client\gamelib\debug\mapoutdoorrenderhtp.obj
e:\metin2\c++\client\heavenly hope - source\client\gamelib\debug\mapoutdoorrender.obj
e:\metin2\c++\client\heavenly hope - source\client\gamelib\debug\mapoutdoorquadtree.obj
e:\metin2\c++\client\heavenly hope - source\client\gamelib\debug\mapoutdoorload.obj
e:\metin2\c++\client\heavenly hope - source\client\gamelib\debug\mapoutdoorindexbuffer.obj
e:\metin2\c++\client\heavenly hope - source\client\gamelib\debug\mapoutdoorcharactershadow.obj
e:\metin2\c++\client\heavenly hope - source\client\gamelib\debug\mapoutdoor.obj
e:\metin2\c++\client\heavenly hope - source\client\gamelib\debug\mapmanager.obj
e:\metin2\c++\client\heavenly hope - source\client\gamelib\debug\mapbase.obj
e:\metin2\c++\client\heavenly hope - source\client\gamelib\debug\areaterrain.obj
e:\metin2\c++\client\heavenly hope - source\client\gamelib\debug\arealoaderthread.obj
e:\metin2\c++\client\heavenly hope - source\client\gamelib\debug\area.obj
e:\metin2\c++\client\heavenly hope - source\client\gamelib\debug\weapontrace.obj
e:\metin2\c++\client\heavenly hope - source\client\gamelib\debug\racemotiondata.obj
e:\metin2\c++\client\heavenly hope - source\client\gamelib\debug\property.sbr
e:\metin2\c++\client\heavenly hope - source\client\gamelib\debug\propertyloader.sbr
e:\metin2\c++\client\heavenly hope - source\client\gamelib\debug\propertymanager.sbr
e:\metin2\c++\client\heavenly hope - source\client\gamelib\debug\snowenvironment.sbr
e:\metin2\c++\client\heavenly hope - source\client\gamelib\debug\snowparticle.sbr
e:\metin2\c++\client\heavenly hope - source\client\gamelib\debug\terraindecal.sbr
e:\metin2\c++\client\heavenly hope - source\client\gamelib\debug\terrainpatch.sbr
e:\metin2\c++\client\heavenly hope - source\client\gamelib\debug\terrainquadtree.sbr
e:\metin2\c++\client\heavenly hope - source\client\gamelib\debug\gameeventmanager.sbr
e:\metin2\c++\client\heavenly hope - source\client\gamelib\debug\gametype.sbr
e:\metin2\c++\client\heavenly hope - source\client\gamelib\debug\gameutil.sbr
e:\metin2\c++\client\heavenly hope - source\client\gamelib\debug\itemdata.sbr
e:\metin2\c++\client\heavenly hope - source\client\gamelib\debug\itemmanager.sbr
e:\metin2\c++\client\heavenly hope - source\client\gamelib\debug\flyingdata.sbr
e:\metin2\c++\client\heavenly hope - source\client\gamelib\debug\flyinginstance.sbr
e:\metin2\c++\client\heavenly hope - source\client\gamelib\debug\flyingobjectmanager.sbr
e:\metin2\c++\client\heavenly hope - source\client\gamelib\debug\flytarget.sbr
e:\metin2\c++\client\heavenly hope - source\client\gamelib\debug\flytrace.sbr
e:\metin2\c++\client\heavenly hope - source\client\gamelib\debug\flytrace.obj
e:\metin2\c++\client\heavenly hope - source\client\gamelib\debug\flytarget.obj
e:\metin2\c++\client\heavenly hope - source\client\gamelib\debug\flyingobjectmanager.obj
e:\metin2\c++\client\heavenly hope - source\client\gamelib\debug\flyinginstance.obj
e:\metin2\c++\client\heavenly hope - source\client\gamelib\debug\flyingdata.obj
e:\metin2\c++\client\heavenly hope - source\client\gamelib\debug\itemmanager.obj
e:\metin2\c++\client\heavenly hope - source\client\gamelib\debug\itemdata.obj
e:\metin2\c++\client\heavenly hope - source\client\gamelib\debug\gameutil.obj
e:\metin2\c++\client\heavenly hope - source\client\gamelib\debug\gametype.obj
e:\metin2\c++\client\heavenly hope - source\client\gamelib\debug\gameeventmanager.obj
e:\metin2\c++\client\heavenly hope - source\client\gamelib\debug\terrainquadtree.obj
e:\metin2\c++\client\heavenly hope - source\client\gamelib\debug\terrainpatch.obj
e:\metin2\c++\client\heavenly hope - source\client\gamelib\debug\terraindecal.obj
e:\metin2\c++\client\heavenly hope - source\client\gamelib\debug\snowparticle.obj
e:\metin2\c++\client\heavenly hope - source\client\gamelib\debug\snowenvironment.obj
e:\metin2\c++\client\heavenly hope - source\client\gamelib\debug\propertymanager.obj
e:\metin2\c++\client\heavenly hope - source\client\gamelib\debug\propertyloader.obj
e:\metin2\c++\client\heavenly hope - source\client\gamelib\debug\property.obj
e:\metin2\c++\client\heavenly hope - source\client\gamelib\debug\rainparticle.obj
e:\metin2\c++\client\heavenly hope - source\client\gamelib\debug\rainenvironment.obj
e:\metin2\c++\client\heavenly hope - source\client\gamelib\debug\mapoutdoorwaterreflection.obj
e:\metin2\c++\client\heavenly hope - source\client\gamelib\debug\gamelib.lib
e:\metin2\c++\client\heavenly hope - source\client\gamelib\.\debug\gamelib.lib
e:\metin2\c++\client\heavenly hope - source\client\gamelib\debug\gamelib.tlog\bscmake.command.1.tlog
e:\metin2\c++\client\heavenly hope - source\client\gamelib\debug\gamelib.tlog\bscmake.read.1.tlog
e:\metin2\c++\client\heavenly hope - source\client\gamelib\debug\gamelib.tlog\bscmake.write.1.tlog
e:\metin2\c++\client\heavenly hope - source\client\gamelib\debug\gamelib.tlog\cl.command.1.tlog
e:\metin2\c++\client\heavenly hope - source\client\gamelib\debug\gamelib.tlog\cl.read.1.tlog
e:\metin2\c++\client\heavenly hope - source\client\gamelib\debug\gamelib.tlog\cl.write.1.tlog
e:\metin2\c++\client\heavenly hope - source\client\gamelib\debug\gamelib.tlog\lib-link.read.1.tlog
e:\metin2\c++\client\heavenly hope - source\client\gamelib\debug\gamelib.tlog\lib-link.write.1.tlog
e:\metin2\c++\client\heavenly hope - source\client\gamelib\debug\gamelib.tlog\lib.command.1.tlog
