e:\metin2\c++\client\heavenly hope - source\client\mileslib\distribute\mileslib.pch
e:\metin2\c++\client\heavenly hope - source\client\mileslib\distribute\vc120.pdb
e:\metin2\c++\client\heavenly hope - source\client\mileslib\distribute\stdafx.obj
e:\metin2\c++\client\heavenly hope - source\client\mileslib\distribute\stdafx.cod
e:\metin2\c++\client\heavenly hope - source\client\mileslib\distribute\type.obj
e:\metin2\c++\client\heavenly hope - source\client\mileslib\distribute\type.cod
e:\metin2\c++\client\heavenly hope - source\client\mileslib\distribute\soundmanagerstream.obj
e:\metin2\c++\client\heavenly hope - source\client\mileslib\distribute\soundmanagerstream.cod
e:\metin2\c++\client\heavenly hope - source\client\mileslib\distribute\soundmanager3d.obj
e:\metin2\c++\client\heavenly hope - source\client\mileslib\distribute\soundmanager3d.cod
e:\metin2\c++\client\heavenly hope - source\client\mileslib\distribute\soundmanager2d.obj
e:\metin2\c++\client\heavenly hope - source\client\mileslib\distribute\soundmanager2d.cod
e:\metin2\c++\client\heavenly hope - source\client\mileslib\distribute\soundmanager.obj
e:\metin2\c++\client\heavenly hope - source\client\mileslib\distribute\soundmanager.cod
e:\metin2\c++\client\heavenly hope - source\client\mileslib\distribute\soundinstancestream.obj
e:\metin2\c++\client\heavenly hope - source\client\mileslib\distribute\soundinstancestream.cod
e:\metin2\c++\client\heavenly hope - source\client\mileslib\distribute\soundinstance3d.obj
e:\metin2\c++\client\heavenly hope - source\client\mileslib\distribute\soundinstance3d.cod
e:\metin2\c++\client\heavenly hope - source\client\mileslib\distribute\soundinstance2d.obj
e:\metin2\c++\client\heavenly hope - source\client\mileslib\distribute\soundinstance2d.cod
e:\metin2\c++\client\heavenly hope - source\client\mileslib\distribute\sounddata.obj
e:\metin2\c++\client\heavenly hope - source\client\mileslib\distribute\sounddata.cod
e:\metin2\c++\client\heavenly hope - source\client\mileslib\distribute\soundbase.obj
e:\metin2\c++\client\heavenly hope - source\client\mileslib\distribute\soundbase.cod
e:\metin2\c++\client\heavenly hope - source\client\mileslib\distribute\mileslib.lib
e:\metin2\c++\client\heavenly hope - source\client\mileslib\.\distribute\mileslib.lib
e:\metin2\c++\client\heavenly hope - source\client\mileslib\distribute\mileslib.tlog\cl.command.1.tlog
e:\metin2\c++\client\heavenly hope - source\client\mileslib\distribute\mileslib.tlog\cl.read.1.tlog
e:\metin2\c++\client\heavenly hope - source\client\mileslib\distribute\mileslib.tlog\cl.read.2.tlog
e:\metin2\c++\client\heavenly hope - source\client\mileslib\distribute\mileslib.tlog\cl.read.3.tlog
e:\metin2\c++\client\heavenly hope - source\client\mileslib\distribute\mileslib.tlog\cl.read.4.tlog
e:\metin2\c++\client\heavenly hope - source\client\mileslib\distribute\mileslib.tlog\cl.read.5.tlog
e:\metin2\c++\client\heavenly hope - source\client\mileslib\distribute\mileslib.tlog\cl.write.1.tlog
e:\metin2\c++\client\heavenly hope - source\client\mileslib\distribute\mileslib.tlog\lib-link.read.1.tlog
e:\metin2\c++\client\heavenly hope - source\client\mileslib\distribute\mileslib.tlog\lib-link.write.1.tlog
e:\metin2\c++\client\heavenly hope - source\client\mileslib\distribute\mileslib.tlog\lib.command.1.tlog
