e:\metin2\c++\client\heavenly hope - source\client\prterrainlib\distribute\prterrainlib.pch
e:\metin2\c++\client\heavenly hope - source\client\prterrainlib\distribute\vc120.pdb
e:\metin2\c++\client\heavenly hope - source\client\prterrainlib\distribute\stdafx.obj
e:\metin2\c++\client\heavenly hope - source\client\prterrainlib\distribute\stdafx.cod
e:\metin2\c++\client\heavenly hope - source\client\prterrainlib\distribute\textureset.obj
e:\metin2\c++\client\heavenly hope - source\client\prterrainlib\distribute\textureset.cod
e:\metin2\c++\client\heavenly hope - source\client\prterrainlib\distribute\terrain.obj
e:\metin2\c++\client\heavenly hope - source\client\prterrainlib\distribute\terrain.cod
e:\metin2\c++\client\heavenly hope - source\client\prterrainlib\distribute\prterrainlib.lib
e:\metin2\c++\client\heavenly hope - source\client\prterrainlib\.\distribute\prterrainlib.lib
e:\metin2\c++\client\heavenly hope - source\client\prterrainlib\distribute\prterrainlib.tlog\cl.command.1.tlog
e:\metin2\c++\client\heavenly hope - source\client\prterrainlib\distribute\prterrainlib.tlog\cl.read.1.tlog
e:\metin2\c++\client\heavenly hope - source\client\prterrainlib\distribute\prterrainlib.tlog\cl.read.2.tlog
e:\metin2\c++\client\heavenly hope - source\client\prterrainlib\distribute\prterrainlib.tlog\cl.read.3.tlog
e:\metin2\c++\client\heavenly hope - source\client\prterrainlib\distribute\prterrainlib.tlog\cl.read.4.tlog
e:\metin2\c++\client\heavenly hope - source\client\prterrainlib\distribute\prterrainlib.tlog\cl.read.5.tlog
e:\metin2\c++\client\heavenly hope - source\client\prterrainlib\distribute\prterrainlib.tlog\cl.write.1.tlog
e:\metin2\c++\client\heavenly hope - source\client\prterrainlib\distribute\prterrainlib.tlog\lib-link.read.1.tlog
e:\metin2\c++\client\heavenly hope - source\client\prterrainlib\distribute\prterrainlib.tlog\lib-link.write.1.tlog
e:\metin2\c++\client\heavenly hope - source\client\prterrainlib\distribute\prterrainlib.tlog\lib.command.1.tlog
