e:\metin2\c++\client\heavenly hope - source\client\etergrnlib\debug\etergrnlib.bsc
e:\metin2\c++\client\heavenly hope - source\client\etergrnlib\debug\etergrnlib.pch
e:\metin2\c++\client\heavenly hope - source\client\etergrnlib\debug\vc120.pdb
e:\metin2\c++\client\heavenly hope - source\client\etergrnlib\debug\stdafx.sbr
e:\metin2\c++\client\heavenly hope - source\client\etergrnlib\debug\stdafx.obj
e:\metin2\c++\client\heavenly hope - source\client\etergrnlib\debug\motion.sbr
e:\metin2\c++\client\heavenly hope - source\client\etergrnlib\debug\motion.obj
e:\metin2\c++\client\heavenly hope - source\client\etergrnlib\debug\modelinstancerender.sbr
e:\metin2\c++\client\heavenly hope - source\client\etergrnlib\debug\modelinstancerender.obj
e:\metin2\c++\client\heavenly hope - source\client\etergrnlib\debug\modelinstancecollisiondetection.sbr
e:\metin2\c++\client\heavenly hope - source\client\etergrnlib\debug\modelinstancecollisiondetection.obj
e:\metin2\c++\client\heavenly hope - source\client\etergrnlib\debug\modelinstancemodel.sbr
e:\metin2\c++\client\heavenly hope - source\client\etergrnlib\debug\modelinstancemodel.obj
e:\metin2\c++\client\heavenly hope - source\client\etergrnlib\debug\mesh.sbr
e:\metin2\c++\client\heavenly hope - source\client\etergrnlib\debug\mesh.obj
e:\metin2\c++\client\heavenly hope - source\client\etergrnlib\debug\model.sbr
e:\metin2\c++\client\heavenly hope - source\client\etergrnlib\debug\model.obj
e:\metin2\c++\client\heavenly hope - source\client\etergrnlib\debug\thing.sbr
e:\metin2\c++\client\heavenly hope - source\client\etergrnlib\debug\thing.obj
e:\metin2\c++\client\heavenly hope - source\client\etergrnlib\debug\modelinstance.sbr
e:\metin2\c++\client\heavenly hope - source\client\etergrnlib\debug\modelinstance.obj
e:\metin2\c++\client\heavenly hope - source\client\etergrnlib\debug\modelinstanceupdate.sbr
e:\metin2\c++\client\heavenly hope - source\client\etergrnlib\debug\modelinstanceupdate.obj
e:\metin2\c++\client\heavenly hope - source\client\etergrnlib\debug\lodcontroller.sbr
e:\metin2\c++\client\heavenly hope - source\client\etergrnlib\debug\lodcontroller.obj
e:\metin2\c++\client\heavenly hope - source\client\etergrnlib\debug\modelinstancemotion.sbr
e:\metin2\c++\client\heavenly hope - source\client\etergrnlib\debug\modelinstancemotion.obj
e:\metin2\c++\client\heavenly hope - source\client\etergrnlib\debug\thinginstance.sbr
e:\metin2\c++\client\heavenly hope - source\client\etergrnlib\debug\thinginstance.obj
e:\metin2\c++\client\heavenly hope - source\client\etergrnlib\debug\material.sbr
e:\metin2\c++\client\heavenly hope - source\client\etergrnlib\debug\material.obj
e:\metin2\c++\client\heavenly hope - source\client\etergrnlib\debug\util.sbr
e:\metin2\c++\client\heavenly hope - source\client\etergrnlib\debug\util.obj
e:\metin2\c++\client\heavenly hope - source\client\etergrnlib\debug\etergrnlib.lib
e:\metin2\c++\client\heavenly hope - source\client\etergrnlib\.\debug\etergrnlib.lib
e:\metin2\c++\client\heavenly hope - source\client\etergrnlib\debug\etergrnlib.tlog\bscmake.command.1.tlog
e:\metin2\c++\client\heavenly hope - source\client\etergrnlib\debug\etergrnlib.tlog\bscmake.read.1.tlog
e:\metin2\c++\client\heavenly hope - source\client\etergrnlib\debug\etergrnlib.tlog\bscmake.write.1.tlog
e:\metin2\c++\client\heavenly hope - source\client\etergrnlib\debug\etergrnlib.tlog\cl.command.1.tlog
e:\metin2\c++\client\heavenly hope - source\client\etergrnlib\debug\etergrnlib.tlog\cl.read.1.tlog
e:\metin2\c++\client\heavenly hope - source\client\etergrnlib\debug\etergrnlib.tlog\cl.write.1.tlog
e:\metin2\c++\client\heavenly hope - source\client\etergrnlib\debug\etergrnlib.tlog\lib-link.23184.read.1.tlog
e:\metin2\c++\client\heavenly hope - source\client\etergrnlib\debug\etergrnlib.tlog\lib-link.23184.write.1.tlog
e:\metin2\c++\client\heavenly hope - source\client\etergrnlib\debug\etergrnlib.tlog\lib.command.1.tlog
