e:\metin2\c++\client\heavenly hope - source\client\gamelib\release\gamelib.pch
e:\metin2\c++\client\heavenly hope - source\client\gamelib\release\vc120.pdb
e:\metin2\c++\client\heavenly hope - source\client\gamelib\release\stdafx.obj
e:\metin2\c++\client\heavenly hope - source\client\gamelib\release\racemanager.obj
e:\metin2\c++\client\heavenly hope - source\client\gamelib\release\racedatafile.obj
e:\metin2\c++\client\heavenly hope - source\client\gamelib\release\racedata.obj
e:\metin2\c++\client\heavenly hope - source\client\gamelib\release\physicsobject.obj
e:\metin2\c++\client\heavenly hope - source\client\gamelib\release\dungeonblock.obj
e:\metin2\c++\client\heavenly hope - source\client\gamelib\release\actorinstanceweapontrace.obj
e:\metin2\c++\client\heavenly hope - source\client\gamelib\release\actorinstancesync.obj
e:\metin2\c++\client\heavenly hope - source\client\gamelib\release\actorinstancerotation.obj
e:\metin2\c++\client\heavenly hope - source\client\gamelib\release\actorinstancerender.obj
e:\metin2\c++\client\heavenly hope - source\client\gamelib\release\actorinstanceposition.obj
e:\metin2\c++\client\heavenly hope - source\client\gamelib\release\actorinstancemotionevent.obj
e:\metin2\c++\client\heavenly hope - source\client\gamelib\release\actorinstancemotion.obj
e:\metin2\c++\client\heavenly hope - source\client\gamelib\release\actorinstancefly.obj
e:\metin2\c++\client\heavenly hope - source\client\gamelib\release\actorinstanceevent.obj
e:\metin2\c++\client\heavenly hope - source\client\gamelib\release\actorinstancedata.obj
e:\metin2\c++\client\heavenly hope - source\client\gamelib\release\actorinstancecollisiondetection.obj
e:\metin2\c++\client\heavenly hope - source\client\gamelib\release\actorinstanceblend.obj
e:\metin2\c++\client\heavenly hope - source\client\gamelib\release\actorinstancebattle.obj
e:\metin2\c++\client\heavenly hope - source\client\gamelib\release\actorinstanceattach.obj
e:\metin2\c++\client\heavenly hope - source\client\gamelib\release\actorinstance.obj
e:\metin2\c++\client\heavenly hope - source\client\gamelib\release\maptype.obj
e:\metin2\c++\client\heavenly hope - source\client\gamelib\release\mapoutdoorwater.obj
e:\metin2\c++\client\heavenly hope - source\client\gamelib\release\mapoutdoorupdate.obj
e:\metin2\c++\client\heavenly hope - source\client\gamelib\release\mapoutdoorrenderstp.obj
e:\metin2\c++\client\heavenly hope - source\client\gamelib\release\mapoutdoorrenderhtp.obj
e:\metin2\c++\client\heavenly hope - source\client\gamelib\release\mapoutdoorrender.obj
e:\metin2\c++\client\heavenly hope - source\client\gamelib\release\mapoutdoorquadtree.obj
e:\metin2\c++\client\heavenly hope - source\client\gamelib\release\mapoutdoorload.obj
e:\metin2\c++\client\heavenly hope - source\client\gamelib\release\mapoutdoorindexbuffer.obj
e:\metin2\c++\client\heavenly hope - source\client\gamelib\release\mapoutdoorcharactershadow.obj
e:\metin2\c++\client\heavenly hope - source\client\gamelib\release\mapoutdoor.obj
e:\metin2\c++\client\heavenly hope - source\client\gamelib\release\mapmanager.obj
e:\metin2\c++\client\heavenly hope - source\client\gamelib\release\mapbase.obj
e:\metin2\c++\client\heavenly hope - source\client\gamelib\release\areaterrain.obj
e:\metin2\c++\client\heavenly hope - source\client\gamelib\release\arealoaderthread.obj
e:\metin2\c++\client\heavenly hope - source\client\gamelib\release\area.obj
e:\metin2\c++\client\heavenly hope - source\client\gamelib\release\weapontrace.obj
e:\metin2\c++\client\heavenly hope - source\client\gamelib\release\rainparticle.obj
e:\metin2\c++\client\heavenly hope - source\client\gamelib\release\rainenvironment.obj
e:\metin2\c++\client\heavenly hope - source\client\gamelib\release\racemotiondata.obj
e:\metin2\c++\client\heavenly hope - source\client\gamelib\release\flytrace.obj
e:\metin2\c++\client\heavenly hope - source\client\gamelib\release\flytarget.obj
e:\metin2\c++\client\heavenly hope - source\client\gamelib\release\flyingobjectmanager.obj
e:\metin2\c++\client\heavenly hope - source\client\gamelib\release\flyinginstance.obj
e:\metin2\c++\client\heavenly hope - source\client\gamelib\release\flyingdata.obj
e:\metin2\c++\client\heavenly hope - source\client\gamelib\release\itemmanager.obj
e:\metin2\c++\client\heavenly hope - source\client\gamelib\release\itemdata.obj
e:\metin2\c++\client\heavenly hope - source\client\gamelib\release\gameutil.obj
e:\metin2\c++\client\heavenly hope - source\client\gamelib\release\gametype.obj
e:\metin2\c++\client\heavenly hope - source\client\gamelib\release\gameeventmanager.obj
e:\metin2\c++\client\heavenly hope - source\client\gamelib\release\terrainquadtree.obj
e:\metin2\c++\client\heavenly hope - source\client\gamelib\release\terrainpatch.obj
e:\metin2\c++\client\heavenly hope - source\client\gamelib\release\terraindecal.obj
e:\metin2\c++\client\heavenly hope - source\client\gamelib\release\snowparticle.obj
e:\metin2\c++\client\heavenly hope - source\client\gamelib\release\snowenvironment.obj
e:\metin2\c++\client\heavenly hope - source\client\gamelib\release\propertymanager.obj
e:\metin2\c++\client\heavenly hope - source\client\gamelib\release\propertyloader.obj
e:\metin2\c++\client\heavenly hope - source\client\gamelib\release\property.obj
e:\metin2\c++\client\heavenly hope - source\client\gamelib\release\monsterareainfo.obj
e:\metin2\c++\client\heavenly hope - source\client\gamelib\release\maputil.obj
e:\metin2\c++\client\heavenly hope - source\client\gamelib\release\gamelib.lib
e:\metin2\c++\client\heavenly hope - source\client\gamelib\.\release\gamelib.lib
e:\metin2\c++\client\heavenly hope - source\client\gamelib\release\gamelib.tlog\cl.command.1.tlog
e:\metin2\c++\client\heavenly hope - source\client\gamelib\release\gamelib.tlog\cl.read.1.tlog
e:\metin2\c++\client\heavenly hope - source\client\gamelib\release\gamelib.tlog\cl.write.1.tlog
e:\metin2\c++\client\heavenly hope - source\client\gamelib\release\gamelib.tlog\lib-link.read.1.tlog
e:\metin2\c++\client\heavenly hope - source\client\gamelib\release\gamelib.tlog\lib-link.write.1.tlog
e:\metin2\c++\client\heavenly hope - source\client\gamelib\release\gamelib.tlog\lib.command.1.tlog
