e:\metin2\c++\client\heavenly hope - source\client\eterpythonlib\release\eterpythonlib.pch
e:\metin2\c++\client\heavenly hope - source\client\eterpythonlib\release\vc120.pdb
e:\metin2\c++\client\heavenly hope - source\client\eterpythonlib\release\stdafx.obj
e:\metin2\c++\client\heavenly hope - source\client\eterpythonlib\release\pythongraphicthingmodule.obj
e:\metin2\c++\client\heavenly hope - source\client\eterpythonlib\release\pythongraphictextmodule.obj
e:\metin2\c++\client\heavenly hope - source\client\eterpythonlib\release\pythongraphicmodule.obj
e:\metin2\c++\client\heavenly hope - source\client\eterpythonlib\release\pythongraphicimagemodule.obj
e:\metin2\c++\client\heavenly hope - source\client\eterpythonlib\release\pythongraphic.obj
e:\metin2\c++\client\heavenly hope - source\client\eterpythonlib\release\pythonwindowmanagermodule.obj
e:\metin2\c++\client\heavenly hope - source\client\eterpythonlib\release\pythonwindowmanager.obj
e:\metin2\c++\client\heavenly hope - source\client\eterpythonlib\release\pythonwindow.obj
e:\metin2\c++\client\heavenly hope - source\client\eterpythonlib\release\pythonslotwindow.obj
e:\metin2\c++\client\heavenly hope - source\client\eterpythonlib\release\pythongridslotwindow.obj
e:\metin2\c++\client\heavenly hope - source\client\eterpythonlib\release\eterpythonlib.lib
e:\metin2\c++\client\heavenly hope - source\client\eterpythonlib\.\release\eterpythonlib.lib
e:\metin2\c++\client\heavenly hope - source\client\eterpythonlib\release\eterpythonlib.tlog\cl.command.1.tlog
e:\metin2\c++\client\heavenly hope - source\client\eterpythonlib\release\eterpythonlib.tlog\cl.read.1.tlog
e:\metin2\c++\client\heavenly hope - source\client\eterpythonlib\release\eterpythonlib.tlog\cl.write.1.tlog
e:\metin2\c++\client\heavenly hope - source\client\eterpythonlib\release\eterpythonlib.tlog\lib-link.read.1.tlog
e:\metin2\c++\client\heavenly hope - source\client\eterpythonlib\release\eterpythonlib.tlog\lib-link.write.1.tlog
e:\metin2\c++\client\heavenly hope - source\client\eterpythonlib\release\eterpythonlib.tlog\lib.command.1.tlog
