e:\metin2\c++\client\heavenly hope - source\client\eterpythonlib\distribute\eterpythonlib.pch
e:\metin2\c++\client\heavenly hope - source\client\eterpythonlib\distribute\vc120.pdb
e:\metin2\c++\client\heavenly hope - source\client\eterpythonlib\distribute\stdafx.obj
e:\metin2\c++\client\heavenly hope - source\client\eterpythonlib\distribute\stdafx.cod
e:\metin2\c++\client\heavenly hope - source\client\eterpythonlib\distribute\pythongraphicthingmodule.obj
e:\metin2\c++\client\heavenly hope - source\client\eterpythonlib\distribute\pythongraphicthingmodule.cod
e:\metin2\c++\client\heavenly hope - source\client\eterpythonlib\distribute\pythongraphictextmodule.obj
e:\metin2\c++\client\heavenly hope - source\client\eterpythonlib\distribute\pythongraphictextmodule.cod
e:\metin2\c++\client\heavenly hope - source\client\eterpythonlib\distribute\pythongraphicmodule.obj
e:\metin2\c++\client\heavenly hope - source\client\eterpythonlib\distribute\pythongraphicmodule.cod
e:\metin2\c++\client\heavenly hope - source\client\eterpythonlib\distribute\pythongraphicimagemodule.obj
e:\metin2\c++\client\heavenly hope - source\client\eterpythonlib\distribute\pythongraphicimagemodule.cod
e:\metin2\c++\client\heavenly hope - source\client\eterpythonlib\distribute\pythongraphic.obj
e:\metin2\c++\client\heavenly hope - source\client\eterpythonlib\distribute\pythongraphic.cod
e:\metin2\c++\client\heavenly hope - source\client\eterpythonlib\distribute\pythonwindowmanagermodule.obj
e:\metin2\c++\client\heavenly hope - source\client\eterpythonlib\distribute\pythonwindowmanagermodule.cod
e:\metin2\c++\client\heavenly hope - source\client\eterpythonlib\distribute\pythonwindowmanager.obj
e:\metin2\c++\client\heavenly hope - source\client\eterpythonlib\distribute\pythonwindowmanager.cod
e:\metin2\c++\client\heavenly hope - source\client\eterpythonlib\distribute\pythonwindow.obj
e:\metin2\c++\client\heavenly hope - source\client\eterpythonlib\distribute\pythonwindow.cod
e:\metin2\c++\client\heavenly hope - source\client\eterpythonlib\distribute\pythonslotwindow.obj
e:\metin2\c++\client\heavenly hope - source\client\eterpythonlib\distribute\pythonslotwindow.cod
e:\metin2\c++\client\heavenly hope - source\client\eterpythonlib\distribute\pythongridslotwindow.obj
e:\metin2\c++\client\heavenly hope - source\client\eterpythonlib\distribute\pythongridslotwindow.cod
e:\metin2\c++\client\heavenly hope - source\client\eterpythonlib\distribute\eterpythonlib.lib
e:\metin2\c++\client\heavenly hope - source\client\eterpythonlib\.\distribute\eterpythonlib.lib
e:\metin2\c++\client\heavenly hope - source\client\eterpythonlib\distribute\eterpythonlib.tlog\cl.command.1.tlog
e:\metin2\c++\client\heavenly hope - source\client\eterpythonlib\distribute\eterpythonlib.tlog\cl.read.1.tlog
e:\metin2\c++\client\heavenly hope - source\client\eterpythonlib\distribute\eterpythonlib.tlog\cl.read.2.tlog
e:\metin2\c++\client\heavenly hope - source\client\eterpythonlib\distribute\eterpythonlib.tlog\cl.read.3.tlog
e:\metin2\c++\client\heavenly hope - source\client\eterpythonlib\distribute\eterpythonlib.tlog\cl.read.4.tlog
e:\metin2\c++\client\heavenly hope - source\client\eterpythonlib\distribute\eterpythonlib.tlog\cl.read.5.tlog
e:\metin2\c++\client\heavenly hope - source\client\eterpythonlib\distribute\eterpythonlib.tlog\cl.write.1.tlog
e:\metin2\c++\client\heavenly hope - source\client\eterpythonlib\distribute\eterpythonlib.tlog\lib-link.read.1.tlog
e:\metin2\c++\client\heavenly hope - source\client\eterpythonlib\distribute\eterpythonlib.tlog\lib-link.write.1.tlog
e:\metin2\c++\client\heavenly hope - source\client\eterpythonlib\distribute\eterpythonlib.tlog\lib.command.1.tlog
