e:\metin2\c++\client\heavenly hope - source\client\effectlib\release\effectlib.pch
e:\metin2\c++\client\heavenly hope - source\client\effectlib\release\vc120.pdb
e:\metin2\c++\client\heavenly hope - source\client\effectlib\release\stdafx.obj
e:\metin2\c++\client\heavenly hope - source\client\effectlib\release\type.obj
e:\metin2\c++\client\heavenly hope - source\client\effectlib\release\simplelightinstance.obj
e:\metin2\c++\client\heavenly hope - source\client\effectlib\release\simplelightdata.obj
e:\metin2\c++\client\heavenly hope - source\client\effectlib\release\particlesysteminstance.obj
e:\metin2\c++\client\heavenly hope - source\client\effectlib\release\particlesystemdata.obj
e:\metin2\c++\client\heavenly hope - source\client\effectlib\release\particleproperty.obj
e:\metin2\c++\client\heavenly hope - source\client\effectlib\release\particleinstance.obj
e:\metin2\c++\client\heavenly hope - source\client\effectlib\release\framecontroller.obj
e:\metin2\c++\client\heavenly hope - source\client\effectlib\release\emitterproperty.obj
e:\metin2\c++\client\heavenly hope - source\client\effectlib\release\effectupdatedecorator.obj
e:\metin2\c++\client\heavenly hope - source\client\effectlib\release\effectmeshinstance.obj
e:\metin2\c++\client\heavenly hope - source\client\effectlib\release\effectmesh.obj
e:\metin2\c++\client\heavenly hope - source\client\effectlib\release\effectmanager.obj
e:\metin2\c++\client\heavenly hope - source\client\effectlib\release\effectinstance.obj
e:\metin2\c++\client\heavenly hope - source\client\effectlib\release\effectelementbaseinstance.obj
e:\metin2\c++\client\heavenly hope - source\client\effectlib\release\effectelementbase.obj
e:\metin2\c++\client\heavenly hope - source\client\effectlib\release\effectdata.obj
e:\metin2\c++\client\heavenly hope - source\client\effectlib\release\effectlib.lib
e:\metin2\c++\client\heavenly hope - source\client\effectlib\.\release\effectlib.lib
e:\metin2\c++\client\heavenly hope - source\client\effectlib\release\effectlib.tlog\cl.command.1.tlog
e:\metin2\c++\client\heavenly hope - source\client\effectlib\release\effectlib.tlog\cl.read.1.tlog
e:\metin2\c++\client\heavenly hope - source\client\effectlib\release\effectlib.tlog\cl.write.1.tlog
e:\metin2\c++\client\heavenly hope - source\client\effectlib\release\effectlib.tlog\lib-link.read.1.tlog
e:\metin2\c++\client\heavenly hope - source\client\effectlib\release\effectlib.tlog\lib-link.write.1.tlog
e:\metin2\c++\client\heavenly hope - source\client\effectlib\release\effectlib.tlog\lib.command.1.tlog
