e:\metin2\c++\client\heavenly hope - source\client\eterbase\release\vc120.pdb
e:\metin2\c++\client\heavenly hope - source\client\eterbase\release\timer.obj
e:\metin2\c++\client\heavenly hope - source\client\eterbase\release\tempfile.obj
e:\metin2\c++\client\heavenly hope - source\client\eterbase\release\tea.obj
e:\metin2\c++\client\heavenly hope - source\client\eterbase\release\stl.obj
e:\metin2\c++\client\heavenly hope - source\client\eterbase\release\stdafx.obj
e:\metin2\c++\client\heavenly hope - source\client\eterbase\release\random.obj
e:\metin2\c++\client\heavenly hope - source\client\eterbase\release\mappedfile.obj
e:\metin2\c++\client\heavenly hope - source\client\eterbase\release\lzo.obj
e:\metin2\c++\client\heavenly hope - source\client\eterbase\release\fileloader.obj
e:\metin2\c++\client\heavenly hope - source\client\eterbase\release\filedir.obj
e:\metin2\c++\client\heavenly hope - source\client\eterbase\release\filebase.obj
e:\metin2\c++\client\heavenly hope - source\client\eterbase\release\error.obj
e:\metin2\c++\client\heavenly hope - source\client\eterbase\release\debug.obj
e:\metin2\c++\client\heavenly hope - source\client\eterbase\release\crc32.obj
e:\metin2\c++\client\heavenly hope - source\client\eterbase\release\cpostit.obj
e:\metin2\c++\client\heavenly hope - source\client\eterbase\release\cipher.obj
e:\metin2\c++\client\heavenly hope - source\client\eterbase\release\symtable.obj
e:\metin2\c++\client\heavenly hope - source\client\eterbase\release\symbol.obj
e:\metin2\c++\client\heavenly hope - source\client\eterbase\release\poly.obj
e:\metin2\c++\client\heavenly hope - source\client\eterbase\release\base.obj
e:\metin2\c++\client\heavenly hope - source\client\eterbase\release\utils.obj
e:\metin2\c++\client\heavenly hope - source\client\eterbase\release\eterbase.lib
e:\metin2\c++\client\heavenly hope - source\client\eterbase\.\release\eterbase.lib
e:\metin2\c++\client\heavenly hope - source\client\eterbase\release\eterbase.tlog\cl.command.1.tlog
e:\metin2\c++\client\heavenly hope - source\client\eterbase\release\eterbase.tlog\cl.read.1.tlog
e:\metin2\c++\client\heavenly hope - source\client\eterbase\release\eterbase.tlog\cl.write.1.tlog
e:\metin2\c++\client\heavenly hope - source\client\eterbase\release\eterbase.tlog\lib-link.read.1.tlog
e:\metin2\c++\client\heavenly hope - source\client\eterbase\release\eterbase.tlog\lib-link.write.1.tlog
e:\metin2\c++\client\heavenly hope - source\client\eterbase\release\eterbase.tlog\lib.command.1.tlog
