e:\metin2\c++\client\heavenly hope - source\client\eterbase\distribute\vc120.pdb
e:\metin2\c++\client\heavenly hope - source\client\eterbase\distribute\timer.obj
e:\metin2\c++\client\heavenly hope - source\client\eterbase\distribute\timer.cod
e:\metin2\c++\client\heavenly hope - source\client\eterbase\distribute\tempfile.obj
e:\metin2\c++\client\heavenly hope - source\client\eterbase\distribute\tempfile.cod
e:\metin2\c++\client\heavenly hope - source\client\eterbase\distribute\tea.obj
e:\metin2\c++\client\heavenly hope - source\client\eterbase\distribute\tea.cod
e:\metin2\c++\client\heavenly hope - source\client\eterbase\distribute\stl.obj
e:\metin2\c++\client\heavenly hope - source\client\eterbase\distribute\stl.cod
e:\metin2\c++\client\heavenly hope - source\client\eterbase\distribute\stdafx.obj
e:\metin2\c++\client\heavenly hope - source\client\eterbase\distribute\stdafx.cod
e:\metin2\c++\client\heavenly hope - source\client\eterbase\distribute\random.obj
e:\metin2\c++\client\heavenly hope - source\client\eterbase\distribute\random.cod
e:\metin2\c++\client\heavenly hope - source\client\eterbase\distribute\mappedfile.obj
e:\metin2\c++\client\heavenly hope - source\client\eterbase\distribute\mappedfile.cod
e:\metin2\c++\client\heavenly hope - source\client\eterbase\distribute\lzo.obj
e:\metin2\c++\client\heavenly hope - source\client\eterbase\distribute\lzo.cod
e:\metin2\c++\client\heavenly hope - source\client\eterbase\distribute\fileloader.obj
e:\metin2\c++\client\heavenly hope - source\client\eterbase\distribute\fileloader.cod
e:\metin2\c++\client\heavenly hope - source\client\eterbase\distribute\filedir.obj
e:\metin2\c++\client\heavenly hope - source\client\eterbase\distribute\filedir.cod
e:\metin2\c++\client\heavenly hope - source\client\eterbase\distribute\filebase.obj
e:\metin2\c++\client\heavenly hope - source\client\eterbase\distribute\filebase.cod
e:\metin2\c++\client\heavenly hope - source\client\eterbase\distribute\error.obj
e:\metin2\c++\client\heavenly hope - source\client\eterbase\distribute\error.cod
e:\metin2\c++\client\heavenly hope - source\client\eterbase\distribute\debug.obj
e:\metin2\c++\client\heavenly hope - source\client\eterbase\distribute\debug.cod
e:\metin2\c++\client\heavenly hope - source\client\eterbase\distribute\crc32.obj
e:\metin2\c++\client\heavenly hope - source\client\eterbase\distribute\crc32.cod
e:\metin2\c++\client\heavenly hope - source\client\eterbase\distribute\cpostit.obj
e:\metin2\c++\client\heavenly hope - source\client\eterbase\distribute\cpostit.cod
e:\metin2\c++\client\heavenly hope - source\client\eterbase\distribute\cipher.obj
e:\metin2\c++\client\heavenly hope - source\client\eterbase\distribute\cipher.cod
e:\metin2\c++\client\heavenly hope - source\client\eterbase\distribute\symtable.obj
e:\metin2\c++\client\heavenly hope - source\client\eterbase\distribute\symtable.cod
e:\metin2\c++\client\heavenly hope - source\client\eterbase\distribute\symbol.obj
e:\metin2\c++\client\heavenly hope - source\client\eterbase\distribute\symbol.cod
e:\metin2\c++\client\heavenly hope - source\client\eterbase\distribute\poly.obj
e:\metin2\c++\client\heavenly hope - source\client\eterbase\distribute\poly.cod
e:\metin2\c++\client\heavenly hope - source\client\eterbase\distribute\base.obj
e:\metin2\c++\client\heavenly hope - source\client\eterbase\distribute\base.cod
e:\metin2\c++\client\heavenly hope - source\client\eterbase\distribute\utils.obj
e:\metin2\c++\client\heavenly hope - source\client\eterbase\distribute\utils.cod
e:\metin2\c++\client\heavenly hope - source\client\eterbase\distribute\eterbase.lib
e:\metin2\c++\client\heavenly hope - source\client\eterbase\.\distribute\eterbase.lib
e:\metin2\c++\client\heavenly hope - source\client\eterbase\distribute\eterbase.tlog\cl.command.1.tlog
e:\metin2\c++\client\heavenly hope - source\client\eterbase\distribute\eterbase.tlog\cl.read.1.tlog
e:\metin2\c++\client\heavenly hope - source\client\eterbase\distribute\eterbase.tlog\cl.read.2.tlog
e:\metin2\c++\client\heavenly hope - source\client\eterbase\distribute\eterbase.tlog\cl.read.3.tlog
e:\metin2\c++\client\heavenly hope - source\client\eterbase\distribute\eterbase.tlog\cl.read.4.tlog
e:\metin2\c++\client\heavenly hope - source\client\eterbase\distribute\eterbase.tlog\cl.read.5.tlog
e:\metin2\c++\client\heavenly hope - source\client\eterbase\distribute\eterbase.tlog\cl.write.1.tlog
e:\metin2\c++\client\heavenly hope - source\client\eterbase\distribute\eterbase.tlog\lib-link.read.1.tlog
e:\metin2\c++\client\heavenly hope - source\client\eterbase\distribute\eterbase.tlog\lib-link.write.1.tlog
e:\metin2\c++\client\heavenly hope - source\client\eterbase\distribute\eterbase.tlog\lib.command.1.tlog
