e:\metin2\c++\client\heavenly hope - source\client\effectlib\distribute\effectlib.pch
e:\metin2\c++\client\heavenly hope - source\client\effectlib\distribute\vc120.pdb
e:\metin2\c++\client\heavenly hope - source\client\effectlib\distribute\stdafx.obj
e:\metin2\c++\client\heavenly hope - source\client\effectlib\distribute\stdafx.cod
e:\metin2\c++\client\heavenly hope - source\client\effectlib\distribute\type.obj
e:\metin2\c++\client\heavenly hope - source\client\effectlib\distribute\type.cod
e:\metin2\c++\client\heavenly hope - source\client\effectlib\distribute\simplelightinstance.obj
e:\metin2\c++\client\heavenly hope - source\client\effectlib\distribute\simplelightinstance.cod
e:\metin2\c++\client\heavenly hope - source\client\effectlib\distribute\simplelightdata.obj
e:\metin2\c++\client\heavenly hope - source\client\effectlib\distribute\simplelightdata.cod
e:\metin2\c++\client\heavenly hope - source\client\effectlib\distribute\particlesysteminstance.obj
e:\metin2\c++\client\heavenly hope - source\client\effectlib\distribute\particlesysteminstance.cod
e:\metin2\c++\client\heavenly hope - source\client\effectlib\distribute\particlesystemdata.obj
e:\metin2\c++\client\heavenly hope - source\client\effectlib\distribute\particlesystemdata.cod
e:\metin2\c++\client\heavenly hope - source\client\effectlib\distribute\particleproperty.obj
e:\metin2\c++\client\heavenly hope - source\client\effectlib\distribute\particleproperty.cod
e:\metin2\c++\client\heavenly hope - source\client\effectlib\distribute\particleinstance.obj
e:\metin2\c++\client\heavenly hope - source\client\effectlib\distribute\particleinstance.cod
e:\metin2\c++\client\heavenly hope - source\client\effectlib\distribute\framecontroller.obj
e:\metin2\c++\client\heavenly hope - source\client\effectlib\distribute\framecontroller.cod
e:\metin2\c++\client\heavenly hope - source\client\effectlib\distribute\emitterproperty.obj
e:\metin2\c++\client\heavenly hope - source\client\effectlib\distribute\emitterproperty.cod
e:\metin2\c++\client\heavenly hope - source\client\effectlib\distribute\effectupdatedecorator.obj
e:\metin2\c++\client\heavenly hope - source\client\effectlib\distribute\effectupdatedecorator.cod
e:\metin2\c++\client\heavenly hope - source\client\effectlib\distribute\effectmeshinstance.obj
e:\metin2\c++\client\heavenly hope - source\client\effectlib\distribute\effectmeshinstance.cod
e:\metin2\c++\client\heavenly hope - source\client\effectlib\distribute\effectmesh.obj
e:\metin2\c++\client\heavenly hope - source\client\effectlib\distribute\effectmesh.cod
e:\metin2\c++\client\heavenly hope - source\client\effectlib\distribute\effectmanager.obj
e:\metin2\c++\client\heavenly hope - source\client\effectlib\distribute\effectmanager.cod
e:\metin2\c++\client\heavenly hope - source\client\effectlib\distribute\effectinstance.obj
e:\metin2\c++\client\heavenly hope - source\client\effectlib\distribute\effectinstance.cod
e:\metin2\c++\client\heavenly hope - source\client\effectlib\distribute\effectelementbaseinstance.obj
e:\metin2\c++\client\heavenly hope - source\client\effectlib\distribute\effectelementbaseinstance.cod
e:\metin2\c++\client\heavenly hope - source\client\effectlib\distribute\effectelementbase.obj
e:\metin2\c++\client\heavenly hope - source\client\effectlib\distribute\effectelementbase.cod
e:\metin2\c++\client\heavenly hope - source\client\effectlib\distribute\effectdata.obj
e:\metin2\c++\client\heavenly hope - source\client\effectlib\distribute\effectdata.cod
e:\metin2\c++\client\heavenly hope - source\client\effectlib\distribute\effectlib.lib
e:\metin2\c++\client\heavenly hope - source\client\effectlib\.\distribute\effectlib.lib
e:\metin2\c++\client\heavenly hope - source\client\effectlib\distribute\effectlib.tlog\cl.command.1.tlog
e:\metin2\c++\client\heavenly hope - source\client\effectlib\distribute\effectlib.tlog\cl.read.1.tlog
e:\metin2\c++\client\heavenly hope - source\client\effectlib\distribute\effectlib.tlog\cl.read.2.tlog
e:\metin2\c++\client\heavenly hope - source\client\effectlib\distribute\effectlib.tlog\cl.read.3.tlog
e:\metin2\c++\client\heavenly hope - source\client\effectlib\distribute\effectlib.tlog\cl.read.4.tlog
e:\metin2\c++\client\heavenly hope - source\client\effectlib\distribute\effectlib.tlog\cl.read.5.tlog
e:\metin2\c++\client\heavenly hope - source\client\effectlib\distribute\effectlib.tlog\cl.write.1.tlog
e:\metin2\c++\client\heavenly hope - source\client\effectlib\distribute\effectlib.tlog\lib-link.read.1.tlog
e:\metin2\c++\client\heavenly hope - source\client\effectlib\distribute\effectlib.tlog\lib-link.write.1.tlog
e:\metin2\c++\client\heavenly hope - source\client\effectlib\distribute\effectlib.tlog\lib.command.1.tlog
