e:\metin2\c++\client\heavenly hope - source\client\eterbase\debug\vc120.pdb
e:\metin2\c++\client\heavenly hope - source\client\eterbase\debug\timer.obj
e:\metin2\c++\client\heavenly hope - source\client\eterbase\debug\tempfile.obj
e:\metin2\c++\client\heavenly hope - source\client\eterbase\debug\tea.obj
e:\metin2\c++\client\heavenly hope - source\client\eterbase\debug\stl.obj
e:\metin2\c++\client\heavenly hope - source\client\eterbase\debug\stdafx.obj
e:\metin2\c++\client\heavenly hope - source\client\eterbase\debug\random.obj
e:\metin2\c++\client\heavenly hope - source\client\eterbase\debug\mappedfile.obj
e:\metin2\c++\client\heavenly hope - source\client\eterbase\debug\lzo.obj
e:\metin2\c++\client\heavenly hope - source\client\eterbase\debug\fileloader.obj
e:\metin2\c++\client\heavenly hope - source\client\eterbase\debug\filedir.obj
e:\metin2\c++\client\heavenly hope - source\client\eterbase\debug\filebase.obj
e:\metin2\c++\client\heavenly hope - source\client\eterbase\debug\error.obj
e:\metin2\c++\client\heavenly hope - source\client\eterbase\debug\debug.obj
e:\metin2\c++\client\heavenly hope - source\client\eterbase\debug\crc32.obj
e:\metin2\c++\client\heavenly hope - source\client\eterbase\debug\cpostit.obj
e:\metin2\c++\client\heavenly hope - source\client\eterbase\debug\cipher.obj
e:\metin2\c++\client\heavenly hope - source\client\eterbase\debug\symtable.obj
e:\metin2\c++\client\heavenly hope - source\client\eterbase\debug\symbol.obj
e:\metin2\c++\client\heavenly hope - source\client\eterbase\debug\poly.obj
e:\metin2\c++\client\heavenly hope - source\client\eterbase\debug\base.obj
e:\metin2\c++\client\heavenly hope - source\client\eterbase\debug\utils.obj
e:\metin2\c++\client\heavenly hope - source\client\eterbase\debug\eterbase.lib
e:\metin2\c++\client\heavenly hope - source\client\eterbase\.\debug\eterbase.lib
e:\metin2\c++\client\heavenly hope - source\client\eterbase\debug\eterbase.tlog\cl.command.1.tlog
e:\metin2\c++\client\heavenly hope - source\client\eterbase\debug\eterbase.tlog\cl.read.1.tlog
e:\metin2\c++\client\heavenly hope - source\client\eterbase\debug\eterbase.tlog\cl.write.1.tlog
e:\metin2\c++\client\heavenly hope - source\client\eterbase\debug\eterbase.tlog\lib-link.read.1.tlog
e:\metin2\c++\client\heavenly hope - source\client\eterbase\debug\eterbase.tlog\lib-link.write.1.tlog
e:\metin2\c++\client\heavenly hope - source\client\eterbase\debug\eterbase.tlog\lib.command.1.tlog
