e:\metin2\c++\client\heavenly hope - source\client\eterlocale\distribute\eterlocale.pch
e:\metin2\c++\client\heavenly hope - source\client\eterlocale\distribute\vc120.pdb
e:\metin2\c++\client\heavenly hope - source\client\eterlocale\distribute\stdafx.obj
e:\metin2\c++\client\heavenly hope - source\client\eterlocale\distribute\stdafx.cod
e:\metin2\c++\client\heavenly hope - source\client\eterlocale\distribute\stringcodec_vietnamese.obj
e:\metin2\c++\client\heavenly hope - source\client\eterlocale\distribute\stringcodec_vietnamese.cod
e:\metin2\c++\client\heavenly hope - source\client\eterlocale\distribute\stringcodec.obj
e:\metin2\c++\client\heavenly hope - source\client\eterlocale\distribute\stringcodec.cod
e:\metin2\c++\client\heavenly hope - source\client\eterlocale\distribute\japanese.obj
e:\metin2\c++\client\heavenly hope - source\client\eterlocale\distribute\japanese.cod
e:\metin2\c++\client\heavenly hope - source\client\eterlocale\distribute\arabic.obj
e:\metin2\c++\client\heavenly hope - source\client\eterlocale\distribute\arabic.cod
e:\metin2\c++\client\heavenly hope - source\client\eterlocale\distribute\eterlocale.lib
e:\metin2\c++\client\heavenly hope - source\client\eterlocale\.\distribute\eterlocale.lib
e:\metin2\c++\client\heavenly hope - source\client\eterlocale\distribute\eterlocale.tlog\cl.command.1.tlog
e:\metin2\c++\client\heavenly hope - source\client\eterlocale\distribute\eterlocale.tlog\cl.read.1.tlog
e:\metin2\c++\client\heavenly hope - source\client\eterlocale\distribute\eterlocale.tlog\cl.read.2.tlog
e:\metin2\c++\client\heavenly hope - source\client\eterlocale\distribute\eterlocale.tlog\cl.read.3.tlog
e:\metin2\c++\client\heavenly hope - source\client\eterlocale\distribute\eterlocale.tlog\cl.read.4.tlog
e:\metin2\c++\client\heavenly hope - source\client\eterlocale\distribute\eterlocale.tlog\cl.read.5.tlog
e:\metin2\c++\client\heavenly hope - source\client\eterlocale\distribute\eterlocale.tlog\cl.write.1.tlog
e:\metin2\c++\client\heavenly hope - source\client\eterlocale\distribute\eterlocale.tlog\lib-link.read.1.tlog
e:\metin2\c++\client\heavenly hope - source\client\eterlocale\distribute\eterlocale.tlog\lib-link.write.1.tlog
e:\metin2\c++\client\heavenly hope - source\client\eterlocale\distribute\eterlocale.tlog\lib.command.1.tlog
