e:\metin2\c++\client\heavenly hope - source\client\prterrainlib\debug\prterrainlib.bsc
e:\metin2\c++\client\heavenly hope - source\client\prterrainlib\debug\prterrainlib.pch
e:\metin2\c++\client\heavenly hope - source\client\prterrainlib\debug\vc120.pdb
e:\metin2\c++\client\heavenly hope - source\client\prterrainlib\debug\stdafx.sbr
e:\metin2\c++\client\heavenly hope - source\client\prterrainlib\debug\stdafx.obj
e:\metin2\c++\client\heavenly hope - source\client\prterrainlib\debug\terrain.sbr
e:\metin2\c++\client\heavenly hope - source\client\prterrainlib\debug\textureset.sbr
e:\metin2\c++\client\heavenly hope - source\client\prterrainlib\debug\textureset.obj
e:\metin2\c++\client\heavenly hope - source\client\prterrainlib\debug\terrain.obj
e:\metin2\c++\client\heavenly hope - source\client\prterrainlib\debug\prterrainlib.lib
e:\metin2\c++\client\heavenly hope - source\client\prterrainlib\.\debug\prterrainlib.lib
e:\metin2\c++\client\heavenly hope - source\client\prterrainlib\debug\prterrainlib.tlog\bscmake.command.1.tlog
e:\metin2\c++\client\heavenly hope - source\client\prterrainlib\debug\prterrainlib.tlog\bscmake.read.1.tlog
e:\metin2\c++\client\heavenly hope - source\client\prterrainlib\debug\prterrainlib.tlog\bscmake.write.1.tlog
e:\metin2\c++\client\heavenly hope - source\client\prterrainlib\debug\prterrainlib.tlog\cl.command.1.tlog
e:\metin2\c++\client\heavenly hope - source\client\prterrainlib\debug\prterrainlib.tlog\cl.read.1.tlog
e:\metin2\c++\client\heavenly hope - source\client\prterrainlib\debug\prterrainlib.tlog\cl.write.1.tlog
e:\metin2\c++\client\heavenly hope - source\client\prterrainlib\debug\prterrainlib.tlog\lib-link.read.1.tlog
e:\metin2\c++\client\heavenly hope - source\client\prterrainlib\debug\prterrainlib.tlog\lib-link.write.1.tlog
e:\metin2\c++\client\heavenly hope - source\client\prterrainlib\debug\prterrainlib.tlog\lib.command.1.tlog
