e:\metin2\c++\client\heavenly hope - source\client\effectlib\debug\effectlib.bsc
e:\metin2\c++\client\heavenly hope - source\client\effectlib\debug\effectlib.pch
e:\metin2\c++\client\heavenly hope - source\client\effectlib\debug\vc120.pdb
e:\metin2\c++\client\heavenly hope - source\client\effectlib\debug\stdafx.sbr
e:\metin2\c++\client\heavenly hope - source\client\effectlib\debug\stdafx.obj
e:\metin2\c++\client\heavenly hope - source\client\effectlib\debug\effectdata.sbr
e:\metin2\c++\client\heavenly hope - source\client\effectlib\debug\effectelementbase.sbr
e:\metin2\c++\client\heavenly hope - source\client\effectlib\debug\effectelementbaseinstance.sbr
e:\metin2\c++\client\heavenly hope - source\client\effectlib\debug\effectinstance.sbr
e:\metin2\c++\client\heavenly hope - source\client\effectlib\debug\effectmanager.sbr
e:\metin2\c++\client\heavenly hope - source\client\effectlib\debug\effectmesh.sbr
e:\metin2\c++\client\heavenly hope - source\client\effectlib\debug\effectmeshinstance.sbr
e:\metin2\c++\client\heavenly hope - source\client\effectlib\debug\effectupdatedecorator.sbr
e:\metin2\c++\client\heavenly hope - source\client\effectlib\debug\emitterproperty.sbr
e:\metin2\c++\client\heavenly hope - source\client\effectlib\debug\framecontroller.sbr
e:\metin2\c++\client\heavenly hope - source\client\effectlib\debug\particleinstance.sbr
e:\metin2\c++\client\heavenly hope - source\client\effectlib\debug\particleproperty.sbr
e:\metin2\c++\client\heavenly hope - source\client\effectlib\debug\particlesystemdata.sbr
e:\metin2\c++\client\heavenly hope - source\client\effectlib\debug\particlesysteminstance.sbr
e:\metin2\c++\client\heavenly hope - source\client\effectlib\debug\simplelightdata.sbr
e:\metin2\c++\client\heavenly hope - source\client\effectlib\debug\simplelightinstance.sbr
e:\metin2\c++\client\heavenly hope - source\client\effectlib\debug\type.sbr
e:\metin2\c++\client\heavenly hope - source\client\effectlib\debug\type.obj
e:\metin2\c++\client\heavenly hope - source\client\effectlib\debug\simplelightinstance.obj
e:\metin2\c++\client\heavenly hope - source\client\effectlib\debug\simplelightdata.obj
e:\metin2\c++\client\heavenly hope - source\client\effectlib\debug\particlesysteminstance.obj
e:\metin2\c++\client\heavenly hope - source\client\effectlib\debug\particlesystemdata.obj
e:\metin2\c++\client\heavenly hope - source\client\effectlib\debug\particleproperty.obj
e:\metin2\c++\client\heavenly hope - source\client\effectlib\debug\particleinstance.obj
e:\metin2\c++\client\heavenly hope - source\client\effectlib\debug\framecontroller.obj
e:\metin2\c++\client\heavenly hope - source\client\effectlib\debug\emitterproperty.obj
e:\metin2\c++\client\heavenly hope - source\client\effectlib\debug\effectupdatedecorator.obj
e:\metin2\c++\client\heavenly hope - source\client\effectlib\debug\effectmeshinstance.obj
e:\metin2\c++\client\heavenly hope - source\client\effectlib\debug\effectmesh.obj
e:\metin2\c++\client\heavenly hope - source\client\effectlib\debug\effectmanager.obj
e:\metin2\c++\client\heavenly hope - source\client\effectlib\debug\effectinstance.obj
e:\metin2\c++\client\heavenly hope - source\client\effectlib\debug\effectelementbaseinstance.obj
e:\metin2\c++\client\heavenly hope - source\client\effectlib\debug\effectelementbase.obj
e:\metin2\c++\client\heavenly hope - source\client\effectlib\debug\effectdata.obj
e:\metin2\c++\client\heavenly hope - source\client\effectlib\debug\effectlib.lib
e:\metin2\c++\client\heavenly hope - source\client\effectlib\.\debug\effectlib.lib
e:\metin2\c++\client\heavenly hope - source\client\effectlib\debug\effectlib.tlog\bscmake.command.1.tlog
e:\metin2\c++\client\heavenly hope - source\client\effectlib\debug\effectlib.tlog\bscmake.read.1.tlog
e:\metin2\c++\client\heavenly hope - source\client\effectlib\debug\effectlib.tlog\bscmake.write.1.tlog
e:\metin2\c++\client\heavenly hope - source\client\effectlib\debug\effectlib.tlog\cl.command.1.tlog
e:\metin2\c++\client\heavenly hope - source\client\effectlib\debug\effectlib.tlog\cl.read.1.tlog
e:\metin2\c++\client\heavenly hope - source\client\effectlib\debug\effectlib.tlog\cl.write.1.tlog
e:\metin2\c++\client\heavenly hope - source\client\effectlib\debug\effectlib.tlog\lib-link.read.1.tlog
e:\metin2\c++\client\heavenly hope - source\client\effectlib\debug\effectlib.tlog\lib-link.write.1.tlog
e:\metin2\c++\client\heavenly hope - source\client\effectlib\debug\effectlib.tlog\lib.command.1.tlog
